# JRE version: OpenJDK Runtime Environment Temurin-17.0.12+7 (17.0.12+7) (build 17.0.12+7)
# Java VM: OpenJDK 64-Bit Server VM Temurin-17.0.12+7 (17.0.12+7, mixed mode, tiered, compressed oops, compressed class ptrs, parallel gc, windows-amd64)
GC Precious Log:
 CPUs: 4 total, 4 available
 Memory: 3999M
 Large Page Support: Disabled
 NUMA Support: Disabled
 Compressed Oops: Enabled (32-bit)
 Alignments: Space 512K, Generation 512K, Heap 2M
 Heap Min Capacity: 100M
 Heap Initial Capacity: 100M
 Heap Max Capacity: 1G
 Pre-touch: Disabled
 Parallel Workers: 4
Heap:
 PSYoungGen      total 17408K, used 13205K [0x00000000eab00000, 0x00000000ec080000, 0x0000000100000000)
  eden space 15872K, 73% used [0x00000000eab00000,0x00000000eb668a28,0x00000000eba80000)
  from space 1536K, 99% used [0x00000000ebc80000,0x00000000ebdfcb88,0x00000000ebe00000)
  to   space 2560K, 0% used [0x00000000ebe00000,0x00000000ebe00000,0x00000000ec080000)
 ParOldGen       total 68608K, used 38001K [0x00000000c0000000, 0x00000000c4300000, 0x00000000eab00000)
  object space 68608K, 55% used [0x00000000c0000000,0x00000000c251c638,0x00000000c4300000)
 Metaspace       used 53215K, committed 54080K, reserved 1114112K
  class space    used 5646K, committed 6016K, reserved 1048576K
GC Heap History (20 events):
Event: 89.731 GC heap before
{Heap before GC invocations=20 (full 2):
 PSYoungGen      total 18944K, used 17928K [0x00000000eab00000, 0x00000000ec280000, 0x0000000100000000)
  eden space 15872K, 100% used [0x00000000eab00000,0x00000000eba80000,0x00000000eba80000)
  from space 3072K, 66% used [0x00000000ebc80000,0x00000000ebe822b0,0x00000000ebf80000)
  to   space 2560K, 0% used [0x00000000ec000000,0x00000000ec000000,0x00000000ec280000)
 ParOldGen       total 68608K, used 29618K [0x00000000c0000000, 0x00000000c4300000, 0x00000000eab00000)
  object space 68608K, 43% used [0x00000000c0000000,0x00000000c1ceca90,0x00000000c4300000)
 Metaspace       used 38476K, committed 39232K, reserved 1114112K
  class space    used 3839K, committed 4160K, reserved 1048576K
}
Event: 89.733 GC heap after
{Heap after GC invocations=20 (full 2):
 PSYoungGen      total 16384K, used 450K [0x00000000eab00000, 0x00000000ec080000, 0x0000000100000000)
  eden space 15872K, 0% used [0x00000000eab00000,0x00000000eab00000,0x00000000eba80000)
  from space 512K, 87% used [0x00000000ec000000,0x00000000ec070a08,0x00000000ec080000)
  to   space 1536K, 0% used [0x00000000ebd80000,0x00000000ebd80000,0x00000000ebf00000)
 ParOldGen       total 68608K, used 31495K [0x00000000c0000000, 0x00000000c4300000, 0x00000000eab00000)
  object space 68608K, 45% used [0x00000000c0000000,0x00000000c1ec1ca0,0x00000000c4300000)
 Metaspace       used 38476K, committed 39232K, reserved 1114112K
  class space    used 3839K, committed 4160K, reserved 1048576K
}
Event: 91.323 GC heap before
{Heap before GC invocations=21 (full 2):
 PSYoungGen      total 16384K, used 16322K [0x00000000eab00000, 0x00000000ec080000, 0x0000000100000000)
  eden space 15872K, 100% used [0x00000000eab00000,0x00000000eba80000,0x00000000eba80000)
  from space 512K, 87% used [0x00000000ec000000,0x00000000ec070a08,0x00000000ec080000)
  to   space 1536K, 0% used [0x00000000ebd80000,0x00000000ebd80000,0x00000000ebf00000)
 ParOldGen       total 68608K, used 31495K [0x00000000c0000000, 0x00000000c4300000, 0x00000000eab00000)
  object space 68608K, 45% used [0x00000000c0000000,0x00000000c1ec1ca0,0x00000000c4300000)
 Metaspace       used 40103K, committed 40896K, reserved 1114112K
  class space    used 4022K, committed 4352K, reserved 1048576K
}
Event: 91.326 GC heap after
{Heap after GC invocations=21 (full 2):
 PSYoungGen      total 17408K, used 735K [0x00000000eab00000, 0x00000000ec080000, 0x0000000100000000)
  eden space 15872K, 0% used [0x00000000eab00000,0x00000000eab00000,0x00000000eba80000)
  from space 1536K, 47% used [0x00000000ebd80000,0x00000000ebe37f88,0x00000000ebf00000)
  to   space 1024K, 0% used [0x00000000ebf80000,0x00000000ebf80000,0x00000000ec080000)
 ParOldGen       total 68608K, used 31703K [0x00000000c0000000, 0x00000000c4300000, 0x00000000eab00000)
  object space 68608K, 46% used [0x00000000c0000000,0x00000000c1ef5ce0,0x00000000c4300000)
 Metaspace       used 40103K, committed 40896K, reserved 1114112K
  class space    used 4022K, committed 4352K, reserved 1048576K
}
Event: 92.315 GC heap before
{Heap before GC invocations=22 (full 2):
 PSYoungGen      total 17408K, used 16607K [0x00000000eab00000, 0x00000000ec080000, 0x0000000100000000)
  eden space 15872K, 100% used [0x00000000eab00000,0x00000000eba80000,0x00000000eba80000)
  from space 1536K, 47% used [0x00000000ebd80000,0x00000000ebe37f88,0x00000000ebf00000)
  to   space 1024K, 0% used [0x00000000ebf80000,0x00000000ebf80000,0x00000000ec080000)
 ParOldGen       total 68608K, used 31703K [0x00000000c0000000, 0x00000000c4300000, 0x00000000eab00000)
  object space 68608K, 46% used [0x00000000c0000000,0x00000000c1ef5ce0,0x00000000c4300000)
 Metaspace       used 42271K, committed 43072K, reserved 1114112K
  class space    used 4283K, committed 4608K, reserved 1048576K
}
Event: 92.319 GC heap after
{Heap after GC invocations=22 (full 2):
 PSYoungGen      total 16896K, used 810K [0x00000000eab00000, 0x00000000ec080000, 0x0000000100000000)
  eden space 15872K, 0% used [0x00000000eab00000,0x00000000eab00000,0x00000000eba80000)
  from space 1024K, 79% used [0x00000000ebf80000,0x00000000ec04a810,0x00000000ec080000)
  to   space 1024K, 0% used [0x00000000ebe80000,0x00000000ebe80000,0x00000000ebf80000)
 ParOldGen       total 68608K, used 32379K [0x00000000c0000000, 0x00000000c4300000, 0x00000000eab00000)
  object space 68608K, 47% used [0x00000000c0000000,0x00000000c1f9efc0,0x00000000c4300000)
 Metaspace       used 42271K, committed 43072K, reserved 1114112K
  class space    used 4283K, committed 4608K, reserved 1048576K
}
Event: 93.012 GC heap before
{Heap before GC invocations=23 (full 2):
 PSYoungGen      total 16896K, used 16682K [0x00000000eab00000, 0x00000000ec080000, 0x0000000100000000)
  eden space 15872K, 100% used [0x00000000eab00000,0x00000000eba80000,0x00000000eba80000)
  from space 1024K, 79% used [0x00000000ebf80000,0x00000000ec04a810,0x00000000ec080000)
  to   space 1024K, 0% used [0x00000000ebe80000,0x00000000ebe80000,0x00000000ebf80000)
 ParOldGen       total 68608K, used 32379K [0x00000000c0000000, 0x00000000c4300000, 0x00000000eab00000)
  object space 68608K, 47% used [0x00000000c0000000,0x00000000c1f9efc0,0x00000000c4300000)
 Metaspace       used 44082K, committed 44928K, reserved 1114112K
  class space    used 4530K, committed 4864K, reserved 1048576K
}
Event: 93.014 GC heap after
{Heap after GC invocations=23 (full 2):
 PSYoungGen      total 16896K, used 928K [0x00000000eab00000, 0x00000000ec000000, 0x0000000100000000)
  eden space 15872K, 0% used [0x00000000eab00000,0x00000000eab00000,0x00000000eba80000)
  from space 1024K, 90% used [0x00000000ebe80000,0x00000000ebf68000,0x00000000ebf80000)
  to   space 512K, 0% used [0x00000000ebf80000,0x00000000ebf80000,0x00000000ec000000)
 ParOldGen       total 68608K, used 33121K [0x00000000c0000000, 0x00000000c4300000, 0x00000000eab00000)
  object space 68608K, 48% used [0x00000000c0000000,0x00000000c20584a8,0x00000000c4300000)
 Metaspace       used 44082K, committed 44928K, reserved 1114112K
  class space    used 4530K, committed 4864K, reserved 1048576K
}
Event: 94.222 GC heap before
{Heap before GC invocations=24 (full 2):
 PSYoungGen      total 16896K, used 16800K [0x00000000eab00000, 0x00000000ec000000, 0x0000000100000000)
  eden space 15872K, 100% used [0x00000000eab00000,0x00000000eba80000,0x00000000eba80000)
  from space 1024K, 90% used [0x00000000ebe80000,0x00000000ebf68000,0x00000000ebf80000)
  to   space 512K, 0% used [0x00000000ebf80000,0x00000000ebf80000,0x00000000ec000000)
 ParOldGen       total 68608K, used 33121K [0x00000000c0000000, 0x00000000c4300000, 0x00000000eab00000)
  object space 68608K, 48% used [0x00000000c0000000,0x00000000c20584a8,0x00000000c4300000)
 Metaspace       used 45893K, committed 46848K, reserved 1114112K
  class space    used 4774K, committed 5184K, reserved 1048576K
}
Event: 94.227 GC heap after
{Heap after GC invocations=24 (full 2):
 PSYoungGen      total 16384K, used 485K [0x00000000eab00000, 0x00000000ec000000, 0x0000000100000000)
  eden space 15872K, 0% used [0x00000000eab00000,0x00000000eab00000,0x00000000eba80000)
  from space 512K, 94% used [0x00000000ebf80000,0x00000000ebff95f8,0x00000000ec000000)
  to   space 2048K, 0% used [0x00000000ebc00000,0x00000000ebc00000,0x00000000ebe00000)
 ParOldGen       total 68608K, used 34386K [0x00000000c0000000, 0x00000000c4300000, 0x00000000eab00000)
  object space 68608K, 50% used [0x00000000c0000000,0x00000000c2194808,0x00000000c4300000)
 Metaspace       used 45893K, committed 46848K, reserved 1114112K
  class space    used 4774K, committed 5184K, reserved 1048576K
}
Event: 95.314 GC heap before
{Heap before GC invocations=25 (full 2):
 PSYoungGen      total 16384K, used 16357K [0x00000000eab00000, 0x00000000ec000000, 0x0000000100000000)
  eden space 15872K, 100% used [0x00000000eab00000,0x00000000eba80000,0x00000000eba80000)
  from space 512K, 94% used [0x00000000ebf80000,0x00000000ebff95f8,0x00000000ec000000)
  to   space 2048K, 0% used [0x00000000ebc00000,0x00000000ebc00000,0x00000000ebe00000)
 ParOldGen       total 68608K, used 34386K [0x00000000c0000000, 0x00000000c4300000, 0x00000000eab00000)
  object space 68608K, 50% used [0x00000000c0000000,0x00000000c2194808,0x00000000c4300000)
 Metaspace       used 47014K, committed 48000K, reserved 1114112K
  class space    used 4920K, committed 5376K, reserved 1048576K
}
Event: 95.318 GC heap after
{Heap after GC invocations=25 (full 2):
 PSYoungGen      total 17920K, used 384K [0x00000000eab00000, 0x00000000ec000000, 0x0000000100000000)
  eden space 15872K, 0% used [0x00000000eab00000,0x00000000eab00000,0x00000000eba80000)
  from space 2048K, 18% used [0x00000000ebc00000,0x00000000ebc60000,0x00000000ebe00000)
  to   space 1024K, 0% used [0x00000000ebf00000,0x00000000ebf00000,0x00000000ec000000)
 ParOldGen       total 68608K, used 34875K [0x00000000c0000000, 0x00000000c4300000, 0x00000000eab00000)
  object space 68608K, 50% used [0x00000000c0000000,0x00000000c220ee10,0x00000000c4300000)
 Metaspace       used 47014K, committed 48000K, reserved 1114112K
  class space    used 4920K, committed 5376K, reserved 1048576K
}
Event: 96.997 GC heap before
{Heap before GC invocations=26 (full 2):
 PSYoungGen      total 17920K, used 16256K [0x00000000eab00000, 0x00000000ec000000, 0x0000000100000000)
  eden space 15872K, 100% used [0x00000000eab00000,0x00000000eba80000,0x00000000eba80000)
  from space 2048K, 18% used [0x00000000ebc00000,0x00000000ebc60000,0x00000000ebe00000)
  to   space 1024K, 0% used [0x00000000ebf00000,0x00000000ebf00000,0x00000000ec000000)
 ParOldGen       total 68608K, used 34875K [0x00000000c0000000, 0x00000000c4300000, 0x00000000eab00000)
  object space 68608K, 50% used [0x00000000c0000000,0x00000000c220ee10,0x00000000c4300000)
 Metaspace       used 48883K, committed 49856K, reserved 1114112K
  class space    used 5169K, committed 5568K, reserved 1048576K
}
Event: 97.000 GC heap after
{Heap after GC invocations=26 (full 2):
 PSYoungGen      total 16896K, used 736K [0x00000000eab00000, 0x00000000ec000000, 0x0000000100000000)
  eden space 15872K, 0% used [0x00000000eab00000,0x00000000eab00000,0x00000000eba80000)
  from space 1024K, 71% used [0x00000000ebf00000,0x00000000ebfb8000,0x00000000ec000000)
  to   space 1024K, 0% used [0x00000000ebe00000,0x00000000ebe00000,0x00000000ebf00000)
 ParOldGen       total 68608K, used 35195K [0x00000000c0000000, 0x00000000c4300000, 0x00000000eab00000)
  object space 68608K, 51% used [0x00000000c0000000,0x00000000c225ee10,0x00000000c4300000)
 Metaspace       used 48883K, committed 49856K, reserved 1114112K
  class space    used 5169K, committed 5568K, reserved 1048576K
}
Event: 98.231 GC heap before
{Heap before GC invocations=27 (full 2):
 PSYoungGen      total 16896K, used 16608K [0x00000000eab00000, 0x00000000ec000000, 0x0000000100000000)
  eden space 15872K, 100% used [0x00000000eab00000,0x00000000eba80000,0x00000000eba80000)
  from space 1024K, 71% used [0x00000000ebf00000,0x00000000ebfb8000,0x00000000ec000000)
  to   space 1024K, 0% used [0x00000000ebe00000,0x00000000ebe00000,0x00000000ebf00000)
 ParOldGen       total 68608K, used 35195K [0x00000000c0000000, 0x00000000c4300000, 0x00000000eab00000)
  object space 68608K, 51% used [0x00000000c0000000,0x00000000c225ee10,0x00000000c4300000)
 Metaspace       used 50564K, committed 51520K, reserved 1114112K
  class space    used 5369K, committed 5760K, reserved 1048576K
}
Event: 98.233 GC heap after
{Heap after GC invocations=27 (full 2):
 PSYoungGen      total 16896K, used 1014K [0x00000000eab00000, 0x00000000ebf80000, 0x0000000100000000)
  eden space 15872K, 0% used [0x00000000eab00000,0x00000000eab00000,0x00000000eba80000)
  from space 1024K, 99% used [0x00000000ebe00000,0x00000000ebefd9c8,0x00000000ebf00000)
  to   space 512K, 0% used [0x00000000ebf00000,0x00000000ebf00000,0x00000000ebf80000)
 ParOldGen       total 68608K, used 35953K [0x00000000c0000000, 0x00000000c4300000, 0x00000000eab00000)
  object space 68608K, 52% used [0x00000000c0000000,0x00000000c231c7b8,0x00000000c4300000)
 Metaspace       used 50564K, committed 51520K, reserved 1114112K
  class space    used 5369K, committed 5760K, reserved 1048576K
}
Event: 99.088 GC heap before
{Heap before GC invocations=28 (full 2):
 PSYoungGen      total 16896K, used 16886K [0x00000000eab00000, 0x00000000ebf80000, 0x0000000100000000)
  eden space 15872K, 100% used [0x00000000eab00000,0x00000000eba80000,0x00000000eba80000)
  from space 1024K, 99% used [0x00000000ebe00000,0x00000000ebefd9c8,0x00000000ebf00000)
  to   space 512K, 0% used [0x00000000ebf00000,0x00000000ebf00000,0x00000000ebf80000)
 ParOldGen       total 68608K, used 35953K [0x00000000c0000000, 0x00000000c4300000, 0x00000000eab00000)
  object space 68608K, 52% used [0x00000000c0000000,0x00000000c231c7b8,0x00000000c4300000)
 Metaspace       used 51885K, committed 52928K, reserved 1114112K
  class space    used 5528K, committed 5952K, reserved 1048576K
}
Event: 99.092 GC heap after
{Heap after GC invocations=28 (full 2):
 PSYoungGen      total 16384K, used 493K [0x00000000eab00000, 0x00000000ebf80000, 0x0000000100000000)
  eden space 15872K, 0% used [0x00000000eab00000,0x00000000eab00000,0x00000000eba80000)
  from space 512K, 96% used [0x00000000ebf00000,0x00000000ebf7b6d0,0x00000000ebf80000)
  to   space 1536K, 0% used [0x00000000ebc80000,0x00000000ebc80000,0x00000000ebe00000)
 ParOldGen       total 68608K, used 36826K [0x00000000c0000000, 0x00000000c4300000, 0x00000000eab00000)
  object space 68608K, 53% used [0x00000000c0000000,0x00000000c23f6ad0,0x00000000c4300000)
 Metaspace       used 51885K, committed 52928K, reserved 1114112K
  class space    used 5528K, committed 5952K, reserved 1048576K
}
Event: 99.589 GC heap before
{Heap before GC invocations=29 (full 2):
 PSYoungGen      total 16384K, used 16365K [0x00000000eab00000, 0x00000000ebf80000, 0x0000000100000000)
  eden space 15872K, 100% used [0x00000000eab00000,0x00000000eba80000,0x00000000eba80000)
  from space 512K, 96% used [0x00000000ebf00000,0x00000000ebf7b6d0,0x00000000ebf80000)
  to   space 1536K, 0% used [0x00000000ebc80000,0x00000000ebc80000,0x00000000ebe00000)
 ParOldGen       total 68608K, used 36826K [0x00000000c0000000, 0x00000000c4300000, 0x00000000eab00000)
  object space 68608K, 53% used [0x00000000c0000000,0x00000000c23f6ad0,0x00000000c4300000)
 Metaspace       used 52702K, committed 53632K, reserved 1114112K
  class space    used 5602K, committed 6016K, reserved 1048576K
}
Event: 99.591 GC heap after
{Heap after GC invocations=29 (full 2):
 PSYoungGen      total 17408K, used 1522K [0x00000000eab00000, 0x00000000ec080000, 0x0000000100000000)
  eden space 15872K, 0% used [0x00000000eab00000,0x00000000eab00000,0x00000000eba80000)
  from space 1536K, 99% used [0x00000000ebc80000,0x00000000ebdfcb88,0x00000000ebe00000)
  to   space 2560K, 0% used [0x00000000ebe00000,0x00000000ebe00000,0x00000000ec080000)
 ParOldGen       total 68608K, used 38001K [0x00000000c0000000, 0x00000000c4300000, 0x00000000eab00000)
  object space 68608K, 55% used [0x00000000c0000000,0x00000000c251c638,0x00000000c4300000)
 Metaspace       used 52702K, committed 53632K, reserved 1114112K
  class space    used 5602K, committed 6016K, reserved 1048576K
}

