# JRE version: Java(TM) SE Runtime Environment (17.0.12+8) (build 17.0.12+8-LTS-286)
# Java VM: Java HotSpot(TM) 64-Bit Server VM (17.0.12+8-LTS-286, mixed mode, sharing, tiered, compressed oops, compressed class ptrs, g1 gc, windows-amd64)
GC Precious Log:
 CPUs: 4 total, 4 available
 Memory: 3999M
 Large Page Support: Disabled
 NUMA Support: Disabled
 Compressed Oops: Enabled (Zero based)
 Heap Region Size: 4M
 Heap Min Capacity: 8M
 Heap Initial Capacity: 64M
 Heap Max Capacity: 4608M
 Pre-touch: Disabled
 Parallel Workers: 4
 Concurrent Workers: 1
 Concurrent Refinement Workers: 4
 Periodic GC: Disabled
Heap:
 garbage-first heap   total 86016K, used 56710K [0x00000006e0000000, 0x0000000800000000)
  region size 4096K, 8 young (32768K), 1 survivors (4096K)
 Metaspace       used 38293K, committed 38784K, reserved 1114112K
  class space    used 5377K, committed 5568K, reserved 1048576K
GC Heap History (20 events):
Event: 9.627 GC heap before
{Heap before GC invocations=9 (full 0):
 garbage-first heap   total 65536K, used 34835K [0x00000006e0000000, 0x0000000800000000)
  region size 4096K, 5 young (20480K), 1 survivors (4096K)
 Metaspace       used 21275K, committed 21504K, reserved 1114112K
  class space    used 3090K, committed 3200K, reserved 1048576K
}
Event: 9.635 GC heap after
{Heap after GC invocations=10 (full 0):
 garbage-first heap   total 65536K, used 23658K [0x00000006e0000000, 0x0000000800000000)
  region size 4096K, 1 young (4096K), 1 survivors (4096K)
 Metaspace       used 21275K, committed 21504K, reserved 1114112K
  class space    used 3090K, committed 3200K, reserved 1048576K
}
Event: 10.540 GC heap before
{Heap before GC invocations=11 (full 0):
 garbage-first heap   total 65536K, used 44138K [0x00000006e0000000, 0x0000000800000000)
  region size 4096K, 6 young (24576K), 1 survivors (4096K)
 Metaspace       used 23487K, committed 23808K, reserved 1114112K
  class space    used 3468K, committed 3648K, reserved 1048576K
}
Event: 10.545 GC heap after
{Heap after GC invocations=12 (full 0):
 garbage-first heap   total 65536K, used 24504K [0x00000006e0000000, 0x0000000800000000)
  region size 4096K, 1 young (4096K), 1 survivors (4096K)
 Metaspace       used 23487K, committed 23808K, reserved 1114112K
  class space    used 3468K, committed 3648K, reserved 1048576K
}
Event: 11.424 GC heap before
{Heap before GC invocations=12 (full 0):
 garbage-first heap   total 65536K, used 44984K [0x00000006e0000000, 0x0000000800000000)
  region size 4096K, 6 young (24576K), 1 survivors (4096K)
 Metaspace       used 26238K, committed 26560K, reserved 1114112K
  class space    used 3864K, committed 4032K, reserved 1048576K
}
Event: 11.430 GC heap after
{Heap after GC invocations=13 (full 0):
 garbage-first heap   total 65536K, used 25296K [0x00000006e0000000, 0x0000000800000000)
  region size 4096K, 1 young (4096K), 1 survivors (4096K)
 Metaspace       used 26238K, committed 26560K, reserved 1114112K
  class space    used 3864K, committed 4032K, reserved 1048576K
}
Event: 12.306 GC heap before
{Heap before GC invocations=13 (full 0):
 garbage-first heap   total 65536K, used 41680K [0x00000006e0000000, 0x0000000800000000)
  region size 4096K, 6 young (24576K), 1 survivors (4096K)
 Metaspace       used 30709K, committed 31104K, reserved 1114112K
  class space    used 4314K, committed 4480K, reserved 1048576K
}
Event: 12.316 GC heap after
{Heap after GC invocations=14 (full 0):
 garbage-first heap   total 65536K, used 28617K [0x00000006e0000000, 0x0000000800000000)
  region size 4096K, 1 young (4096K), 1 survivors (4096K)
 Metaspace       used 30709K, committed 31104K, reserved 1114112K
  class space    used 4314K, committed 4480K, reserved 1048576K
}
Event: 12.874 GC heap before
{Heap before GC invocations=14 (full 0):
 garbage-first heap   total 65536K, used 49097K [0x00000006e0000000, 0x0000000800000000)
  region size 4096K, 6 young (24576K), 1 survivors (4096K)
 Metaspace       used 31707K, committed 32128K, reserved 1114112K
  class space    used 4449K, committed 4672K, reserved 1048576K
}
Event: 12.884 GC heap after
{Heap after GC invocations=15 (full 0):
 garbage-first heap   total 65536K, used 30515K [0x00000006e0000000, 0x0000000800000000)
  region size 4096K, 1 young (4096K), 1 survivors (4096K)
 Metaspace       used 31707K, committed 32128K, reserved 1114112K
  class space    used 4449K, committed 4672K, reserved 1048576K
}
Event: 13.472 GC heap before
{Heap before GC invocations=15 (full 0):
 garbage-first heap   total 65536K, used 42803K [0x00000006e0000000, 0x0000000800000000)
  region size 4096K, 5 young (20480K), 1 survivors (4096K)
 Metaspace       used 33625K, committed 34048K, reserved 1114112K
  class space    used 4659K, committed 4864K, reserved 1048576K
}
Event: 13.478 GC heap after
{Heap after GC invocations=16 (full 0):
 garbage-first heap   total 65536K, used 31580K [0x00000006e0000000, 0x0000000800000000)
  region size 4096K, 1 young (4096K), 1 survivors (4096K)
 Metaspace       used 33625K, committed 34048K, reserved 1114112K
  class space    used 4659K, committed 4864K, reserved 1048576K
}
Event: 14.061 GC heap before
{Heap before GC invocations=16 (full 0):
 garbage-first heap   total 65536K, used 47964K [0x00000006e0000000, 0x0000000800000000)
  region size 4096K, 5 young (20480K), 1 survivors (4096K)
 Metaspace       used 35491K, committed 35968K, reserved 1114112K
  class space    used 4937K, committed 5120K, reserved 1048576K
}
Event: 14.067 GC heap after
{Heap after GC invocations=17 (full 0):
 garbage-first heap   total 65536K, used 32743K [0x00000006e0000000, 0x0000000800000000)
  region size 4096K, 1 young (4096K), 1 survivors (4096K)
 Metaspace       used 35491K, committed 35968K, reserved 1114112K
  class space    used 4937K, committed 5120K, reserved 1048576K
}
Event: 14.123 GC heap before
{Heap before GC invocations=17 (full 0):
 garbage-first heap   total 65536K, used 32743K [0x00000006e0000000, 0x0000000800000000)
  region size 4096K, 2 young (8192K), 1 survivors (4096K)
 Metaspace       used 35679K, committed 36096K, reserved 1114112K
  class space    used 4959K, committed 5184K, reserved 1048576K
}
Event: 14.128 GC heap after
{Heap after GC invocations=18 (full 0):
 garbage-first heap   total 65536K, used 33087K [0x00000006e0000000, 0x0000000800000000)
  region size 4096K, 1 young (4096K), 1 survivors (4096K)
 Metaspace       used 35679K, committed 36096K, reserved 1114112K
  class space    used 4959K, committed 5184K, reserved 1048576K
}
Event: 14.338 GC heap before
{Heap before GC invocations=19 (full 0):
 garbage-first heap   total 69632K, used 45375K [0x00000006e0000000, 0x0000000800000000)
  region size 4096K, 4 young (16384K), 1 survivors (4096K)
 Metaspace       used 35806K, committed 36224K, reserved 1114112K
  class space    used 4980K, committed 5184K, reserved 1048576K
}
Event: 14.341 GC heap after
{Heap after GC invocations=20 (full 0):
 garbage-first heap   total 69632K, used 33202K [0x00000006e0000000, 0x0000000800000000)
  region size 4096K, 1 young (4096K), 1 survivors (4096K)
 Metaspace       used 35806K, committed 36224K, reserved 1114112K
  class space    used 4980K, committed 5184K, reserved 1048576K
}
Event: 14.482 GC heap before
{Heap before GC invocations=20 (full 0):
 garbage-first heap   total 69632K, used 37298K [0x00000006e0000000, 0x0000000800000000)
  region size 4096K, 2 young (8192K), 1 survivors (4096K)
 Metaspace       used 35807K, committed 36224K, reserved 1114112K
  class space    used 4982K, committed 5184K, reserved 1048576K
}
Event: 14.492 GC heap after
{Heap after GC invocations=21 (full 0):
 garbage-first heap   total 86016K, used 32134K [0x00000006e0000000, 0x0000000800000000)
  region size 4096K, 1 young (4096K), 1 survivors (4096K)
 Metaspace       used 35807K, committed 36224K, reserved 1114112K
  class space    used 4982K, committed 5184K, reserved 1048576K
}

