# JRE version: Java(TM) SE Runtime Environment (17.0.12+8) (build 17.0.12+8-LTS-286)
# Java VM: Java HotSpot(TM) 64-Bit Server VM (17.0.12+8-LTS-286, mixed mode, sharing, tiered, compressed oops, compressed class ptrs, g1 gc, windows-amd64)
GC Precious Log:
 CPUs: 4 total, 4 available
 Memory: 3999M
 Large Page Support: Disabled
 NUMA Support: Disabled
 Compressed Oops: Enabled (Zero based)
 Heap Region Size: 4M
 Heap Min Capacity: 8M
 Heap Initial Capacity: 64M
 Heap Max Capacity: 4608M
 Pre-touch: Disabled
 Parallel Workers: 4
 Concurrent Workers: 1
 Concurrent Refinement Workers: 4
 Periodic GC: Disabled
Heap:
 garbage-first heap   total 1835008K, used 541167K [0x00000006e0000000, 0x0000000800000000)
  region size 4096K, 3 young (12288K), 3 survivors (12288K)
 Metaspace       used 211929K, committed 214080K, reserved 1245184K
  class space    used 27054K, committed 28032K, reserved 1048576K
GC Heap History (20 events):
Event: 264.456 GC heap after
{Heap after GC invocations=101 (full 0):
 garbage-first heap   total 659456K, used 457200K [0x00000006e0000000, 0x0000000800000000)
  region size 4096K, 2 young (8192K), 2 survivors (8192K)
 Metaspace       used 185740K, committed 187840K, reserved 1245184K
  class space    used 24238K, committed 25216K, reserved 1048576K
}
Event: 265.529 GC heap before
{Heap before GC invocations=101 (full 0):
 garbage-first heap   total 659456K, used 563696K [0x00000006e0000000, 0x0000000800000000)
  region size 4096K, 28 young (114688K), 2 survivors (8192K)
 Metaspace       used 189242K, committed 191360K, reserved 1245184K
  class space    used 24552K, committed 25536K, reserved 1048576K
}
Event: 265.550 GC heap after
{Heap after GC invocations=102 (full 0):
 garbage-first heap   total 659456K, used 463481K [0x00000006e0000000, 0x0000000800000000)
  region size 4096K, 4 young (16384K), 4 survivors (16384K)
 Metaspace       used 189242K, committed 191360K, reserved 1245184K
  class space    used 24552K, committed 25536K, reserved 1048576K
}
Event: 265.863 GC heap before
{Heap before GC invocations=102 (full 0):
 garbage-first heap   total 659456K, used 488057K [0x00000006e0000000, 0x0000000800000000)
  region size 4096K, 11 young (45056K), 4 survivors (16384K)
 Metaspace       used 190352K, committed 192448K, reserved 1245184K
  class space    used 24669K, committed 25600K, reserved 1048576K
}
Event: 265.894 GC heap after
{Heap after GC invocations=103 (full 0):
 garbage-first heap   total 659456K, used 464177K [0x00000006e0000000, 0x0000000800000000)
  region size 4096K, 2 young (8192K), 2 survivors (8192K)
 Metaspace       used 190352K, committed 192448K, reserved 1245184K
  class space    used 24669K, committed 25600K, reserved 1048576K
}
Event: 271.647 GC heap before
{Heap before GC invocations=103 (full 0):
 garbage-first heap   total 876544K, used 546097K [0x00000006e0000000, 0x0000000800000000)
  region size 4096K, 22 young (90112K), 2 survivors (8192K)
 Metaspace       used 192449K, committed 194688K, reserved 1245184K
  class space    used 24985K, committed 25920K, reserved 1048576K
}
Event: 271.669 GC heap after
{Heap after GC invocations=104 (full 0):
 garbage-first heap   total 876544K, used 467128K [0x00000006e0000000, 0x0000000800000000)
  region size 4096K, 1 young (4096K), 1 survivors (4096K)
 Metaspace       used 192449K, committed 194688K, reserved 1245184K
  class space    used 24985K, committed 25920K, reserved 1048576K
}
Event: 276.409 GC heap before
{Heap before GC invocations=105 (full 0):
 garbage-first heap   total 876544K, used 729272K [0x00000006e0000000, 0x0000000800000000)
  region size 4096K, 65 young (266240K), 1 survivors (4096K)
 Metaspace       used 196518K, committed 198656K, reserved 1245184K
  class space    used 25515K, committed 26496K, reserved 1048576K
}
Event: 276.442 GC heap after
{Heap after GC invocations=106 (full 0):
 garbage-first heap   total 1835008K, used 472704K [0x00000006e0000000, 0x0000000800000000)
  region size 4096K, 3 young (12288K), 3 survivors (12288K)
 Metaspace       used 196518K, committed 198656K, reserved 1245184K
  class space    used 25515K, committed 26496K, reserved 1048576K
}
Event: 278.087 GC heap before
{Heap before GC invocations=106 (full 0):
 garbage-first heap   total 1835008K, used 550528K [0x00000006e0000000, 0x0000000800000000)
  region size 4096K, 22 young (90112K), 3 survivors (12288K)
 Metaspace       used 198081K, committed 200192K, reserved 1245184K
  class space    used 25724K, committed 26688K, reserved 1048576K
}
Event: 278.146 GC heap after
{Heap after GC invocations=107 (full 0):
 garbage-first heap   total 1835008K, used 464448K [0x00000006e0000000, 0x0000000800000000)
  region size 4096K, 3 young (12288K), 3 survivors (12288K)
 Metaspace       used 198081K, committed 200192K, reserved 1245184K
  class space    used 25724K, committed 26688K, reserved 1048576K
}
Event: 299.374 GC heap before
{Heap before GC invocations=107 (full 0):
 garbage-first heap   total 1835008K, used 1508928K [0x00000006e0000000, 0x0000000800000000)
  region size 4096K, 258 young (1056768K), 3 survivors (12288K)
 Metaspace       used 210062K, committed 212160K, reserved 1245184K
  class space    used 26893K, committed 27840K, reserved 1048576K
}
Event: 301.056 GC heap after
{Heap after GC invocations=108 (full 0):
 garbage-first heap   total 1835008K, used 494152K [0x00000006e0000000, 0x0000000800000000)
  region size 4096K, 10 young (40960K), 10 survivors (40960K)
 Metaspace       used 210062K, committed 212160K, reserved 1245184K
  class space    used 26893K, committed 27840K, reserved 1048576K
}
Event: 313.022 GC heap before
{Heap before GC invocations=108 (full 0):
 garbage-first heap   total 1835008K, used 1063496K [0x00000006e0000000, 0x0000000800000000)
  region size 4096K, 149 young (610304K), 10 survivors (40960K)
 Metaspace       used 211588K, committed 213696K, reserved 1245184K
  class space    used 27024K, committed 27968K, reserved 1048576K
}
Event: 313.165 GC heap after
{Heap after GC invocations=109 (full 0):
 garbage-first heap   total 1835008K, used 533466K [0x00000006e0000000, 0x0000000800000000)
  region size 4096K, 19 young (77824K), 19 survivors (77824K)
 Metaspace       used 211588K, committed 213696K, reserved 1245184K
  class space    used 27024K, committed 27968K, reserved 1048576K
}
Event: 314.955 GC heap before
{Heap before GC invocations=110 (full 0):
 garbage-first heap   total 1835008K, used 594906K [0x00000006e0000000, 0x0000000800000000)
  region size 4096K, 34 young (139264K), 19 survivors (77824K)
 Metaspace       used 211602K, committed 213696K, reserved 1245184K
  class space    used 27024K, committed 27968K, reserved 1048576K
}
Event: 315.945 GC heap after
{Heap after GC invocations=111 (full 0):
 garbage-first heap   total 1835008K, used 540630K [0x00000006e0000000, 0x0000000800000000)
  region size 4096K, 2 young (8192K), 2 survivors (8192K)
 Metaspace       used 211602K, committed 213696K, reserved 1245184K
  class space    used 27024K, committed 27968K, reserved 1048576K
}
Event: 317.690 GC heap before
{Heap before GC invocations=111 (full 0):
 garbage-first heap   total 1835008K, used 622550K [0x00000006e0000000, 0x0000000800000000)
  region size 4096K, 22 young (90112K), 2 survivors (8192K)
 Metaspace       used 211717K, committed 213760K, reserved 1245184K
  class space    used 27042K, committed 27968K, reserved 1048576K
}
Event: 318.375 GC heap after
{Heap after GC invocations=112 (full 0):
 garbage-first heap   total 1835008K, used 537460K [0x00000006e0000000, 0x0000000800000000)
  region size 4096K, 3 young (12288K), 3 survivors (12288K)
 Metaspace       used 211717K, committed 213760K, reserved 1245184K
  class space    used 27042K, committed 27968K, reserved 1048576K
}
Event: 319.313 GC heap before
{Heap before GC invocations=112 (full 0):
 garbage-first heap   total 1835008K, used 615284K [0x00000006e0000000, 0x0000000800000000)
  region size 4096K, 22 young (90112K), 3 survivors (12288K)
 Metaspace       used 211929K, committed 214080K, reserved 1245184K
  class space    used 27054K, committed 28032K, reserved 1048576K
}

