# JRE version: Java(TM) SE Runtime Environment (17.0.12+8) (build 17.0.12+8-LTS-286)
# Java VM: Java HotSpot(TM) 64-Bit Server VM (17.0.12+8-LTS-286, mixed mode, sharing, tiered, compressed oops, compressed class ptrs, g1 gc, windows-amd64)
GC Precious Log:
 CPUs: 4 total, 4 available
 Memory: 3999M
 Large Page Support: Disabled
 NUMA Support: Disabled
 Compressed Oops: Enabled (Zero based)
 Heap Region Size: 4M
 Heap Min Capacity: 8M
 Heap Initial Capacity: 64M
 Heap Max Capacity: 4608M
 Pre-touch: Disabled
 Parallel Workers: 4
 Concurrent Workers: 1
 Concurrent Refinement Workers: 4
 Periodic GC: Disabled
Heap:
 garbage-first heap   total 102400K, used 56546K [0x00000006e0000000, 0x0000000800000000)
  region size 4096K, 1 young (4096K), 1 survivors (4096K)
 Metaspace       used 58523K, committed 59136K, reserved 1114112K
  class space    used 8307K, committed 8640K, reserved 1048576K
GC Heap History (20 events):
Event: 42.092 GC heap after
{Heap after GC invocations=28 (full 0):
 garbage-first heap   total 69632K, used 35473K [0x00000006e0000000, 0x0000000800000000)
  region size 4096K, 1 young (4096K), 1 survivors (4096K)
 Metaspace       used 46275K, committed 46848K, reserved 1114112K
  class space    used 6563K, committed 6848K, reserved 1048576K
}
Event: 43.372 GC heap before
{Heap before GC invocations=29 (full 0):
 garbage-first heap   total 77824K, used 51857K [0x00000006e0000000, 0x0000000800000000)
  region size 4096K, 5 young (20480K), 1 survivors (4096K)
 Metaspace       used 47278K, committed 47808K, reserved 1114112K
  class space    used 6678K, committed 6912K, reserved 1048576K
}
Event: 43.381 GC heap after
{Heap after GC invocations=30 (full 0):
 garbage-first heap   total 77824K, used 38755K [0x00000006e0000000, 0x0000000800000000)
  region size 4096K, 1 young (4096K), 1 survivors (4096K)
 Metaspace       used 47278K, committed 47808K, reserved 1114112K
  class space    used 6678K, committed 6912K, reserved 1048576K
}
Event: 44.513 GC heap before
{Heap before GC invocations=30 (full 0):
 garbage-first heap   total 77824K, used 59235K [0x00000006e0000000, 0x0000000800000000)
  region size 4096K, 6 young (24576K), 1 survivors (4096K)
 Metaspace       used 49232K, committed 49856K, reserved 1114112K
  class space    used 7001K, committed 7296K, reserved 1048576K
}
Event: 44.523 GC heap after
{Heap after GC invocations=31 (full 0):
 garbage-first heap   total 77824K, used 40483K [0x00000006e0000000, 0x0000000800000000)
  region size 4096K, 1 young (4096K), 1 survivors (4096K)
 Metaspace       used 49232K, committed 49856K, reserved 1114112K
  class space    used 7001K, committed 7296K, reserved 1048576K
}
Event: 45.298 GC heap before
{Heap before GC invocations=32 (full 0):
 garbage-first heap   total 81920K, used 56867K [0x00000006e0000000, 0x0000000800000000)
  region size 4096K, 5 young (20480K), 1 survivors (4096K)
 Metaspace       used 50307K, committed 50880K, reserved 1114112K
  class space    used 7195K, committed 7488K, reserved 1048576K
}
Event: 45.304 GC heap after
{Heap after GC invocations=33 (full 0):
 garbage-first heap   total 81920K, used 43672K [0x00000006e0000000, 0x0000000800000000)
  region size 4096K, 1 young (4096K), 1 survivors (4096K)
 Metaspace       used 50307K, committed 50880K, reserved 1114112K
  class space    used 7195K, committed 7488K, reserved 1048576K
}
Event: 48.952 GC heap before
{Heap before GC invocations=33 (full 0):
 garbage-first heap   total 81920K, used 64152K [0x00000006e0000000, 0x0000000800000000)
  region size 4096K, 6 young (24576K), 1 survivors (4096K)
 Metaspace       used 52680K, committed 53312K, reserved 1114112K
  class space    used 7510K, committed 7808K, reserved 1048576K
}
Event: 48.961 GC heap after
{Heap after GC invocations=34 (full 0):
 garbage-first heap   total 81920K, used 44890K [0x00000006e0000000, 0x0000000800000000)
  region size 4096K, 1 young (4096K), 1 survivors (4096K)
 Metaspace       used 52680K, committed 53312K, reserved 1114112K
  class space    used 7510K, committed 7808K, reserved 1048576K
}
Event: 50.647 GC heap before
{Heap before GC invocations=35 (full 0):
 garbage-first heap   total 90112K, used 65370K [0x00000006e0000000, 0x0000000800000000)
  region size 4096K, 5 young (20480K), 1 survivors (4096K)
 Metaspace       used 53703K, committed 54336K, reserved 1114112K
  class space    used 7665K, committed 7936K, reserved 1048576K
}
Event: 50.652 GC heap after
{Heap after GC invocations=36 (full 0):
 garbage-first heap   total 90112K, used 54836K [0x00000006e0000000, 0x0000000800000000)
  region size 4096K, 1 young (4096K), 1 survivors (4096K)
 Metaspace       used 53703K, committed 54336K, reserved 1114112K
  class space    used 7665K, committed 7936K, reserved 1048576K
}
Event: 51.594 GC heap before
{Heap before GC invocations=36 (full 0):
 garbage-first heap   total 90112K, used 58932K [0x00000006e0000000, 0x0000000800000000)
  region size 4096K, 2 young (8192K), 1 survivors (4096K)
 Metaspace       used 54019K, committed 54656K, reserved 1114112K
  class space    used 7710K, committed 8000K, reserved 1048576K
}
Event: 51.938 GC heap after
{Heap after GC invocations=37 (full 0):
 garbage-first heap   total 90112K, used 54865K [0x00000006e0000000, 0x0000000800000000)
  region size 4096K, 1 young (4096K), 1 survivors (4096K)
 Metaspace       used 54019K, committed 54656K, reserved 1114112K
  class space    used 7710K, committed 8000K, reserved 1048576K
}
Event: 53.604 GC heap before
{Heap before GC invocations=37 (full 0):
 garbage-first heap   total 90112K, used 67153K [0x00000006e0000000, 0x0000000800000000)
  region size 4096K, 4 young (16384K), 1 survivors (4096K)
 Metaspace       used 55310K, committed 55872K, reserved 1114112K
  class space    used 7889K, committed 8128K, reserved 1048576K
}
Event: 53.607 GC heap after
{Heap after GC invocations=38 (full 0):
 garbage-first heap   total 90112K, used 55040K [0x00000006e0000000, 0x0000000800000000)
  region size 4096K, 1 young (4096K), 1 survivors (4096K)
 Metaspace       used 55310K, committed 55872K, reserved 1114112K
  class space    used 7889K, committed 8128K, reserved 1048576K
}
Event: 55.056 GC heap before
{Heap before GC invocations=39 (full 0):
 garbage-first heap   total 102400K, used 63232K [0x00000006e0000000, 0x0000000800000000)
  region size 4096K, 4 young (16384K), 1 survivors (4096K)
 Metaspace       used 56685K, committed 57280K, reserved 1114112K
  class space    used 8060K, committed 8320K, reserved 1048576K
}
Event: 55.084 GC heap after
{Heap after GC invocations=40 (full 0):
 garbage-first heap   total 102400K, used 55743K [0x00000006e0000000, 0x0000000800000000)
  region size 4096K, 1 young (4096K), 1 survivors (4096K)
 Metaspace       used 56685K, committed 57280K, reserved 1114112K
  class space    used 8060K, committed 8320K, reserved 1048576K
}
Event: 55.279 GC heap before
{Heap before GC invocations=40 (full 0):
 garbage-first heap   total 102400K, used 59839K [0x00000006e0000000, 0x0000000800000000)
  region size 4096K, 2 young (8192K), 1 survivors (4096K)
 Metaspace       used 57122K, committed 57728K, reserved 1114112K
  class space    used 8118K, committed 8384K, reserved 1048576K
}
Event: 55.291 GC heap after
{Heap after GC invocations=41 (full 0):
 garbage-first heap   total 102400K, used 55180K [0x00000006e0000000, 0x0000000800000000)
  region size 4096K, 1 young (4096K), 1 survivors (4096K)
 Metaspace       used 57122K, committed 57728K, reserved 1114112K
  class space    used 8118K, committed 8384K, reserved 1048576K
}
Event: 57.713 GC heap before
{Heap before GC invocations=41 (full 0):
 garbage-first heap   total 102400K, used 75660K [0x00000006e0000000, 0x0000000800000000)
  region size 4096K, 6 young (24576K), 1 survivors (4096K)
 Metaspace       used 58523K, committed 59136K, reserved 1114112K
  class space    used 8307K, committed 8640K, reserved 1048576K
}

