# JRE version: Java(TM) SE Runtime Environment (17.0.12+8) (build 17.0.12+8-LTS-286)
# Java VM: Java HotSpot(TM) 64-Bit Server VM (17.0.12+8-LTS-286, mixed mode, sharing, tiered, compressed oops, compressed class ptrs, g1 gc, windows-amd64)
GC Precious Log:
 CPUs: 4 total, 4 available
 Memory: 3999M
 Large Page Support: Disabled
 NUMA Support: Disabled
 Compressed Oops: Enabled (Zero based)
 Heap Region Size: 4M
 Heap Min Capacity: 8M
 Heap Initial Capacity: 64M
 Heap Max Capacity: 4608M
 Pre-touch: Disabled
 Parallel Workers: 4
 Concurrent Workers: 1
 Concurrent Refinement Workers: 4
 Periodic GC: Disabled
Heap:
 garbage-first heap   total 1097728K, used 406282K [0x00000006e0000000, 0x0000000800000000)
  region size 4096K, 2 young (8192K), 2 survivors (8192K)
 Metaspace       used 127570K, committed 129728K, reserved 1179648K
  class space    used 17311K, committed 18368K, reserved 1048576K
GC Heap History (20 events):
Event: 2394.998 GC heap after
{Heap after GC invocations=82 (full 0):
 garbage-first heap   total 946176K, used 347812K [0x00000006e0000000, 0x0000000800000000)
  region size 4096K, 2 young (8192K), 2 survivors (8192K)
 Metaspace       used 126700K, committed 128768K, reserved 1179648K
  class space    used 17267K, committed 18240K, reserved 1048576K
}
Event: 2395.708 GC heap before
{Heap before GC invocations=82 (full 0):
 garbage-first heap   total 946176K, used 384676K [0x00000006e0000000, 0x0000000800000000)
  region size 4096K, 11 young (45056K), 2 survivors (8192K)
 Metaspace       used 126758K, committed 128768K, reserved 1179648K
  class space    used 17269K, committed 18240K, reserved 1048576K
}
Event: 2395.752 GC heap after
{Heap after GC invocations=83 (full 0):
 garbage-first heap   total 946176K, used 355002K [0x00000006e0000000, 0x0000000800000000)
  region size 4096K, 2 young (8192K), 2 survivors (8192K)
 Metaspace       used 126758K, committed 128768K, reserved 1179648K
  class space    used 17269K, committed 18240K, reserved 1048576K
}
Event: 2396.604 GC heap before
{Heap before GC invocations=83 (full 0):
 garbage-first heap   total 946176K, used 391866K [0x00000006e0000000, 0x0000000800000000)
  region size 4096K, 11 young (45056K), 2 survivors (8192K)
 Metaspace       used 126854K, committed 128896K, reserved 1179648K
  class space    used 17272K, committed 18240K, reserved 1048576K
}
Event: 2396.659 GC heap after
{Heap after GC invocations=84 (full 0):
 garbage-first heap   total 1097728K, used 363342K [0x00000006e0000000, 0x0000000800000000)
  region size 4096K, 2 young (8192K), 2 survivors (8192K)
 Metaspace       used 126854K, committed 128896K, reserved 1179648K
  class space    used 17272K, committed 18240K, reserved 1048576K
}
Event: 2397.385 GC heap before
{Heap before GC invocations=84 (full 0):
 garbage-first heap   total 1097728K, used 408398K [0x00000006e0000000, 0x0000000800000000)
  region size 4096K, 13 young (53248K), 2 survivors (8192K)
 Metaspace       used 126935K, committed 128960K, reserved 1179648K
  class space    used 17273K, committed 18240K, reserved 1048576K
}
Event: 2397.552 GC heap after
{Heap after GC invocations=85 (full 0):
 garbage-first heap   total 1097728K, used 370704K [0x00000006e0000000, 0x0000000800000000)
  region size 4096K, 2 young (8192K), 2 survivors (8192K)
 Metaspace       used 126935K, committed 128960K, reserved 1179648K
  class space    used 17273K, committed 18240K, reserved 1048576K
}
Event: 2398.402 GC heap before
{Heap before GC invocations=85 (full 0):
 garbage-first heap   total 1097728K, used 415760K [0x00000006e0000000, 0x0000000800000000)
  region size 4096K, 13 young (53248K), 2 survivors (8192K)
 Metaspace       used 126974K, committed 128960K, reserved 1179648K
  class space    used 17273K, committed 18240K, reserved 1048576K
}
Event: 2398.443 GC heap after
{Heap after GC invocations=86 (full 0):
 garbage-first heap   total 1097728K, used 374228K [0x00000006e0000000, 0x0000000800000000)
  region size 4096K, 1 young (4096K), 1 survivors (4096K)
 Metaspace       used 126974K, committed 128960K, reserved 1179648K
  class space    used 17273K, committed 18240K, reserved 1048576K
}
Event: 2400.674 GC heap before
{Heap before GC invocations=86 (full 0):
 garbage-first heap   total 1097728K, used 452052K [0x00000006e0000000, 0x0000000800000000)
  region size 4096K, 20 young (81920K), 1 survivors (4096K)
 Metaspace       used 127037K, committed 129088K, reserved 1179648K
  class space    used 17277K, committed 18304K, reserved 1048576K
}
Event: 2400.693 GC heap after
{Heap after GC invocations=87 (full 0):
 garbage-first heap   total 1097728K, used 376889K [0x00000006e0000000, 0x0000000800000000)
  region size 4096K, 2 young (8192K), 2 survivors (8192K)
 Metaspace       used 127037K, committed 129088K, reserved 1179648K
  class space    used 17277K, committed 18304K, reserved 1048576K
}
Event: 3623.997 GC heap before
{Heap before GC invocations=87 (full 0):
 garbage-first heap   total 1097728K, used 475193K [0x00000006e0000000, 0x0000000800000000)
  region size 4096K, 26 young (106496K), 2 survivors (8192K)
 Metaspace       used 127131K, committed 129280K, reserved 1179648K
  class space    used 17278K, committed 18304K, reserved 1048576K
}
Event: 3624.311 GC heap after
{Heap after GC invocations=88 (full 0):
 garbage-first heap   total 1097728K, used 376287K [0x00000006e0000000, 0x0000000800000000)
  region size 4096K, 2 young (8192K), 2 survivors (8192K)
 Metaspace       used 127131K, committed 129280K, reserved 1179648K
  class space    used 17278K, committed 18304K, reserved 1048576K
}
Event: 4048.774 GC heap before
{Heap before GC invocations=88 (full 0):
 garbage-first heap   total 1097728K, used 454111K [0x00000006e0000000, 0x0000000800000000)
  region size 4096K, 21 young (86016K), 2 survivors (8192K)
 Metaspace       used 127308K, committed 129408K, reserved 1179648K
  class space    used 17295K, committed 18304K, reserved 1048576K
}
Event: 4049.010 GC heap after
{Heap after GC invocations=89 (full 0):
 garbage-first heap   total 1097728K, used 382284K [0x00000006e0000000, 0x0000000800000000)
  region size 4096K, 3 young (12288K), 3 survivors (12288K)
 Metaspace       used 127308K, committed 129408K, reserved 1179648K
  class space    used 17295K, committed 18304K, reserved 1048576K
}
Event: 4061.183 GC heap before
{Heap before GC invocations=89 (full 0):
 garbage-first heap   total 1097728K, used 427340K [0x00000006e0000000, 0x0000000800000000)
  region size 4096K, 15 young (61440K), 3 survivors (12288K)
 Metaspace       used 127389K, committed 129472K, reserved 1179648K
  class space    used 17302K, committed 18304K, reserved 1048576K
}
Event: 4061.619 GC heap after
{Heap after GC invocations=90 (full 0):
 garbage-first heap   total 1097728K, used 390062K [0x00000006e0000000, 0x0000000800000000)
  region size 4096K, 2 young (8192K), 2 survivors (8192K)
 Metaspace       used 127389K, committed 129472K, reserved 1179648K
  class space    used 17302K, committed 18304K, reserved 1048576K
}
Event: 4070.132 GC heap before
{Heap before GC invocations=90 (full 0):
 garbage-first heap   total 1097728K, used 435118K [0x00000006e0000000, 0x0000000800000000)
  region size 4096K, 13 young (53248K), 2 survivors (8192K)
 Metaspace       used 127464K, committed 129536K, reserved 1179648K
  class space    used 17308K, committed 18304K, reserved 1048576K
}
Event: 4070.487 GC heap after
{Heap after GC invocations=91 (full 0):
 garbage-first heap   total 1097728K, used 397678K [0x00000006e0000000, 0x0000000800000000)
  region size 4096K, 2 young (8192K), 2 survivors (8192K)
 Metaspace       used 127464K, committed 129536K, reserved 1179648K
  class space    used 17308K, committed 18304K, reserved 1048576K
}
Event: 4075.171 GC heap before
{Heap before GC invocations=91 (full 0):
 garbage-first heap   total 1097728K, used 442734K [0x00000006e0000000, 0x0000000800000000)
  region size 4096K, 13 young (53248K), 2 survivors (8192K)
 Metaspace       used 127570K, committed 129728K, reserved 1179648K
  class space    used 17311K, committed 18368K, reserved 1048576K
}

