# JRE version: Java(TM) SE Runtime Environment (17.0.12+8) (build 17.0.12+8-LTS-286)
# Java VM: Java HotSpot(TM) 64-Bit Server VM (17.0.12+8-LTS-286, mixed mode, sharing, tiered, compressed oops, compressed class ptrs, g1 gc, windows-amd64)
GC Precious Log:
 CPUs: 4 total, 4 available
 Memory: 3999M
 Large Page Support: Disabled
 NUMA Support: Disabled
 Compressed Oops: Enabled (Zero based)
 Heap Region Size: 4M
 Heap Min Capacity: 8M
 Heap Initial Capacity: 64M
 Heap Max Capacity: 4608M
 Pre-touch: Disabled
 Parallel Workers: 4
 Concurrent Workers: 1
 Concurrent Refinement Workers: 4
 Periodic GC: Disabled
Heap:
 garbage-first heap   total 98304K, used 40664K [0x00000006e0000000, 0x0000000800000000)
  region size 4096K, 4 young (16384K), 1 survivors (4096K)
 Metaspace       used 39601K, committed 40064K, reserved 1114112K
  class space    used 5605K, committed 5824K, reserved 1048576K
GC Heap History (20 events):
Event: 5.169 GC heap before
{Heap before GC invocations=8 (full 0):
 garbage-first heap   total 65536K, used 37417K [0x00000006e0000000, 0x0000000800000000)
  region size 4096K, 6 young (24576K), 1 survivors (4096K)
 Metaspace       used 20063K, committed 20288K, reserved 1114112K
  class space    used 2905K, committed 3008K, reserved 1048576K
}
Event: 5.174 GC heap after
{Heap after GC invocations=9 (full 0):
 garbage-first heap   total 65536K, used 22257K [0x00000006e0000000, 0x0000000800000000)
  region size 4096K, 1 young (4096K), 1 survivors (4096K)
 Metaspace       used 20063K, committed 20288K, reserved 1114112K
  class space    used 2905K, committed 3008K, reserved 1048576K
}
Event: 5.424 GC heap before
{Heap before GC invocations=9 (full 0):
 garbage-first heap   total 65536K, used 26353K [0x00000006e0000000, 0x0000000800000000)
  region size 4096K, 3 young (12288K), 1 survivors (4096K)
 Metaspace       used 21247K, committed 21504K, reserved 1114112K
  class space    used 3081K, committed 3200K, reserved 1048576K
}
Event: 5.429 GC heap after
{Heap after GC invocations=10 (full 0):
 garbage-first heap   total 65536K, used 22505K [0x00000006e0000000, 0x0000000800000000)
  region size 4096K, 1 young (4096K), 1 survivors (4096K)
 Metaspace       used 21247K, committed 21504K, reserved 1114112K
  class space    used 3081K, committed 3200K, reserved 1048576K
}
Event: 6.184 GC heap before
{Heap before GC invocations=11 (full 0):
 garbage-first heap   total 65536K, used 42985K [0x00000006e0000000, 0x0000000800000000)
  region size 4096K, 6 young (24576K), 1 survivors (4096K)
 Metaspace       used 23384K, committed 23744K, reserved 1114112K
  class space    used 3453K, committed 3648K, reserved 1048576K
}
Event: 6.188 GC heap after
{Heap after GC invocations=12 (full 0):
 garbage-first heap   total 65536K, used 23482K [0x00000006e0000000, 0x0000000800000000)
  region size 4096K, 1 young (4096K), 1 survivors (4096K)
 Metaspace       used 23384K, committed 23744K, reserved 1114112K
  class space    used 3453K, committed 3648K, reserved 1048576K
}
Event: 6.786 GC heap before
{Heap before GC invocations=12 (full 0):
 garbage-first heap   total 65536K, used 43962K [0x00000006e0000000, 0x0000000800000000)
  region size 4096K, 6 young (24576K), 1 survivors (4096K)
 Metaspace       used 26591K, committed 26944K, reserved 1114112K
  class space    used 3879K, committed 4032K, reserved 1048576K
}
Event: 6.795 GC heap after
{Heap after GC invocations=13 (full 0):
 garbage-first heap   total 65536K, used 24964K [0x00000006e0000000, 0x0000000800000000)
  region size 4096K, 1 young (4096K), 1 survivors (4096K)
 Metaspace       used 26591K, committed 26944K, reserved 1114112K
  class space    used 3879K, committed 4032K, reserved 1048576K
}
Event: 7.248 GC heap before
{Heap before GC invocations=13 (full 0):
 garbage-first heap   total 65536K, used 41348K [0x00000006e0000000, 0x0000000800000000)
  region size 4096K, 6 young (24576K), 1 survivors (4096K)
 Metaspace       used 30600K, committed 30976K, reserved 1114112K
  class space    used 4288K, committed 4480K, reserved 1048576K
}
Event: 7.256 GC heap after
{Heap after GC invocations=14 (full 0):
 garbage-first heap   total 81920K, used 27866K [0x00000006e0000000, 0x0000000800000000)
  region size 4096K, 1 young (4096K), 1 survivors (4096K)
 Metaspace       used 30600K, committed 30976K, reserved 1114112K
  class space    used 4288K, committed 4480K, reserved 1048576K
}
Event: 7.831 GC heap before
{Heap before GC invocations=14 (full 0):
 garbage-first heap   total 81920K, used 56538K [0x00000006e0000000, 0x0000000800000000)
  region size 4096K, 9 young (36864K), 1 survivors (4096K)
 Metaspace       used 33254K, committed 33664K, reserved 1114112K
  class space    used 4608K, committed 4800K, reserved 1048576K
}
Event: 7.839 GC heap after
{Heap after GC invocations=15 (full 0):
 garbage-first heap   total 81920K, used 29882K [0x00000006e0000000, 0x0000000800000000)
  region size 4096K, 2 young (8192K), 2 survivors (8192K)
 Metaspace       used 33254K, committed 33664K, reserved 1114112K
  class space    used 4608K, committed 4800K, reserved 1048576K
}
Event: 8.265 GC heap before
{Heap before GC invocations=15 (full 0):
 garbage-first heap   total 81920K, used 58554K [0x00000006e0000000, 0x0000000800000000)
  region size 4096K, 9 young (36864K), 2 survivors (8192K)
 Metaspace       used 35402K, committed 35776K, reserved 1114112K
  class space    used 4932K, committed 5120K, reserved 1048576K
}
Event: 8.274 GC heap after
{Heap after GC invocations=16 (full 0):
 garbage-first heap   total 81920K, used 31091K [0x00000006e0000000, 0x0000000800000000)
  region size 4096K, 1 young (4096K), 1 survivors (4096K)
 Metaspace       used 35402K, committed 35776K, reserved 1114112K
  class space    used 4932K, committed 5120K, reserved 1048576K
}
Event: 8.381 GC heap before
{Heap before GC invocations=16 (full 0):
 garbage-first heap   total 81920K, used 35187K [0x00000006e0000000, 0x0000000800000000)
  region size 4096K, 3 young (12288K), 1 survivors (4096K)
 Metaspace       used 35686K, committed 36096K, reserved 1114112K
  class space    used 4955K, committed 5184K, reserved 1048576K
}
Event: 8.388 GC heap after
{Heap after GC invocations=17 (full 0):
 garbage-first heap   total 81920K, used 32252K [0x00000006e0000000, 0x0000000800000000)
  region size 4096K, 1 young (4096K), 1 survivors (4096K)
 Metaspace       used 35686K, committed 36096K, reserved 1114112K
  class space    used 4955K, committed 5184K, reserved 1048576K
}
Event: 8.915 GC heap before
{Heap before GC invocations=18 (full 0):
 garbage-first heap   total 81920K, used 56828K [0x00000006e0000000, 0x0000000800000000)
  region size 4096K, 7 young (28672K), 1 survivors (4096K)
 Metaspace       used 38157K, committed 38592K, reserved 1114112K
  class space    used 5376K, committed 5568K, reserved 1048576K
}
Event: 8.921 GC heap after
{Heap after GC invocations=19 (full 0):
 garbage-first heap   total 81920K, used 33130K [0x00000006e0000000, 0x0000000800000000)
  region size 4096K, 1 young (4096K), 1 survivors (4096K)
 Metaspace       used 38157K, committed 38592K, reserved 1114112K
  class space    used 5376K, committed 5568K, reserved 1048576K
}
Event: 8.987 GC heap before
{Heap before GC invocations=19 (full 0):
 garbage-first heap   total 81920K, used 37226K [0x00000006e0000000, 0x0000000800000000)
  region size 4096K, 2 young (8192K), 1 survivors (4096K)
 Metaspace       used 38588K, committed 38976K, reserved 1114112K
  class space    used 5437K, committed 5632K, reserved 1048576K
}
Event: 8.999 GC heap after
{Heap after GC invocations=20 (full 0):
 garbage-first heap   total 98304K, used 32472K [0x00000006e0000000, 0x0000000800000000)
  region size 4096K, 1 young (4096K), 1 survivors (4096K)
 Metaspace       used 38588K, committed 38976K, reserved 1114112K
  class space    used 5437K, committed 5632K, reserved 1048576K
}

