# JRE version: Java(TM) SE Runtime Environment (17.0.12+8) (build 17.0.12+8-LTS-286)
# Java VM: Java HotSpot(TM) 64-Bit Server VM (17.0.12+8-LTS-286, mixed mode, sharing, tiered, compressed oops, compressed class ptrs, g1 gc, windows-amd64)
GC Precious Log:
 CPUs: 4 total, 4 available
 Memory: 3999M
 Large Page Support: Disabled
 NUMA Support: Disabled
 Compressed Oops: Enabled (Zero based)
 Heap Region Size: 4M
 Heap Min Capacity: 8M
 Heap Initial Capacity: 64M
 Heap Max Capacity: 4608M
 Pre-touch: Disabled
 Parallel Workers: 4
 Concurrent Workers: 1
 Concurrent Refinement Workers: 4
 Periodic GC: Disabled
Heap:
 garbage-first heap   total 172032K, used 99840K [0x00000006e0000000, 0x0000000800000000)
  region size 4096K, 2 young (8192K), 2 survivors (8192K)
 Metaspace       used 78611K, committed 79424K, reserved 1179648K
  class space    used 10936K, committed 11328K, reserved 1048576K
GC Heap History (20 events):
Event: 69.159 GC heap after
{Heap after GC invocations=45 (full 0):
 garbage-first heap   total 135168K, used 71121K [0x00000006e0000000, 0x0000000800000000)
  region size 4096K, 2 young (8192K), 2 survivors (8192K)
 Metaspace       used 68399K, committed 69120K, reserved 1114112K
  class space    used 9756K, committed 10112K, reserved 1048576K
}
Event: 72.004 GC heap before
{Heap before GC invocations=45 (full 0):
 garbage-first heap   total 135168K, used 103889K [0x00000006e0000000, 0x0000000800000000)
  region size 4096K, 10 young (40960K), 2 survivors (8192K)
 Metaspace       used 69504K, committed 70336K, reserved 1114112K
  class space    used 9896K, committed 10304K, reserved 1048576K
}
Event: 72.057 GC heap after
{Heap after GC invocations=46 (full 0):
 garbage-first heap   total 135168K, used 74137K [0x00000006e0000000, 0x0000000800000000)
  region size 4096K, 2 young (8192K), 2 survivors (8192K)
 Metaspace       used 69504K, committed 70336K, reserved 1114112K
  class space    used 9896K, committed 10304K, reserved 1048576K
}
Event: 78.963 GC heap before
{Heap before GC invocations=47 (full 0):
 garbage-first heap   total 139264K, used 98713K [0x00000006e0000000, 0x0000000800000000)
  region size 4096K, 9 young (36864K), 2 survivors (8192K)
 Metaspace       used 70976K, committed 71744K, reserved 1114112K
  class space    used 10039K, committed 10432K, reserved 1048576K
}
Event: 78.987 GC heap after
{Heap after GC invocations=48 (full 0):
 garbage-first heap   total 139264K, used 77824K [0x00000006e0000000, 0x0000000800000000)
  region size 4096K, 1 young (4096K), 1 survivors (4096K)
 Metaspace       used 70976K, committed 71744K, reserved 1114112K
  class space    used 10039K, committed 10432K, reserved 1048576K
}
Event: 80.655 GC heap before
{Heap before GC invocations=48 (full 0):
 garbage-first heap   total 139264K, used 106496K [0x00000006e0000000, 0x0000000800000000)
  region size 4096K, 8 young (32768K), 1 survivors (4096K)
 Metaspace       used 71222K, committed 72000K, reserved 1114112K
  class space    used 10059K, committed 10432K, reserved 1048576K
}
Event: 80.697 GC heap after
{Heap after GC invocations=49 (full 0):
 garbage-first heap   total 139264K, used 80818K [0x00000006e0000000, 0x0000000800000000)
  region size 4096K, 1 young (4096K), 1 survivors (4096K)
 Metaspace       used 71222K, committed 72000K, reserved 1114112K
  class space    used 10059K, committed 10432K, reserved 1048576K
}
Event: 82.943 GC heap before
{Heap before GC invocations=50 (full 0):
 garbage-first heap   total 159744K, used 109490K [0x00000006e0000000, 0x0000000800000000)
  region size 4096K, 8 young (32768K), 1 survivors (4096K)
 Metaspace       used 71249K, committed 72000K, reserved 1114112K
  class space    used 10059K, committed 10432K, reserved 1048576K
}
Event: 82.969 GC heap after
{Heap after GC invocations=51 (full 0):
 garbage-first heap   total 159744K, used 81778K [0x00000006e0000000, 0x0000000800000000)
  region size 4096K, 1 young (4096K), 1 survivors (4096K)
 Metaspace       used 71249K, committed 72000K, reserved 1114112K
  class space    used 10059K, committed 10432K, reserved 1048576K
}
Event: 84.757 GC heap before
{Heap before GC invocations=51 (full 0):
 garbage-first heap   total 159744K, used 122738K [0x00000006e0000000, 0x0000000800000000)
  region size 4096K, 11 young (45056K), 1 survivors (4096K)
 Metaspace       used 71254K, committed 72000K, reserved 1114112K
  class space    used 10059K, committed 10432K, reserved 1048576K
}
Event: 84.769 GC heap after
{Heap after GC invocations=52 (full 0):
 garbage-first heap   total 159744K, used 82549K [0x00000006e0000000, 0x0000000800000000)
  region size 4096K, 1 young (4096K), 1 survivors (4096K)
 Metaspace       used 71254K, committed 72000K, reserved 1114112K
  class space    used 10059K, committed 10432K, reserved 1048576K
}
Event: 85.804 GC heap before
{Heap before GC invocations=53 (full 0):
 garbage-first heap   total 163840K, used 127605K [0x00000006e0000000, 0x0000000800000000)
  region size 4096K, 12 young (49152K), 1 survivors (4096K)
 Metaspace       used 71257K, committed 72000K, reserved 1114112K
  class space    used 10059K, committed 10432K, reserved 1048576K
}
Event: 85.813 GC heap after
{Heap after GC invocations=54 (full 0):
 garbage-first heap   total 163840K, used 83276K [0x00000006e0000000, 0x0000000800000000)
  region size 4096K, 2 young (8192K), 2 survivors (8192K)
 Metaspace       used 71257K, committed 72000K, reserved 1114112K
  class space    used 10059K, committed 10432K, reserved 1048576K
}
Event: 85.891 GC heap before
{Heap before GC invocations=54 (full 0):
 garbage-first heap   total 163840K, used 83276K [0x00000006e0000000, 0x0000000800000000)
  region size 4096K, 3 young (12288K), 2 survivors (8192K)
 Metaspace       used 71257K, committed 72000K, reserved 1114112K
  class space    used 10059K, committed 10432K, reserved 1048576K
}
Event: 86.025 GC heap after
{Heap after GC invocations=55 (full 0):
 garbage-first heap   total 163840K, used 81632K [0x00000006e0000000, 0x0000000800000000)
  region size 4096K, 1 young (4096K), 1 survivors (4096K)
 Metaspace       used 71257K, committed 72000K, reserved 1114112K
  class space    used 10059K, committed 10432K, reserved 1048576K
}
Event: 88.549 GC heap before
{Heap before GC invocations=55 (full 0):
 garbage-first heap   total 163840K, used 126688K [0x00000006e0000000, 0x0000000800000000)
  region size 4096K, 13 young (53248K), 1 survivors (4096K)
 Metaspace       used 73193K, committed 74048K, reserved 1114112K
  class space    used 10308K, committed 10688K, reserved 1048576K
}
Event: 88.568 GC heap after
{Heap after GC invocations=56 (full 0):
 garbage-first heap   total 163840K, used 94208K [0x00000006e0000000, 0x0000000800000000)
  region size 4096K, 2 young (8192K), 2 survivors (8192K)
 Metaspace       used 73193K, committed 74048K, reserved 1114112K
  class space    used 10308K, committed 10688K, reserved 1048576K
}
Event: 89.846 GC heap before
{Heap before GC invocations=57 (full 0):
 garbage-first heap   total 172032K, used 122880K [0x00000006e0000000, 0x0000000800000000)
  region size 4096K, 10 young (40960K), 2 survivors (8192K)
 Metaspace       used 75996K, committed 76800K, reserved 1179648K
  class space    used 10618K, committed 11008K, reserved 1048576K
}
Event: 89.877 GC heap after
{Heap after GC invocations=58 (full 0):
 garbage-first heap   total 172032K, used 95199K [0x00000006e0000000, 0x0000000800000000)
  region size 4096K, 1 young (4096K), 1 survivors (4096K)
 Metaspace       used 75996K, committed 76800K, reserved 1179648K
  class space    used 10618K, committed 11008K, reserved 1048576K
}
Event: 92.625 GC heap before
{Heap before GC invocations=58 (full 0):
 garbage-first heap   total 172032K, used 127967K [0x00000006e0000000, 0x0000000800000000)
  region size 4096K, 10 young (40960K), 1 survivors (4096K)
 Metaspace       used 78611K, committed 79424K, reserved 1179648K
  class space    used 10936K, committed 11328K, reserved 1048576K
}

