# JRE version: Java(TM) SE Runtime Environment (17.0.12+8) (build 17.0.12+8-LTS-286)
# Java VM: Java HotSpot(TM) 64-Bit Server VM (17.0.12+8-LTS-286, mixed mode, sharing, tiered, compressed oops, compressed class ptrs, g1 gc, windows-amd64)
GC Precious Log:
 CPUs: 4 total, 4 available
 Memory: 3999M
 Large Page Support: Disabled
 NUMA Support: Disabled
 Compressed Oops: Enabled (Zero based)
 Heap Region Size: 4M
 Heap Min Capacity: 8M
 Heap Initial Capacity: 64M
 Heap Max Capacity: 4608M
 Pre-touch: Disabled
 Parallel Workers: 4
 Concurrent Workers: 1
 Concurrent Refinement Workers: 4
 Periodic GC: Disabled
Heap:
 garbage-first heap   total 475136K, used 390258K [0x00000006e0000000, 0x0000000800000000)
  region size 4096K, 1 young (4096K), 1 survivors (4096K)
 Metaspace       used 148276K, committed 150016K, reserved 1179648K
  class space    used 19793K, committed 20608K, reserved 1048576K
GC Heap History (20 events):
Event: 165.284 GC heap after
{Heap after GC invocations=60 (full 0):
 garbage-first heap   total 475136K, used 269399K [0x00000006e0000000, 0x0000000800000000)
  region size 4096K, 1 young (4096K), 1 survivors (4096K)
 Metaspace       used 138493K, committed 140096K, reserved 1179648K
  class space    used 18391K, committed 19136K, reserved 1048576K
}
Event: 179.202 GC heap before
{Heap before GC invocations=60 (full 0):
 garbage-first heap   total 475136K, used 379991K [0x00000006e0000000, 0x0000000800000000)
  region size 4096K, 29 young (118784K), 1 survivors (4096K)
 Metaspace       used 139320K, committed 140928K, reserved 1179648K
  class space    used 18442K, committed 19200K, reserved 1048576K
}
Event: 179.318 GC heap after
{Heap after GC invocations=61 (full 0):
 garbage-first heap   total 475136K, used 288987K [0x00000006e0000000, 0x0000000800000000)
  region size 4096K, 4 young (16384K), 4 survivors (16384K)
 Metaspace       used 139320K, committed 140928K, reserved 1179648K
  class space    used 18442K, committed 19200K, reserved 1048576K
}
Event: 191.040 GC heap before
{Heap before GC invocations=61 (full 0):
 garbage-first heap   total 475136K, used 383195K [0x00000006e0000000, 0x0000000800000000)
  region size 4096K, 27 young (110592K), 4 survivors (16384K)
 Metaspace       used 139762K, committed 141376K, reserved 1179648K
  class space    used 18466K, committed 19264K, reserved 1048576K
}
Event: 191.110 GC heap after
{Heap after GC invocations=62 (full 0):
 garbage-first heap   total 475136K, used 299552K [0x00000006e0000000, 0x0000000800000000)
  region size 4096K, 4 young (16384K), 4 survivors (16384K)
 Metaspace       used 139762K, committed 141376K, reserved 1179648K
  class space    used 18466K, committed 19264K, reserved 1048576K
}
Event: 202.548 GC heap before
{Heap before GC invocations=62 (full 0):
 garbage-first heap   total 475136K, used 377376K [0x00000006e0000000, 0x0000000800000000)
  region size 4096K, 24 young (98304K), 4 survivors (16384K)
 Metaspace       used 140107K, committed 141824K, reserved 1179648K
  class space    used 18504K, committed 19264K, reserved 1048576K
}
Event: 202.587 GC heap after
{Heap after GC invocations=63 (full 0):
 garbage-first heap   total 475136K, used 295231K [0x00000006e0000000, 0x0000000800000000)
  region size 4096K, 2 young (8192K), 2 survivors (8192K)
 Metaspace       used 140107K, committed 141824K, reserved 1179648K
  class space    used 18504K, committed 19264K, reserved 1048576K
}
Event: 208.113 GC heap before
{Heap before GC invocations=63 (full 0):
 garbage-first heap   total 475136K, used 385343K [0x00000006e0000000, 0x0000000800000000)
  region size 4096K, 25 young (102400K), 2 survivors (8192K)
 Metaspace       used 144136K, committed 145856K, reserved 1179648K
  class space    used 19065K, committed 19840K, reserved 1048576K
}
Event: 208.155 GC heap after
{Heap after GC invocations=64 (full 0):
 garbage-first heap   total 475136K, used 317328K [0x00000006e0000000, 0x0000000800000000)
  region size 4096K, 3 young (12288K), 3 survivors (12288K)
 Metaspace       used 144136K, committed 145856K, reserved 1179648K
  class space    used 19065K, committed 19840K, reserved 1048576K
}
Event: 209.853 GC heap before
{Heap before GC invocations=64 (full 0):
 garbage-first heap   total 475136K, used 391056K [0x00000006e0000000, 0x0000000800000000)
  region size 4096K, 20 young (81920K), 3 survivors (12288K)
 Metaspace       used 145272K, committed 146944K, reserved 1179648K
  class space    used 19205K, committed 19968K, reserved 1048576K
}
Event: 209.920 GC heap after
{Heap after GC invocations=65 (full 0):
 garbage-first heap   total 475136K, used 345029K [0x00000006e0000000, 0x0000000800000000)
  region size 4096K, 3 young (12288K), 3 survivors (12288K)
 Metaspace       used 145272K, committed 146944K, reserved 1179648K
  class space    used 19205K, committed 19968K, reserved 1048576K
}
Event: 212.566 GC heap before
{Heap before GC invocations=65 (full 0):
 garbage-first heap   total 475136K, used 390085K [0x00000006e0000000, 0x0000000800000000)
  region size 4096K, 14 young (57344K), 3 survivors (12288K)
 Metaspace       used 146384K, committed 148096K, reserved 1179648K
  class space    used 19431K, committed 20224K, reserved 1048576K
}
Event: 213.721 GC heap after
{Heap after GC invocations=66 (full 0):
 garbage-first heap   total 475136K, used 360448K [0x00000006e0000000, 0x0000000800000000)
  region size 4096K, 2 young (8192K), 2 survivors (8192K)
 Metaspace       used 146384K, committed 148096K, reserved 1179648K
  class space    used 19431K, committed 20224K, reserved 1048576K
}
Event: 216.377 GC heap before
{Heap before GC invocations=66 (full 0):
 garbage-first heap   total 475136K, used 368640K [0x00000006e0000000, 0x0000000800000000)
  region size 4096K, 5 young (20480K), 2 survivors (8192K)
 Metaspace       used 148014K, committed 149696K, reserved 1179648K
  class space    used 19780K, committed 20544K, reserved 1048576K
}
Event: 216.655 GC heap after
{Heap after GC invocations=67 (full 0):
 garbage-first heap   total 475136K, used 364576K [0x00000006e0000000, 0x0000000800000000)
  region size 4096K, 1 young (4096K), 1 survivors (4096K)
 Metaspace       used 148014K, committed 149696K, reserved 1179648K
  class space    used 19780K, committed 20544K, reserved 1048576K
}
Event: 217.821 GC heap before
{Heap before GC invocations=67 (full 0):
 garbage-first heap   total 475136K, used 380960K [0x00000006e0000000, 0x0000000800000000)
  region size 4096K, 5 young (20480K), 1 survivors (4096K)
 Metaspace       used 148197K, committed 149888K, reserved 1179648K
  class space    used 19788K, committed 20544K, reserved 1048576K
}
Event: 217.840 GC heap after
{Heap after GC invocations=68 (full 0):
 garbage-first heap   total 475136K, used 372736K [0x00000006e0000000, 0x0000000800000000)
  region size 4096K, 1 young (4096K), 1 survivors (4096K)
 Metaspace       used 148197K, committed 149888K, reserved 1179648K
  class space    used 19788K, committed 20544K, reserved 1048576K
}
Event: 218.940 GC heap before
{Heap before GC invocations=68 (full 0):
 garbage-first heap   total 475136K, used 389120K [0x00000006e0000000, 0x0000000800000000)
  region size 4096K, 5 young (20480K), 1 survivors (4096K)
 Metaspace       used 148270K, committed 150016K, reserved 1179648K
  class space    used 19793K, committed 20608K, reserved 1048576K
}
Event: 218.974 GC heap after
{Heap after GC invocations=69 (full 0):
 garbage-first heap   total 475136K, used 381558K [0x00000006e0000000, 0x0000000800000000)
  region size 4096K, 1 young (4096K), 1 survivors (4096K)
 Metaspace       used 148270K, committed 150016K, reserved 1179648K
  class space    used 19793K, committed 20608K, reserved 1048576K
}
Event: 219.099 GC heap before
{Heap before GC invocations=69 (full 0):
 garbage-first heap   total 475136K, used 397942K [0x00000006e0000000, 0x0000000800000000)
  region size 4096K, 5 young (20480K), 1 survivors (4096K)
 Metaspace       used 148276K, committed 150016K, reserved 1179648K
  class space    used 19793K, committed 20608K, reserved 1048576K
}

