# JRE version: Java(TM) SE Runtime Environment (17.0.12+8) (build 17.0.12+8-LTS-286)
# Java VM: Java HotSpot(TM) 64-Bit Server VM (17.0.12+8-LTS-286, mixed mode, sharing, tiered, compressed oops, compressed class ptrs, g1 gc, windows-amd64)
GC Precious Log:
 CPUs: 4 total, 4 available
 Memory: 3999M
 Large Page Support: Disabled
 NUMA Support: Disabled
 Compressed Oops: Enabled (32-bit)
 Heap Region Size: 1M
 Heap Min Capacity: 8M
 Heap Initial Capacity: 64M
 Heap Max Capacity: 2G
 Pre-touch: Disabled
 Parallel Workers: 4
 Concurrent Workers: 1
 Concurrent Refinement Workers: 4
 Periodic GC: Disabled
Heap:
 garbage-first heap   total 253952K, used 122376K [0x0000000080000000, 0x0000000100000000)
  region size 1024K, 57 young (58368K), 5 survivors (5120K)
 Metaspace       used 67086K, committed 67840K, reserved 491520K
  class space    used 9534K, committed 9920K, reserved 425984K
GC Heap History (20 events):
Event: 48.229 GC heap before
{Heap before GC invocations=30 (full 0):
 garbage-first heap   total 71680K, used 59882K [0x0000000080000000, 0x0000000100000000)
  region size 1024K, 22 young (22528K), 3 survivors (3072K)
 Metaspace       used 51305K, committed 51840K, reserved 491520K
  class space    used 7250K, committed 7488K, reserved 425984K
}
Event: 48.241 GC heap after
{Heap after GC invocations=31 (full 0):
 garbage-first heap   total 71680K, used 41982K [0x0000000080000000, 0x0000000100000000)
  region size 1024K, 3 young (3072K), 3 survivors (3072K)
 Metaspace       used 51305K, committed 51840K, reserved 491520K
  class space    used 7250K, committed 7488K, reserved 425984K
}
Event: 49.985 GC heap before
{Heap before GC invocations=32 (full 0):
 garbage-first heap   total 73728K, used 57342K [0x0000000080000000, 0x0000000100000000)
  region size 1024K, 19 young (19456K), 3 survivors (3072K)
 Metaspace       used 51684K, committed 52288K, reserved 491520K
  class space    used 7271K, committed 7552K, reserved 425984K
}
Event: 50.023 GC heap after
{Heap after GC invocations=33 (full 0):
 garbage-first heap   total 73728K, used 45142K [0x0000000080000000, 0x0000000100000000)
  region size 1024K, 3 young (3072K), 3 survivors (3072K)
 Metaspace       used 51684K, committed 52288K, reserved 491520K
  class space    used 7271K, committed 7552K, reserved 425984K
}
Event: 52.062 GC heap before
{Heap before GC invocations=33 (full 0):
 garbage-first heap   total 73728K, used 58454K [0x0000000080000000, 0x0000000100000000)
  region size 1024K, 17 young (17408K), 3 survivors (3072K)
 Metaspace       used 52246K, committed 52736K, reserved 491520K
  class space    used 7358K, committed 7616K, reserved 425984K
}
Event: 52.069 GC heap after
{Heap after GC invocations=34 (full 0):
 garbage-first heap   total 104448K, used 47021K [0x0000000080000000, 0x0000000100000000)
  region size 1024K, 3 young (3072K), 3 survivors (3072K)
 Metaspace       used 52246K, committed 52736K, reserved 491520K
  class space    used 7358K, committed 7616K, reserved 425984K
}
Event: 54.596 GC heap before
{Heap before GC invocations=35 (full 0):
 garbage-first heap   total 104448K, used 84909K [0x0000000080000000, 0x0000000100000000)
  region size 1024K, 36 young (36864K), 3 survivors (3072K)
 Metaspace       used 55015K, committed 55616K, reserved 491520K
  class space    used 7830K, committed 8128K, reserved 425984K
}
Event: 54.603 GC heap after
{Heap after GC invocations=36 (full 0):
 garbage-first heap   total 104448K, used 52626K [0x0000000080000000, 0x0000000100000000)
  region size 1024K, 4 young (4096K), 4 survivors (4096K)
 Metaspace       used 55015K, committed 55616K, reserved 491520K
  class space    used 7830K, committed 8128K, reserved 425984K
}
Event: 54.638 GC heap before
{Heap before GC invocations=36 (full 0):
 garbage-first heap   total 104448K, used 53650K [0x0000000080000000, 0x0000000100000000)
  region size 1024K, 5 young (5120K), 4 survivors (4096K)
 Metaspace       used 55069K, committed 55744K, reserved 491520K
  class space    used 7838K, committed 8192K, reserved 425984K
}
Event: 54.650 GC heap after
{Heap after GC invocations=37 (full 0):
 garbage-first heap   total 104448K, used 52497K [0x0000000080000000, 0x0000000100000000)
  region size 1024K, 1 young (1024K), 1 survivors (1024K)
 Metaspace       used 55069K, committed 55744K, reserved 491520K
  class space    used 7838K, committed 8192K, reserved 425984K
}
Event: 57.972 GC heap before
{Heap before GC invocations=37 (full 0):
 garbage-first heap   total 104448K, used 90385K [0x0000000080000000, 0x0000000100000000)
  region size 1024K, 31 young (31744K), 1 survivors (1024K)
 Metaspace       used 58173K, committed 58816K, reserved 491520K
  class space    used 8247K, committed 8576K, reserved 425984K
}
Event: 58.184 GC heap after
{Heap after GC invocations=38 (full 0):
 garbage-first heap   total 104448K, used 63220K [0x0000000080000000, 0x0000000100000000)
  region size 1024K, 4 young (4096K), 4 survivors (4096K)
 Metaspace       used 58173K, committed 58816K, reserved 491520K
  class space    used 8247K, committed 8576K, reserved 425984K
}
Event: 59.248 GC heap before
{Heap before GC invocations=39 (full 0):
 garbage-first heap   total 126976K, used 82676K [0x0000000080000000, 0x0000000100000000)
  region size 1024K, 23 young (23552K), 4 survivors (4096K)
 Metaspace       used 59528K, committed 60224K, reserved 491520K
  class space    used 8440K, committed 8768K, reserved 425984K
}
Event: 59.254 GC heap after
{Heap after GC invocations=40 (full 0):
 garbage-first heap   total 126976K, used 64573K [0x0000000080000000, 0x0000000100000000)
  region size 1024K, 2 young (2048K), 2 survivors (2048K)
 Metaspace       used 59528K, committed 60224K, reserved 491520K
  class space    used 8440K, committed 8768K, reserved 425984K
}
Event: 59.368 GC heap before
{Heap before GC invocations=40 (full 0):
 garbage-first heap   total 126976K, used 68669K [0x0000000080000000, 0x0000000100000000)
  region size 1024K, 6 young (6144K), 2 survivors (2048K)
 Metaspace       used 59754K, committed 60480K, reserved 491520K
  class space    used 8473K, committed 8832K, reserved 425984K
}
Event: 59.385 GC heap after
{Heap after GC invocations=41 (full 0):
 garbage-first heap   total 126976K, used 64572K [0x0000000080000000, 0x0000000100000000)
  region size 1024K, 1 young (1024K), 1 survivors (1024K)
 Metaspace       used 59754K, committed 60480K, reserved 491520K
  class space    used 8473K, committed 8832K, reserved 425984K
}
Event: 62.289 GC heap before
{Heap before GC invocations=41 (full 0):
 garbage-first heap   total 126976K, used 103484K [0x0000000080000000, 0x0000000100000000)
  region size 1024K, 39 young (39936K), 1 survivors (1024K)
 Metaspace       used 61915K, committed 62528K, reserved 491520K
  class space    used 8757K, committed 9088K, reserved 425984K
}
Event: 62.346 GC heap after
{Heap after GC invocations=42 (full 0):
 garbage-first heap   total 126976K, used 66193K [0x0000000080000000, 0x0000000100000000)
  region size 1024K, 2 young (2048K), 2 survivors (2048K)
 Metaspace       used 61915K, committed 62528K, reserved 491520K
  class space    used 8757K, committed 9088K, reserved 425984K
}
Event: 69.252 GC heap before
{Heap before GC invocations=42 (full 0):
 garbage-first heap   total 126976K, used 103057K [0x0000000080000000, 0x0000000100000000)
  region size 1024K, 39 young (39936K), 2 survivors (2048K)
 Metaspace       used 63174K, committed 63872K, reserved 491520K
  class space    used 8925K, committed 9280K, reserved 425984K
}
Event: 69.314 GC heap after
{Heap after GC invocations=43 (full 0):
 garbage-first heap   total 253952K, used 70152K [0x0000000080000000, 0x0000000100000000)
  region size 1024K, 5 young (5120K), 5 survivors (5120K)
 Metaspace       used 63174K, committed 63872K, reserved 491520K
  class space    used 8925K, committed 9280K, reserved 425984K
}

