# JRE version: Java(TM) SE Runtime Environment (17.0.12+8) (build 17.0.12+8-LTS-286)
# Java VM: Java HotSpot(TM) 64-Bit Server VM (17.0.12+8-LTS-286, mixed mode, sharing, tiered, compressed oops, compressed class ptrs, g1 gc, windows-amd64)
GC Precious Log:
 CPUs: 4 total, 4 available
 Memory: 3999M
 Large Page Support: Disabled
 NUMA Support: Disabled
 Compressed Oops: Enabled (Zero based)
 Heap Region Size: 4M
 Heap Min Capacity: 8M
 Heap Initial Capacity: 64M
 Heap Max Capacity: 4608M
 Pre-touch: Disabled
 Parallel Workers: 4
 Concurrent Workers: 1
 Concurrent Refinement Workers: 4
 Periodic GC: Disabled
Heap:
 garbage-first heap   total 1425408K, used 420187K [0x00000006e0000000, 0x0000000800000000)
  region size 4096K, 3 young (12288K), 3 survivors (12288K)
 Metaspace       used 121653K, committed 123136K, reserved 1179648K
  class space    used 17048K, committed 17728K, reserved 1048576K
GC Heap History (20 events):
Event: 82.386 GC heap after
{Heap after GC invocations=57 (full 0):
 garbage-first heap   total 475136K, used 232311K [0x00000006e0000000, 0x0000000800000000)
  region size 4096K, 2 young (8192K), 2 survivors (8192K)
 Metaspace       used 110982K, committed 112320K, reserved 1179648K
  class space    used 15499K, committed 16128K, reserved 1048576K
}
Event: 82.638 GC heap before
{Heap before GC invocations=57 (full 0):
 garbage-first heap   total 475136K, used 240503K [0x00000006e0000000, 0x0000000800000000)
  region size 4096K, 5 young (20480K), 2 survivors (8192K)
 Metaspace       used 111185K, committed 112512K, reserved 1179648K
  class space    used 15523K, committed 16128K, reserved 1048576K
}
Event: 82.738 GC heap after
{Heap after GC invocations=58 (full 0):
 garbage-first heap   total 475136K, used 231634K [0x00000006e0000000, 0x0000000800000000)
  region size 4096K, 1 young (4096K), 1 survivors (4096K)
 Metaspace       used 111185K, committed 112512K, reserved 1179648K
  class space    used 15523K, committed 16128K, reserved 1048576K
}
Event: 84.780 GC heap before
{Heap before GC invocations=58 (full 0):
 garbage-first heap   total 475136K, used 317650K [0x00000006e0000000, 0x0000000800000000)
  region size 4096K, 23 young (94208K), 1 survivors (4096K)
 Metaspace       used 111428K, committed 112768K, reserved 1179648K
  class space    used 15548K, committed 16192K, reserved 1048576K
}
Event: 84.897 GC heap after
{Heap after GC invocations=59 (full 0):
 garbage-first heap   total 1425408K, used 234579K [0x00000006e0000000, 0x0000000800000000)
  region size 4096K, 2 young (8192K), 2 survivors (8192K)
 Metaspace       used 111428K, committed 112768K, reserved 1179648K
  class space    used 15548K, committed 16192K, reserved 1048576K
}
Event: 86.516 GC heap before
{Heap before GC invocations=59 (full 0):
 garbage-first heap   total 1425408K, used 332883K [0x00000006e0000000, 0x0000000800000000)
  region size 4096K, 26 young (106496K), 2 survivors (8192K)
 Metaspace       used 111433K, committed 112768K, reserved 1179648K
  class space    used 15549K, committed 16192K, reserved 1048576K
}
Event: 86.573 GC heap after
{Heap after GC invocations=60 (full 0):
 garbage-first heap   total 1425408K, used 236563K [0x00000006e0000000, 0x0000000800000000)
  region size 4096K, 2 young (8192K), 2 survivors (8192K)
 Metaspace       used 111433K, committed 112768K, reserved 1179648K
  class space    used 15549K, committed 16192K, reserved 1048576K
}
Event: 90.372 GC heap before
{Heap before GC invocations=60 (full 0):
 garbage-first heap   total 1425408K, used 384019K [0x00000006e0000000, 0x0000000800000000)
  region size 4096K, 38 young (155648K), 2 survivors (8192K)
 Metaspace       used 111438K, committed 112768K, reserved 1179648K
  class space    used 15549K, committed 16192K, reserved 1048576K
}
Event: 90.471 GC heap after
{Heap after GC invocations=61 (full 0):
 garbage-first heap   total 1425408K, used 239382K [0x00000006e0000000, 0x0000000800000000)
  region size 4096K, 3 young (12288K), 3 survivors (12288K)
 Metaspace       used 111438K, committed 112768K, reserved 1179648K
  class space    used 15549K, committed 16192K, reserved 1048576K
}
Event: 95.204 GC heap before
{Heap before GC invocations=61 (full 0):
 garbage-first heap   total 1425408K, used 456470K [0x00000006e0000000, 0x0000000800000000)
  region size 4096K, 57 young (233472K), 3 survivors (12288K)
 Metaspace       used 111856K, committed 113280K, reserved 1179648K
  class space    used 15595K, committed 16256K, reserved 1048576K
}
Event: 95.244 GC heap after
{Heap after GC invocations=62 (full 0):
 garbage-first heap   total 1425408K, used 248476K [0x00000006e0000000, 0x0000000800000000)
  region size 4096K, 5 young (20480K), 5 survivors (20480K)
 Metaspace       used 111856K, committed 113280K, reserved 1179648K
  class space    used 15595K, committed 16256K, reserved 1048576K
}
Event: 97.929 GC heap before
{Heap before GC invocations=62 (full 0):
 garbage-first heap   total 1425408K, used 445084K [0x00000006e0000000, 0x0000000800000000)
  region size 4096K, 54 young (221184K), 5 survivors (20480K)
 Metaspace       used 113646K, committed 115136K, reserved 1179648K
  class space    used 15770K, committed 16448K, reserved 1048576K
}
Event: 97.989 GC heap after
{Heap after GC invocations=63 (full 0):
 garbage-first heap   total 1425408K, used 255794K [0x00000006e0000000, 0x0000000800000000)
  region size 4096K, 6 young (24576K), 6 survivors (24576K)
 Metaspace       used 113646K, committed 115136K, reserved 1179648K
  class space    used 15770K, committed 16448K, reserved 1048576K
}
Event: 101.736 GC heap before
{Heap before GC invocations=63 (full 0):
 garbage-first heap   total 1425408K, used 587570K [0x00000006e0000000, 0x0000000800000000)
  region size 4096K, 82 young (335872K), 6 survivors (24576K)
 Metaspace       used 120067K, committed 121600K, reserved 1179648K
  class space    used 16842K, committed 17536K, reserved 1048576K
}
Event: 102.440 GC heap after
{Heap after GC invocations=64 (full 0):
 garbage-first heap   total 1425408K, used 359768K [0x00000006e0000000, 0x0000000800000000)
  region size 4096K, 11 young (45056K), 11 survivors (45056K)
 Metaspace       used 120067K, committed 121600K, reserved 1179648K
  class space    used 16842K, committed 17536K, reserved 1048576K
}
Event: 103.059 GC heap before
{Heap before GC invocations=64 (full 0):
 garbage-first heap   total 1425408K, used 380248K [0x00000006e0000000, 0x0000000800000000)
  region size 4096K, 17 young (69632K), 11 survivors (45056K)
 Metaspace       used 120470K, committed 121984K, reserved 1179648K
  class space    used 16890K, committed 17600K, reserved 1048576K
}
Event: 103.627 GC heap after
{Heap after GC invocations=65 (full 0):
 garbage-first heap   total 1425408K, used 372400K [0x00000006e0000000, 0x0000000800000000)
  region size 4096K, 3 young (12288K), 3 survivors (12288K)
 Metaspace       used 120470K, committed 121984K, reserved 1179648K
  class space    used 16890K, committed 17600K, reserved 1048576K
}
Event: 104.504 GC heap before
{Heap before GC invocations=65 (full 0):
 garbage-first heap   total 1425408K, used 425648K [0x00000006e0000000, 0x0000000800000000)
  region size 4096K, 17 young (69632K), 3 survivors (12288K)
 Metaspace       used 121165K, committed 122624K, reserved 1179648K
  class space    used 16968K, committed 17664K, reserved 1048576K
}
Event: 104.595 GC heap after
{Heap after GC invocations=66 (full 0):
 garbage-first heap   total 1425408K, used 395008K [0x00000006e0000000, 0x0000000800000000)
  region size 4096K, 3 young (12288K), 3 survivors (12288K)
 Metaspace       used 121165K, committed 122624K, reserved 1179648K
  class space    used 16968K, committed 17664K, reserved 1048576K
}
Event: 105.297 GC heap before
{Heap before GC invocations=66 (full 0):
 garbage-first heap   total 1425408K, used 452352K [0x00000006e0000000, 0x0000000800000000)
  region size 4096K, 17 young (69632K), 3 survivors (12288K)
 Metaspace       used 121653K, committed 123136K, reserved 1179648K
  class space    used 17048K, committed 17728K, reserved 1048576K
}

