# JRE version: Java(TM) SE Runtime Environment (17.0.12+8) (build 17.0.12+8-LTS-286)
# Java VM: Java HotSpot(TM) 64-Bit Server VM (17.0.12+8-LTS-286, mixed mode, sharing, tiered, compressed oops, compressed class ptrs, g1 gc, windows-amd64)
GC Precious Log:
 CPUs: 4 total, 4 available
 Memory: 3999M
 Large Page Support: Disabled
 NUMA Support: Disabled
 Compressed Oops: Enabled (Zero based)
 Heap Region Size: 4M
 Heap Min Capacity: 8M
 Heap Initial Capacity: 64M
 Heap Max Capacity: 4608M
 Pre-touch: Disabled
 Parallel Workers: 4
 Concurrent Workers: 1
 Concurrent Refinement Workers: 4
 Periodic GC: Disabled
Heap:
 garbage-first heap   total 1024000K, used 547835K [0x00000006e0000000, 0x0000000800000000)
  region size 4096K, 1 young (4096K), 1 survivors (4096K)
 Metaspace       used 129769K, committed 131264K, reserved 1179648K
  class space    used 18049K, committed 18752K, reserved 1048576K
GC Heap History (20 events):
Event: 83.663 GC heap after
{Heap after GC invocations=71 (full 0):
 garbage-first heap   total 565248K, used 321400K [0x00000006e0000000, 0x0000000800000000)
  region size 4096K, 7 young (28672K), 7 survivors (28672K)
 Metaspace       used 119580K, committed 121088K, reserved 1179648K
  class space    used 16551K, committed 17280K, reserved 1048576K
}
Event: 85.240 GC heap before
{Heap before GC invocations=71 (full 0):
 garbage-first heap   total 565248K, used 436088K [0x00000006e0000000, 0x0000000800000000)
  region size 4096K, 36 young (147456K), 7 survivors (28672K)
 Metaspace       used 122172K, committed 123712K, reserved 1179648K
  class space    used 17073K, committed 17792K, reserved 1048576K
}
Event: 85.369 GC heap after
{Heap after GC invocations=72 (full 0):
 garbage-first heap   total 1024000K, used 371077K [0x00000006e0000000, 0x0000000800000000)
  region size 4096K, 5 young (20480K), 5 survivors (20480K)
 Metaspace       used 122172K, committed 123712K, reserved 1179648K
  class space    used 17073K, committed 17792K, reserved 1048576K
}
Event: 115.903 GC heap before
{Heap before GC invocations=72 (full 0):
 garbage-first heap   total 1024000K, used 727429K [0x00000006e0000000, 0x0000000800000000)
  region size 4096K, 93 young (380928K), 5 survivors (20480K)
 Metaspace       used 128015K, committed 129536K, reserved 1179648K
  class space    used 17860K, committed 18560K, reserved 1048576K
}
Event: 118.315 GC heap after
{Heap after GC invocations=73 (full 0):
 garbage-first heap   total 1024000K, used 452522K [0x00000006e0000000, 0x0000000800000000)
  region size 4096K, 12 young (49152K), 12 survivors (49152K)
 Metaspace       used 128015K, committed 129536K, reserved 1179648K
  class space    used 17860K, committed 18560K, reserved 1048576K
}
Event: 119.893 GC heap before
{Heap before GC invocations=73 (full 0):
 garbage-first heap   total 1024000K, used 456618K [0x00000006e0000000, 0x0000000800000000)
  region size 4096K, 13 young (53248K), 12 survivors (49152K)
 Metaspace       used 128020K, committed 129536K, reserved 1179648K
  class space    used 17861K, committed 18560K, reserved 1048576K
}
Event: 120.648 GC heap after
{Heap after GC invocations=74 (full 0):
 garbage-first heap   total 1024000K, used 460705K [0x00000006e0000000, 0x0000000800000000)
  region size 4096K, 2 young (8192K), 2 survivors (8192K)
 Metaspace       used 128020K, committed 129536K, reserved 1179648K
  class space    used 17861K, committed 18560K, reserved 1048576K
}
Event: 128.166 GC heap before
{Heap before GC invocations=74 (full 0):
 garbage-first heap   total 1024000K, used 497569K [0x00000006e0000000, 0x0000000800000000)
  region size 4096K, 12 young (49152K), 2 survivors (8192K)
 Metaspace       used 128042K, committed 129536K, reserved 1179648K
  class space    used 17864K, committed 18560K, reserved 1048576K
}
Event: 128.279 GC heap after
{Heap after GC invocations=75 (full 0):
 garbage-first heap   total 1024000K, used 463104K [0x00000006e0000000, 0x0000000800000000)
  region size 4096K, 2 young (8192K), 2 survivors (8192K)
 Metaspace       used 128042K, committed 129536K, reserved 1179648K
  class space    used 17864K, committed 18560K, reserved 1048576K
}
Event: 130.619 GC heap before
{Heap before GC invocations=75 (full 0):
 garbage-first heap   total 1024000K, used 499968K [0x00000006e0000000, 0x0000000800000000)
  region size 4096K, 12 young (49152K), 2 survivors (8192K)
 Metaspace       used 128305K, committed 129856K, reserved 1179648K
  class space    used 17893K, committed 18624K, reserved 1048576K
}
Event: 130.664 GC heap after
{Heap after GC invocations=76 (full 0):
 garbage-first heap   total 1024000K, used 466314K [0x00000006e0000000, 0x0000000800000000)
  region size 4096K, 2 young (8192K), 2 survivors (8192K)
 Metaspace       used 128305K, committed 129856K, reserved 1179648K
  class space    used 17893K, committed 18624K, reserved 1048576K
}
Event: 132.185 GC heap before
{Heap before GC invocations=76 (full 0):
 garbage-first heap   total 1024000K, used 503178K [0x00000006e0000000, 0x0000000800000000)
  region size 4096K, 12 young (49152K), 2 survivors (8192K)
 Metaspace       used 128634K, committed 130176K, reserved 1179648K
  class space    used 17934K, committed 18624K, reserved 1048576K
}
Event: 132.209 GC heap after
{Heap after GC invocations=77 (full 0):
 garbage-first heap   total 1024000K, used 471592K [0x00000006e0000000, 0x0000000800000000)
  region size 4096K, 2 young (8192K), 2 survivors (8192K)
 Metaspace       used 128634K, committed 130176K, reserved 1179648K
  class space    used 17934K, committed 18624K, reserved 1048576K
}
Event: 133.726 GC heap before
{Heap before GC invocations=77 (full 0):
 garbage-first heap   total 1024000K, used 508456K [0x00000006e0000000, 0x0000000800000000)
  region size 4096K, 12 young (49152K), 2 survivors (8192K)
 Metaspace       used 129501K, committed 131072K, reserved 1179648K
  class space    used 18026K, committed 18752K, reserved 1048576K
}
Event: 133.760 GC heap after
{Heap after GC invocations=78 (full 0):
 garbage-first heap   total 1024000K, used 481280K [0x00000006e0000000, 0x0000000800000000)
  region size 4096K, 2 young (8192K), 2 survivors (8192K)
 Metaspace       used 129501K, committed 131072K, reserved 1179648K
  class space    used 18026K, committed 18752K, reserved 1048576K
}
Event: 144.358 GC heap before
{Heap before GC invocations=78 (full 0):
 garbage-first heap   total 1024000K, used 583680K [0x00000006e0000000, 0x0000000800000000)
  region size 4096K, 28 young (114688K), 2 survivors (8192K)
 Metaspace       used 129652K, committed 131200K, reserved 1179648K
  class space    used 18043K, committed 18752K, reserved 1048576K
}
Event: 144.690 GC heap after
{Heap after GC invocations=79 (full 0):
 garbage-first heap   total 1024000K, used 512055K [0x00000006e0000000, 0x0000000800000000)
  region size 4096K, 4 young (16384K), 4 survivors (16384K)
 Metaspace       used 129652K, committed 131200K, reserved 1179648K
  class space    used 18043K, committed 18752K, reserved 1048576K
}
Event: 146.260 GC heap before
{Heap before GC invocations=79 (full 0):
 garbage-first heap   total 1024000K, used 544823K [0x00000006e0000000, 0x0000000800000000)
  region size 4096K, 12 young (49152K), 4 survivors (16384K)
 Metaspace       used 129658K, committed 131200K, reserved 1179648K
  class space    used 18044K, committed 18752K, reserved 1048576K
}
Event: 146.685 GC heap after
{Heap after GC invocations=80 (full 0):
 garbage-first heap   total 1024000K, used 521216K [0x00000006e0000000, 0x0000000800000000)
  region size 4096K, 2 young (8192K), 2 survivors (8192K)
 Metaspace       used 129658K, committed 131200K, reserved 1179648K
  class space    used 18044K, committed 18752K, reserved 1048576K
}
Event: 151.963 GC heap before
{Heap before GC invocations=80 (full 0):
 garbage-first heap   total 1024000K, used 586752K [0x00000006e0000000, 0x0000000800000000)
  region size 4096K, 12 young (49152K), 2 survivors (8192K)
 Metaspace       used 129769K, committed 131264K, reserved 1179648K
  class space    used 18049K, committed 18752K, reserved 1048576K
}

