# JRE version: Java(TM) SE Runtime Environment (17.0.12+8) (build 17.0.12+8-LTS-286)
# Java VM: Java HotSpot(TM) 64-Bit Server VM (17.0.12+8-LTS-286, mixed mode, sharing, tiered, compressed oops, compressed class ptrs, g1 gc, windows-amd64)
GC Precious Log:
 CPUs: 4 total, 4 available
 Memory: 3999M
 Large Page Support: Disabled
 NUMA Support: Disabled
 Compressed Oops: Enabled (Zero based)
 Heap Region Size: 4M
 Heap Min Capacity: 8M
 Heap Initial Capacity: 64M
 Heap Max Capacity: 4608M
 Pre-touch: Disabled
 Parallel Workers: 4
 Concurrent Workers: 1
 Concurrent Refinement Workers: 4
 Periodic GC: Disabled
Heap:
 garbage-first heap   total 1024000K, used 263288K [0x00000006e0000000, 0x0000000800000000)
  region size 4096K, 2 young (8192K), 2 survivors (8192K)
 Metaspace       used 120792K, committed 122880K, reserved 1179648K
  class space    used 16571K, committed 17536K, reserved 1048576K
GC Heap History (20 events):
Event: 729.543 GC heap after
{Heap after GC invocations=84 (full 0):
 garbage-first heap   total 507904K, used 274432K [0x00000006e0000000, 0x0000000800000000)
  region size 4096K, 4 young (16384K), 4 survivors (16384K)
 Metaspace       used 119268K, committed 121024K, reserved 1179648K
  class space    used 16409K, committed 17216K, reserved 1048576K
}
Event: 732.227 GC heap before
{Heap before GC invocations=84 (full 0):
 garbage-first heap   total 507904K, used 303104K [0x00000006e0000000, 0x0000000800000000)
  region size 4096K, 11 young (45056K), 4 survivors (16384K)
 Metaspace       used 119384K, committed 121152K, reserved 1179648K
  class space    used 16424K, committed 17280K, reserved 1048576K
}
Event: 732.352 GC heap after
{Heap after GC invocations=85 (full 0):
 garbage-first heap   total 507904K, used 280401K [0x00000006e0000000, 0x0000000800000000)
  region size 4096K, 2 young (8192K), 2 survivors (8192K)
 Metaspace       used 119384K, committed 121152K, reserved 1179648K
  class space    used 16424K, committed 17280K, reserved 1048576K
}
Event: 765.096 GC heap before
{Heap before GC invocations=86 (full 0):
 garbage-first heap   total 512000K, used 370513K [0x00000006e0000000, 0x0000000800000000)
  region size 4096K, 24 young (98304K), 2 survivors (8192K)
 Metaspace       used 119848K, committed 121600K, reserved 1179648K
  class space    used 16466K, committed 17344K, reserved 1048576K
}
Event: 765.941 GC heap after
{Heap after GC invocations=87 (full 0):
 garbage-first heap   total 512000K, used 296832K [0x00000006e0000000, 0x0000000800000000)
  region size 4096K, 3 young (12288K), 3 survivors (12288K)
 Metaspace       used 119848K, committed 121600K, reserved 1179648K
  class space    used 16466K, committed 17344K, reserved 1048576K
}
Event: 780.482 GC heap before
{Heap before GC invocations=87 (full 0):
 garbage-first heap   total 512000K, used 309120K [0x00000006e0000000, 0x0000000800000000)
  region size 4096K, 6 young (24576K), 3 survivors (12288K)
 Metaspace       used 119878K, committed 121728K, reserved 1179648K
  class space    used 16466K, committed 17344K, reserved 1048576K
}
Event: 782.409 GC heap after
{Heap after GC invocations=88 (full 0):
 garbage-first heap   total 512000K, used 287292K [0x00000006e0000000, 0x0000000800000000)
  region size 4096K, 1 young (4096K), 1 survivors (4096K)
 Metaspace       used 119878K, committed 121728K, reserved 1179648K
  class space    used 16466K, committed 17344K, reserved 1048576K
}
Event: 783.799 GC heap before
{Heap before GC invocations=88 (full 0):
 garbage-first heap   total 512000K, used 307772K [0x00000006e0000000, 0x0000000800000000)
  region size 4096K, 6 young (24576K), 1 survivors (4096K)
 Metaspace       used 119946K, committed 121792K, reserved 1179648K
  class space    used 16472K, committed 17344K, reserved 1048576K
}
Event: 784.043 GC heap after
{Heap after GC invocations=89 (full 0):
 garbage-first heap   total 512000K, used 281265K [0x00000006e0000000, 0x0000000800000000)
  region size 4096K, 1 young (4096K), 1 survivors (4096K)
 Metaspace       used 119946K, committed 121792K, reserved 1179648K
  class space    used 16472K, committed 17344K, reserved 1048576K
}
Event: 784.862 GC heap before
{Heap before GC invocations=89 (full 0):
 garbage-first heap   total 512000K, used 301745K [0x00000006e0000000, 0x0000000800000000)
  region size 4096K, 6 young (24576K), 1 survivors (4096K)
 Metaspace       used 120044K, committed 121856K, reserved 1179648K
  class space    used 16479K, committed 17344K, reserved 1048576K
}
Event: 784.999 GC heap after
{Heap after GC invocations=90 (full 0):
 garbage-first heap   total 512000K, used 275817K [0x00000006e0000000, 0x0000000800000000)
  region size 4096K, 1 young (4096K), 1 survivors (4096K)
 Metaspace       used 120044K, committed 121856K, reserved 1179648K
  class space    used 16479K, committed 17344K, reserved 1048576K
}
Event: 785.286 GC heap before
{Heap before GC invocations=90 (full 0):
 garbage-first heap   total 512000K, used 296297K [0x00000006e0000000, 0x0000000800000000)
  region size 4096K, 6 young (24576K), 1 survivors (4096K)
 Metaspace       used 120103K, committed 121920K, reserved 1179648K
  class space    used 16481K, committed 17344K, reserved 1048576K
}
Event: 785.422 GC heap after
{Heap after GC invocations=91 (full 0):
 garbage-first heap   total 1024000K, used 272247K [0x00000006e0000000, 0x0000000800000000)
  region size 4096K, 1 young (4096K), 1 survivors (4096K)
 Metaspace       used 120103K, committed 121920K, reserved 1179648K
  class space    used 16481K, committed 17344K, reserved 1048576K
}
Event: 788.256 GC heap before
{Heap before GC invocations=91 (full 0):
 garbage-first heap   total 1024000K, used 317303K [0x00000006e0000000, 0x0000000800000000)
  region size 4096K, 12 young (49152K), 1 survivors (4096K)
 Metaspace       used 120197K, committed 122112K, reserved 1179648K
  class space    used 16494K, committed 17408K, reserved 1048576K
}
Event: 788.720 GC heap after
{Heap after GC invocations=92 (full 0):
 garbage-first heap   total 1024000K, used 270119K [0x00000006e0000000, 0x0000000800000000)
  region size 4096K, 2 young (8192K), 2 survivors (8192K)
 Metaspace       used 120197K, committed 122112K, reserved 1179648K
  class space    used 16494K, committed 17408K, reserved 1048576K
}
Event: 790.749 GC heap before
{Heap before GC invocations=92 (full 0):
 garbage-first heap   total 1024000K, used 306983K [0x00000006e0000000, 0x0000000800000000)
  region size 4096K, 12 young (49152K), 2 survivors (8192K)
 Metaspace       used 120368K, committed 122240K, reserved 1179648K
  class space    used 16517K, committed 17408K, reserved 1048576K
}
Event: 790.921 GC heap after
{Heap after GC invocations=93 (full 0):
 garbage-first heap   total 1024000K, used 265388K [0x00000006e0000000, 0x0000000800000000)
  region size 4096K, 2 young (8192K), 2 survivors (8192K)
 Metaspace       used 120368K, committed 122240K, reserved 1179648K
  class space    used 16517K, committed 17408K, reserved 1048576K
}
Event: 791.999 GC heap before
{Heap before GC invocations=93 (full 0):
 garbage-first heap   total 1024000K, used 306348K [0x00000006e0000000, 0x0000000800000000)
  region size 4096K, 12 young (49152K), 2 survivors (8192K)
 Metaspace       used 120565K, committed 122496K, reserved 1179648K
  class space    used 16554K, committed 17472K, reserved 1048576K
}
Event: 793.012 GC heap after
{Heap after GC invocations=94 (full 0):
 garbage-first heap   total 1024000K, used 262951K [0x00000006e0000000, 0x0000000800000000)
  region size 4096K, 2 young (8192K), 2 survivors (8192K)
 Metaspace       used 120565K, committed 122496K, reserved 1179648K
  class space    used 16554K, committed 17472K, reserved 1048576K
}
Event: 811.415 GC heap before
{Heap before GC invocations=94 (full 0):
 garbage-first heap   total 1024000K, used 303911K [0x00000006e0000000, 0x0000000800000000)
  region size 4096K, 12 young (49152K), 2 survivors (8192K)
 Metaspace       used 120792K, committed 122880K, reserved 1179648K
  class space    used 16571K, committed 17536K, reserved 1048576K
}

