# JRE version: Java(TM) SE Runtime Environment (17.0.12+8) (build 17.0.12+8-LTS-286)
# Java VM: Java HotSpot(TM) 64-Bit Server VM (17.0.12+8-LTS-286, mixed mode, sharing, tiered, compressed oops, compressed class ptrs, g1 gc, windows-amd64)
GC Precious Log:
 CPUs: 4 total, 4 available
 Memory: 3999M
 Large Page Support: Disabled
 NUMA Support: Disabled
 Compressed Oops: Enabled (32-bit)
 Heap Region Size: 1M
 Heap Min Capacity: 8M
 Heap Initial Capacity: 64M
 Heap Max Capacity: 1000M
 Pre-touch: Disabled
 Parallel Workers: 4
 Concurrent Workers: 1
 Concurrent Refinement Workers: 4
 Periodic GC: Disabled
Heap:
 garbage-first heap   total 572416K, used 125022K [0x00000000c1800000, 0x0000000100000000)
  region size 1024K, 6 young (6144K), 1 survivors (1024K)
 Metaspace       used 75420K, committed 75712K, reserved 1179648K
  class space    used 7938K, committed 8064K, reserved 1048576K
GC Heap History (20 events):
Event: 96.900 GC heap before
{Heap before GC invocations=43 (full 0):
 garbage-first heap   total 271360K, used 152234K [0x00000000c1800000, 0x0000000100000000)
  region size 1024K, 75 young (76800K), 12 survivors (12288K)
 Metaspace       used 59501K, committed 59840K, reserved 1114112K
  class space    used 6545K, committed 6720K, reserved 1048576K
}
Event: 96.986 GC heap after
{Heap after GC invocations=44 (full 0):
 garbage-first heap   total 271360K, used 90724K [0x00000000c1800000, 0x0000000100000000)
  region size 1024K, 4 young (4096K), 4 survivors (4096K)
 Metaspace       used 59501K, committed 59840K, reserved 1114112K
  class space    used 6545K, committed 6720K, reserved 1048576K
}
Event: 111.148 GC heap before
{Heap before GC invocations=44 (full 0):
 garbage-first heap   total 271360K, used 209508K [0x00000000c1800000, 0x0000000100000000)
  region size 1024K, 120 young (122880K), 4 survivors (4096K)
 Metaspace       used 68155K, committed 68480K, reserved 1114112K
  class space    used 7319K, committed 7488K, reserved 1048576K
}
Event: 111.977 GC heap after
{Heap after GC invocations=45 (full 0):
 garbage-first heap   total 271360K, used 109568K [0x00000000c1800000, 0x0000000100000000)
  region size 1024K, 15 young (15360K), 15 survivors (15360K)
 Metaspace       used 68155K, committed 68480K, reserved 1114112K
  class space    used 7319K, committed 7488K, reserved 1048576K
}
Event: 112.368 GC heap before
{Heap before GC invocations=45 (full 0):
 garbage-first heap   total 271360K, used 109568K [0x00000000c1800000, 0x0000000100000000)
  region size 1024K, 16 young (16384K), 15 survivors (15360K)
 Metaspace       used 68211K, committed 68544K, reserved 1114112K
  class space    used 7332K, committed 7488K, reserved 1048576K
}
Event: 112.936 GC heap after
{Heap after GC invocations=46 (full 0):
 garbage-first heap   total 271360K, used 112270K [0x00000000c1800000, 0x0000000100000000)
  region size 1024K, 2 young (2048K), 2 survivors (2048K)
 Metaspace       used 68211K, committed 68544K, reserved 1114112K
  class space    used 7332K, committed 7488K, reserved 1048576K
}
Event: 113.666 GC heap before
{Heap before GC invocations=46 (full 0):
 garbage-first heap   total 271360K, used 123534K [0x00000000c1800000, 0x0000000100000000)
  region size 1024K, 13 young (13312K), 2 survivors (2048K)
 Metaspace       used 70196K, committed 70528K, reserved 1114112K
  class space    used 7520K, committed 7680K, reserved 1048576K
}
Event: 113.674 GC heap after
{Heap after GC invocations=47 (full 0):
 garbage-first heap   total 271360K, used 111012K [0x00000000c1800000, 0x0000000100000000)
  region size 1024K, 1 young (1024K), 1 survivors (1024K)
 Metaspace       used 70196K, committed 70528K, reserved 1114112K
  class space    used 7520K, committed 7680K, reserved 1048576K
}
Event: 114.630 GC heap before
{Heap before GC invocations=47 (full 0):
 garbage-first heap   total 271360K, used 122276K [0x00000000c1800000, 0x0000000100000000)
  region size 1024K, 13 young (13312K), 1 survivors (1024K)
 Metaspace       used 70653K, committed 70976K, reserved 1114112K
  class space    used 7572K, committed 7744K, reserved 1048576K
}
Event: 114.644 GC heap after
{Heap after GC invocations=48 (full 0):
 garbage-first heap   total 271360K, used 113993K [0x00000000c1800000, 0x0000000100000000)
  region size 1024K, 2 young (2048K), 2 survivors (2048K)
 Metaspace       used 70653K, committed 70976K, reserved 1114112K
  class space    used 7572K, committed 7744K, reserved 1048576K
}
Event: 115.317 GC heap before
{Heap before GC invocations=48 (full 0):
 garbage-first heap   total 271360K, used 124233K [0x00000000c1800000, 0x0000000100000000)
  region size 1024K, 13 young (13312K), 2 survivors (2048K)
 Metaspace       used 72343K, committed 72640K, reserved 1179648K
  class space    used 7734K, committed 7872K, reserved 1048576K
}
Event: 115.332 GC heap after
{Heap after GC invocations=49 (full 0):
 garbage-first heap   total 271360K, used 114604K [0x00000000c1800000, 0x0000000100000000)
  region size 1024K, 1 young (1024K), 1 survivors (1024K)
 Metaspace       used 72343K, committed 72640K, reserved 1179648K
  class space    used 7734K, committed 7872K, reserved 1048576K
}
Event: 121.873 GC heap before
{Heap before GC invocations=49 (full 0):
 garbage-first heap   total 271360K, used 213932K [0x00000000c1800000, 0x0000000100000000)
  region size 1024K, 98 young (100352K), 1 survivors (1024K)
 Metaspace       used 74941K, committed 75200K, reserved 1179648K
  class space    used 7929K, committed 8064K, reserved 1048576K
}
Event: 121.898 GC heap after
{Heap after GC invocations=50 (full 0):
 garbage-first heap   total 271360K, used 118398K [0x00000000c1800000, 0x0000000100000000)
  region size 1024K, 5 young (5120K), 5 survivors (5120K)
 Metaspace       used 74941K, committed 75200K, reserved 1179648K
  class space    used 7929K, committed 8064K, reserved 1048576K
}
Event: 126.554 GC heap before
{Heap before GC invocations=50 (full 0):
 garbage-first heap   total 271360K, used 176766K [0x00000000c1800000, 0x0000000100000000)
  region size 1024K, 62 young (63488K), 5 survivors (5120K)
 Metaspace       used 75277K, committed 75520K, reserved 1179648K
  class space    used 7933K, committed 8064K, reserved 1048576K
}
Event: 127.350 GC heap after
{Heap after GC invocations=51 (full 0):
 garbage-first heap   total 271360K, used 120843K [0x00000000c1800000, 0x0000000100000000)
  region size 1024K, 7 young (7168K), 7 survivors (7168K)
 Metaspace       used 75277K, committed 75520K, reserved 1179648K
  class space    used 7933K, committed 8064K, reserved 1048576K
}
Event: 127.472 GC heap before
{Heap before GC invocations=51 (full 0):
 garbage-first heap   total 271360K, used 126987K [0x00000000c1800000, 0x0000000100000000)
  region size 1024K, 13 young (13312K), 7 survivors (7168K)
 Metaspace       used 75280K, committed 75584K, reserved 1179648K
  class space    used 7933K, committed 8064K, reserved 1048576K
}
Event: 127.922 GC heap after
{Heap after GC invocations=52 (full 0):
 garbage-first heap   total 271360K, used 121459K [0x00000000c1800000, 0x0000000100000000)
  region size 1024K, 1 young (1024K), 1 survivors (1024K)
 Metaspace       used 75280K, committed 75584K, reserved 1179648K
  class space    used 7933K, committed 8064K, reserved 1048576K
}
Event: 128.608 GC heap before
{Heap before GC invocations=52 (full 0):
 garbage-first heap   total 271360K, used 133747K [0x00000000c1800000, 0x0000000100000000)
  region size 1024K, 13 young (13312K), 1 survivors (1024K)
 Metaspace       used 75381K, committed 75648K, reserved 1179648K
  class space    used 7934K, committed 8064K, reserved 1048576K
}
Event: 128.618 GC heap after
{Heap after GC invocations=53 (full 0):
 garbage-first heap   total 572416K, used 120926K [0x00000000c1800000, 0x0000000100000000)
  region size 1024K, 1 young (1024K), 1 survivors (1024K)
 Metaspace       used 75381K, committed 75648K, reserved 1179648K
  class space    used 7934K, committed 8064K, reserved 1048576K
}

