# JRE version: Java(TM) SE Runtime Environment (17.0.12+8) (build 17.0.12+8-LTS-286)
# Java VM: Java HotSpot(TM) 64-Bit Server VM (17.0.12+8-LTS-286, mixed mode, sharing, tiered, compressed oops, compressed class ptrs, g1 gc, windows-amd64)
GC Precious Log:
 CPUs: 4 total, 4 available
 Memory: 3999M
 Large Page Support: Disabled
 NUMA Support: Disabled
 Compressed Oops: Enabled (32-bit)
 Heap Region Size: 1M
 Heap Min Capacity: 64M
 Heap Initial Capacity: 64M
 Heap Max Capacity: 64M
 Pre-touch: Disabled
 Parallel Workers: 4
 Concurrent Workers: 1
 Concurrent Refinement Workers: 4
 Periodic GC: Disabled
Heap:
 garbage-first heap   total 65536K, used 26536K [0x00000000fc000000, 0x0000000100000000)
  region size 1024K, 16 young (16384K), 1 survivors (1024K)
 Metaspace       used 15198K, committed 15424K, reserved 1114112K
  class space    used 1869K, committed 1984K, reserved 1048576K
GC Heap History (12 events):
Event: 2.258 GC heap before
{Heap before GC invocations=0 (full 0):
 garbage-first heap   total 65536K, used 13312K [0x00000000fc000000, 0x0000000100000000)
  region size 1024K, 13 young (13312K), 0 survivors (0K)
 Metaspace       used 8299K, committed 8448K, reserved 1114112K
  class space    used 907K, committed 960K, reserved 1048576K
}
Event: 2.266 GC heap after
{Heap after GC invocations=1 (full 0):
 garbage-first heap   total 65536K, used 3408K [0x00000000fc000000, 0x0000000100000000)
  region size 1024K, 2 young (2048K), 2 survivors (2048K)
 Metaspace       used 8299K, committed 8448K, reserved 1114112K
  class space    used 907K, committed 960K, reserved 1048576K
}
Event: 71.006 GC heap before
{Heap before GC invocations=1 (full 0):
 garbage-first heap   total 65536K, used 14672K [0x00000000fc000000, 0x0000000100000000)
  region size 1024K, 13 young (13312K), 2 survivors (2048K)
 Metaspace       used 8597K, committed 8832K, reserved 1114112K
  class space    used 918K, committed 1024K, reserved 1048576K
}
Event: 71.876 GC heap after
{Heap after GC invocations=2 (full 0):
 garbage-first heap   total 65536K, used 4117K [0x00000000fc000000, 0x0000000100000000)
  region size 1024K, 1 young (1024K), 1 survivors (1024K)
 Metaspace       used 8597K, committed 8832K, reserved 1114112K
  class space    used 918K, committed 1024K, reserved 1048576K
}
Event: 83.893 GC heap before
{Heap before GC invocations=2 (full 0):
 garbage-first heap   total 65536K, used 6165K [0x00000000fc000000, 0x0000000100000000)
  region size 1024K, 3 young (3072K), 1 survivors (1024K)
 Metaspace       used 8650K, committed 8832K, reserved 1114112K
  class space    used 923K, committed 1024K, reserved 1048576K
}
Event: 83.900 GC heap after
{Heap after GC invocations=3 (full 0):
 garbage-first heap   total 65536K, used 3895K [0x00000000fc000000, 0x0000000100000000)
  region size 1024K, 1 young (1024K), 1 survivors (1024K)
 Metaspace       used 8650K, committed 8832K, reserved 1114112K
  class space    used 923K, committed 1024K, reserved 1048576K
}
Event: 90.164 GC heap before
{Heap before GC invocations=3 (full 0):
 garbage-first heap   total 65536K, used 12087K [0x00000000fc000000, 0x0000000100000000)
  region size 1024K, 10 young (10240K), 1 survivors (1024K)
 Metaspace       used 9034K, committed 9216K, reserved 1114112K
  class space    used 960K, committed 1088K, reserved 1048576K
}
Event: 90.166 GC heap after
{Heap after GC invocations=4 (full 0):
 garbage-first heap   total 65536K, used 4492K [0x00000000fc000000, 0x0000000100000000)
  region size 1024K, 1 young (1024K), 1 survivors (1024K)
 Metaspace       used 9034K, committed 9216K, reserved 1114112K
  class space    used 960K, committed 1088K, reserved 1048576K
}
Event: 90.650 GC heap before
{Heap before GC invocations=4 (full 0):
 garbage-first heap   total 65536K, used 21900K [0x00000000fc000000, 0x0000000100000000)
  region size 1024K, 13 young (13312K), 1 survivors (1024K)
 Metaspace       used 10035K, committed 10240K, reserved 1114112K
  class space    used 1104K, committed 1152K, reserved 1048576K
}
Event: 90.656 GC heap after
{Heap after GC invocations=5 (full 0):
 garbage-first heap   total 65536K, used 11539K [0x00000000fc000000, 0x0000000100000000)
  region size 1024K, 2 young (2048K), 2 survivors (2048K)
 Metaspace       used 10035K, committed 10240K, reserved 1114112K
  class space    used 1104K, committed 1152K, reserved 1048576K
}
Event: 91.035 GC heap before
{Heap before GC invocations=5 (full 0):
 garbage-first heap   total 65536K, used 17683K [0x00000000fc000000, 0x0000000100000000)
  region size 1024K, 8 young (8192K), 2 survivors (2048K)
 Metaspace       used 11700K, committed 11904K, reserved 1114112K
  class space    used 1379K, committed 1472K, reserved 1048576K
}
Event: 91.038 GC heap after
{Heap after GC invocations=6 (full 0):
 garbage-first heap   total 65536K, used 12200K [0x00000000fc000000, 0x0000000100000000)
  region size 1024K, 1 young (1024K), 1 survivors (1024K)
 Metaspace       used 11700K, committed 11904K, reserved 1114112K
  class space    used 1379K, committed 1472K, reserved 1048576K
}

