# JRE version: Java(TM) SE Runtime Environment (17.0.12+8) (build 17.0.12+8-LTS-286)
# Java VM: Java HotSpot(TM) 64-Bit Server VM (17.0.12+8-LTS-286, mixed mode, sharing, tiered, compressed oops, compressed class ptrs, g1 gc, windows-amd64)
GC Precious Log:
 CPUs: 4 total, 4 available
 Memory: 3999M
 Large Page Support: Disabled
 NUMA Support: Disabled
 Compressed Oops: Enabled (Zero based)
 Heap Region Size: 4M
 Heap Min Capacity: 8M
 Heap Initial Capacity: 64M
 Heap Max Capacity: 4608M
 Pre-touch: Disabled
 Parallel Workers: 4
 Concurrent Workers: 1
 Concurrent Refinement Workers: 4
 Periodic GC: Disabled
Heap:
 garbage-first heap   total 143360K, used 74348K [0x00000006e0000000, 0x0000000800000000)
  region size 4096K, 1 young (4096K), 1 survivors (4096K)
 Metaspace       used 70376K, committed 71104K, reserved 1114112K
  class space    used 9958K, committed 10304K, reserved 1048576K
GC Heap History (20 events):
Event: 36.306 GC heap after
{Heap after GC invocations=29 (full 0):
 garbage-first heap   total 106496K, used 48872K [0x00000006e0000000, 0x0000000800000000)
  region size 4096K, 2 young (8192K), 2 survivors (8192K)
 Metaspace       used 56196K, committed 56768K, reserved 1114112K
  class space    used 7961K, committed 8256K, reserved 1048576K
}
Event: 36.604 GC heap before
{Heap before GC invocations=29 (full 0):
 garbage-first heap   total 106496K, used 57064K [0x00000006e0000000, 0x0000000800000000)
  region size 4096K, 5 young (20480K), 2 survivors (8192K)
 Metaspace       used 56794K, committed 57344K, reserved 1114112K
  class space    used 8075K, committed 8320K, reserved 1048576K
}
Event: 36.619 GC heap after
{Heap after GC invocations=30 (full 0):
 garbage-first heap   total 106496K, used 48343K [0x00000006e0000000, 0x0000000800000000)
  region size 4096K, 1 young (4096K), 1 survivors (4096K)
 Metaspace       used 56794K, committed 57344K, reserved 1114112K
  class space    used 8075K, committed 8320K, reserved 1048576K
}
Event: 42.404 GC heap before
{Heap before GC invocations=31 (full 0):
 garbage-first heap   total 118784K, used 89303K [0x00000006e0000000, 0x0000000800000000)
  region size 4096K, 9 young (36864K), 1 survivors (4096K)
 Metaspace       used 59194K, committed 59840K, reserved 1114112K
  class space    used 8380K, committed 8704K, reserved 1048576K
}
Event: 42.504 GC heap after
{Heap after GC invocations=32 (full 0):
 garbage-first heap   total 118784K, used 59398K [0x00000006e0000000, 0x0000000800000000)
  region size 4096K, 1 young (4096K), 1 survivors (4096K)
 Metaspace       used 59194K, committed 59840K, reserved 1114112K
  class space    used 8380K, committed 8704K, reserved 1048576K
}
Event: 43.914 GC heap before
{Heap before GC invocations=32 (full 0):
 garbage-first heap   total 118784K, used 63494K [0x00000006e0000000, 0x0000000800000000)
  region size 4096K, 2 young (8192K), 1 survivors (4096K)
 Metaspace       used 59431K, committed 60096K, reserved 1114112K
  class space    used 8420K, committed 8768K, reserved 1048576K
}
Event: 44.470 GC heap after
{Heap after GC invocations=33 (full 0):
 garbage-first heap   total 143360K, used 58936K [0x00000006e0000000, 0x0000000800000000)
  region size 4096K, 1 young (4096K), 1 survivors (4096K)
 Metaspace       used 59431K, committed 60096K, reserved 1114112K
  class space    used 8420K, committed 8768K, reserved 1048576K
}
Event: 46.113 GC heap before
{Heap before GC invocations=33 (full 0):
 garbage-first heap   total 143360K, used 99896K [0x00000006e0000000, 0x0000000800000000)
  region size 4096K, 11 young (45056K), 1 survivors (4096K)
 Metaspace       used 61715K, committed 62400K, reserved 1114112K
  class space    used 8728K, committed 9088K, reserved 1048576K
}
Event: 46.118 GC heap after
{Heap after GC invocations=34 (full 0):
 garbage-first heap   total 143360K, used 59837K [0x00000006e0000000, 0x0000000800000000)
  region size 4096K, 1 young (4096K), 1 survivors (4096K)
 Metaspace       used 61715K, committed 62400K, reserved 1114112K
  class space    used 8728K, committed 9088K, reserved 1048576K
}
Event: 49.243 GC heap before
{Heap before GC invocations=34 (full 0):
 garbage-first heap   total 143360K, used 104893K [0x00000006e0000000, 0x0000000800000000)
  region size 4096K, 13 young (53248K), 1 survivors (4096K)
 Metaspace       used 63316K, committed 64128K, reserved 1114112K
  class space    used 8933K, committed 9344K, reserved 1048576K
}
Event: 49.263 GC heap after
{Heap after GC invocations=35 (full 0):
 garbage-first heap   total 143360K, used 64962K [0x00000006e0000000, 0x0000000800000000)
  region size 4096K, 2 young (8192K), 2 survivors (8192K)
 Metaspace       used 63316K, committed 64128K, reserved 1114112K
  class space    used 8933K, committed 9344K, reserved 1048576K
}
Event: 55.730 GC heap before
{Heap before GC invocations=35 (full 0):
 garbage-first heap   total 143360K, used 105922K [0x00000006e0000000, 0x0000000800000000)
  region size 4096K, 12 young (49152K), 2 survivors (8192K)
 Metaspace       used 66208K, committed 66944K, reserved 1114112K
  class space    used 9365K, committed 9728K, reserved 1048576K
}
Event: 55.852 GC heap after
{Heap after GC invocations=36 (full 0):
 garbage-first heap   total 143360K, used 65693K [0x00000006e0000000, 0x0000000800000000)
  region size 4096K, 1 young (4096K), 1 survivors (4096K)
 Metaspace       used 66208K, committed 66944K, reserved 1114112K
  class space    used 9365K, committed 9728K, reserved 1048576K
}
Event: 63.947 GC heap before
{Heap before GC invocations=36 (full 0):
 garbage-first heap   total 143360K, used 110749K [0x00000006e0000000, 0x0000000800000000)
  region size 4096K, 12 young (49152K), 1 survivors (4096K)
 Metaspace       used 68479K, committed 69184K, reserved 1114112K
  class space    used 9759K, committed 10112K, reserved 1048576K
}
Event: 63.970 GC heap after
{Heap after GC invocations=37 (full 0):
 garbage-first heap   total 143360K, used 70488K [0x00000006e0000000, 0x0000000800000000)
  region size 4096K, 2 young (8192K), 2 survivors (8192K)
 Metaspace       used 68479K, committed 69184K, reserved 1114112K
  class space    used 9759K, committed 10112K, reserved 1048576K
}
Event: 131.725 GC heap before
{Heap before GC invocations=37 (full 0):
 garbage-first heap   total 143360K, used 111448K [0x00000006e0000000, 0x0000000800000000)
  region size 4096K, 12 young (49152K), 2 survivors (8192K)
 Metaspace       used 70033K, committed 70784K, reserved 1114112K
  class space    used 9956K, committed 10304K, reserved 1048576K
}
Event: 132.442 GC heap after
{Heap after GC invocations=38 (full 0):
 garbage-first heap   total 143360K, used 72764K [0x00000006e0000000, 0x0000000800000000)
  region size 4096K, 2 young (8192K), 2 survivors (8192K)
 Metaspace       used 70033K, committed 70784K, reserved 1114112K
  class space    used 9956K, committed 10304K, reserved 1048576K
}
Event: 134.587 GC heap before
{Heap before GC invocations=38 (full 0):
 garbage-first heap   total 143360K, used 76860K [0x00000006e0000000, 0x0000000800000000)
  region size 4096K, 3 young (12288K), 2 survivors (8192K)
 Metaspace       used 70182K, committed 70912K, reserved 1114112K
  class space    used 9956K, committed 10304K, reserved 1048576K
}
Event: 135.039 GC heap after
{Heap after GC invocations=39 (full 0):
 garbage-first heap   total 143360K, used 73488K [0x00000006e0000000, 0x0000000800000000)
  region size 4096K, 1 young (4096K), 1 survivors (4096K)
 Metaspace       used 70182K, committed 70912K, reserved 1114112K
  class space    used 9956K, committed 10304K, reserved 1048576K
}
Event: 139.634 GC heap before
{Heap before GC invocations=39 (full 0):
 garbage-first heap   total 143360K, used 81680K [0x00000006e0000000, 0x0000000800000000)
  region size 4096K, 3 young (12288K), 1 survivors (4096K)
 Metaspace       used 70376K, committed 71104K, reserved 1114112K
  class space    used 9958K, committed 10304K, reserved 1048576K
}

