# JRE version: Java(TM) SE Runtime Environment (17.0.12+8) (build 17.0.12+8-LTS-286)
# Java VM: Java HotSpot(TM) 64-Bit Server VM (17.0.12+8-LTS-286, mixed mode, sharing, tiered, compressed oops, compressed class ptrs, g1 gc, windows-amd64)
GC Precious Log:
 CPUs: 4 total, 4 available
 Memory: 3999M
 Large Page Support: Disabled
 NUMA Support: Disabled
 Compressed Oops: Enabled (Zero based)
 Heap Region Size: 4M
 Heap Min Capacity: 8M
 Heap Initial Capacity: 64M
 Heap Max Capacity: 4608M
 Pre-touch: Disabled
 Parallel Workers: 4
 Concurrent Workers: 1
 Concurrent Refinement Workers: 4
 Periodic GC: Disabled
Heap:
 garbage-first heap   total 1642496K, used 230931K [0x00000006e0000000, 0x0000000800000000)
  region size 4096K, 1 young (4096K), 1 survivors (4096K)
 Metaspace       used 118624K, committed 120256K, reserved 1179648K
  class space    used 16197K, committed 16960K, reserved 1048576K
GC Heap History (20 events):
Event: 5168.966 GC heap after
{Heap after GC invocations=74 (full 0):
 garbage-first heap   total 626688K, used 215295K [0x00000006e0000000, 0x0000000800000000)
  region size 4096K, 1 young (4096K), 1 survivors (4096K)
 Metaspace       used 117564K, committed 119424K, reserved 1179648K
  class space    used 16097K, committed 16896K, reserved 1048576K
}
Event: 5169.104 GC heap before
{Heap before GC invocations=74 (full 0):
 garbage-first heap   total 626688K, used 239871K [0x00000006e0000000, 0x0000000800000000)
  region size 4096K, 7 young (28672K), 1 survivors (4096K)
 Metaspace       used 117569K, committed 119424K, reserved 1179648K
  class space    used 16098K, committed 16896K, reserved 1048576K
}
Event: 5169.137 GC heap after
{Heap after GC invocations=75 (full 0):
 garbage-first heap   total 626688K, used 211218K [0x00000006e0000000, 0x0000000800000000)
  region size 4096K, 1 young (4096K), 1 survivors (4096K)
 Metaspace       used 117569K, committed 119424K, reserved 1179648K
  class space    used 16098K, committed 16896K, reserved 1048576K
}
Event: 5169.241 GC heap before
{Heap before GC invocations=75 (full 0):
 garbage-first heap   total 626688K, used 235794K [0x00000006e0000000, 0x0000000800000000)
  region size 4096K, 7 young (28672K), 1 survivors (4096K)
 Metaspace       used 117569K, committed 119424K, reserved 1179648K
  class space    used 16098K, committed 16896K, reserved 1048576K
}
Event: 5169.277 GC heap after
{Heap after GC invocations=76 (full 0):
 garbage-first heap   total 626688K, used 206486K [0x00000006e0000000, 0x0000000800000000)
  region size 4096K, 1 young (4096K), 1 survivors (4096K)
 Metaspace       used 117569K, committed 119424K, reserved 1179648K
  class space    used 16098K, committed 16896K, reserved 1048576K
}
Event: 5169.373 GC heap before
{Heap before GC invocations=76 (full 0):
 garbage-first heap   total 626688K, used 231062K [0x00000006e0000000, 0x0000000800000000)
  region size 4096K, 7 young (28672K), 1 survivors (4096K)
 Metaspace       used 117571K, committed 119424K, reserved 1179648K
  class space    used 16098K, committed 16896K, reserved 1048576K
}
Event: 5169.429 GC heap after
{Heap after GC invocations=77 (full 0):
 garbage-first heap   total 626688K, used 202149K [0x00000006e0000000, 0x0000000800000000)
  region size 4096K, 1 young (4096K), 1 survivors (4096K)
 Metaspace       used 117571K, committed 119424K, reserved 1179648K
  class space    used 16098K, committed 16896K, reserved 1048576K
}
Event: 5169.602 GC heap before
{Heap before GC invocations=77 (full 0):
 garbage-first heap   total 626688K, used 226725K [0x00000006e0000000, 0x0000000800000000)
  region size 4096K, 7 young (28672K), 1 survivors (4096K)
 Metaspace       used 117579K, committed 119424K, reserved 1179648K
  class space    used 16098K, committed 16896K, reserved 1048576K
}
Event: 5169.641 GC heap after
{Heap after GC invocations=78 (full 0):
 garbage-first heap   total 1642496K, used 201390K [0x00000006e0000000, 0x0000000800000000)
  region size 4096K, 1 young (4096K), 1 survivors (4096K)
 Metaspace       used 117579K, committed 119424K, reserved 1179648K
  class space    used 16098K, committed 16896K, reserved 1048576K
}
Event: 5170.642 GC heap before
{Heap before GC invocations=78 (full 0):
 garbage-first heap   total 1642496K, used 303790K [0x00000006e0000000, 0x0000000800000000)
  region size 4096K, 26 young (106496K), 1 survivors (4096K)
 Metaspace       used 117589K, committed 119424K, reserved 1179648K
  class space    used 16098K, committed 16896K, reserved 1048576K
}
Event: 5170.664 GC heap after
{Heap after GC invocations=79 (full 0):
 garbage-first heap   total 1642496K, used 205990K [0x00000006e0000000, 0x0000000800000000)
  region size 4096K, 2 young (8192K), 2 survivors (8192K)
 Metaspace       used 117589K, committed 119424K, reserved 1179648K
  class space    used 16098K, committed 16896K, reserved 1048576K
}
Event: 5173.970 GC heap before
{Heap before GC invocations=80 (full 0):
 garbage-first heap   total 806912K, used 246950K [0x00000006e0000000, 0x0000000800000000)
  region size 4096K, 12 young (49152K), 2 survivors (8192K)
 Metaspace       used 117673K, committed 119424K, reserved 1179648K
  class space    used 16101K, committed 16896K, reserved 1048576K
}
Event: 5174.194 GC heap after
{Heap after GC invocations=81 (full 0):
 garbage-first heap   total 806912K, used 212436K [0x00000006e0000000, 0x0000000800000000)
  region size 4096K, 2 young (8192K), 2 survivors (8192K)
 Metaspace       used 117673K, committed 119424K, reserved 1179648K
  class space    used 16101K, committed 16896K, reserved 1048576K
}
Event: 5176.394 GC heap before
{Heap before GC invocations=81 (full 0):
 garbage-first heap   total 806912K, used 241108K [0x00000006e0000000, 0x0000000800000000)
  region size 4096K, 9 young (36864K), 2 survivors (8192K)
 Metaspace       used 117874K, committed 119424K, reserved 1179648K
  class space    used 16123K, committed 16896K, reserved 1048576K
}
Event: 5176.487 GC heap after
{Heap after GC invocations=82 (full 0):
 garbage-first heap   total 806912K, used 215077K [0x00000006e0000000, 0x0000000800000000)
  region size 4096K, 2 young (8192K), 2 survivors (8192K)
 Metaspace       used 117874K, committed 119424K, reserved 1179648K
  class space    used 16123K, committed 16896K, reserved 1048576K
}
Event: 5178.240 GC heap before
{Heap before GC invocations=82 (full 0):
 garbage-first heap   total 806912K, used 309285K [0x00000006e0000000, 0x0000000800000000)
  region size 4096K, 25 young (102400K), 2 survivors (8192K)
 Metaspace       used 118222K, committed 119808K, reserved 1179648K
  class space    used 16153K, committed 16896K, reserved 1048576K
}
Event: 5178.291 GC heap after
{Heap after GC invocations=83 (full 0):
 garbage-first heap   total 806912K, used 228526K [0x00000006e0000000, 0x0000000800000000)
  region size 4096K, 4 young (16384K), 4 survivors (16384K)
 Metaspace       used 118222K, committed 119808K, reserved 1179648K
  class space    used 16153K, committed 16896K, reserved 1048576K
}
Event: 5180.231 GC heap before
{Heap before GC invocations=84 (full 0):
 garbage-first heap   total 806912K, used 249006K [0x00000006e0000000, 0x0000000800000000)
  region size 4096K, 9 young (36864K), 4 survivors (16384K)
 Metaspace       used 118441K, committed 120000K, reserved 1179648K
  class space    used 16170K, committed 16896K, reserved 1048576K
}
Event: 5180.319 GC heap after
{Heap after GC invocations=85 (full 0):
 garbage-first heap   total 806912K, used 231502K [0x00000006e0000000, 0x0000000800000000)
  region size 4096K, 1 young (4096K), 1 survivors (4096K)
 Metaspace       used 118441K, committed 120000K, reserved 1179648K
  class space    used 16170K, committed 16896K, reserved 1048576K
}
Event: 5181.027 GC heap before
{Heap before GC invocations=85 (full 0):
 garbage-first heap   total 806912K, used 264270K [0x00000006e0000000, 0x0000000800000000)
  region size 4096K, 9 young (36864K), 1 survivors (4096K)
 Metaspace       used 118624K, committed 120256K, reserved 1179648K
  class space    used 16197K, committed 16960K, reserved 1048576K
}

