# JRE version: Java(TM) SE Runtime Environment (17.0.12+8) (build 17.0.12+8-LTS-286)
# Java VM: Java HotSpot(TM) 64-Bit Server VM (17.0.12+8-LTS-286, mixed mode, sharing, tiered, compressed oops, compressed class ptrs, g1 gc, windows-amd64)
GC Precious Log:
 CPUs: 4 total, 4 available
 Memory: 3999M
 Large Page Support: Disabled
 NUMA Support: Disabled
 Compressed Oops: Enabled (Zero based)
 Heap Region Size: 4M
 Heap Min Capacity: 8M
 Heap Initial Capacity: 64M
 Heap Max Capacity: 4608M
 Pre-touch: Disabled
 Parallel Workers: 4
 Concurrent Workers: 1
 Concurrent Refinement Workers: 4
 Periodic GC: Disabled
Heap:
 garbage-first heap   total 475136K, used 194515K [0x00000006e0000000, 0x0000000800000000)
  region size 4096K, 3 young (12288K), 3 survivors (12288K)
 Metaspace       used 105151K, committed 106240K, reserved 1179648K
  class space    used 14705K, committed 15232K, reserved 1048576K
GC Heap History (20 events):
Event: 47.612 GC heap after
{Heap after GC invocations=36 (full 0):
 garbage-first heap   total 237568K, used 70310K [0x00000006e0000000, 0x0000000800000000)
  region size 4096K, 1 young (4096K), 1 survivors (4096K)
 Metaspace       used 68945K, committed 69632K, reserved 1114112K
  class space    used 9836K, committed 10176K, reserved 1048576K
}
Event: 50.632 GC heap before
{Heap before GC invocations=36 (full 0):
 garbage-first heap   total 237568K, used 176806K [0x00000006e0000000, 0x0000000800000000)
  region size 4096K, 27 young (110592K), 1 survivors (4096K)
 Metaspace       used 70313K, committed 71040K, reserved 1114112K
  class space    used 9948K, committed 10304K, reserved 1048576K
}
Event: 50.654 GC heap after
{Heap after GC invocations=37 (full 0):
 garbage-first heap   total 237568K, used 77612K [0x00000006e0000000, 0x0000000800000000)
  region size 4096K, 3 young (12288K), 3 survivors (12288K)
 Metaspace       used 70313K, committed 71040K, reserved 1114112K
  class space    used 9948K, committed 10304K, reserved 1048576K
}
Event: 53.793 GC heap before
{Heap before GC invocations=37 (full 0):
 garbage-first heap   total 237568K, used 175916K [0x00000006e0000000, 0x0000000800000000)
  region size 4096K, 28 young (114688K), 3 survivors (12288K)
 Metaspace       used 70397K, committed 71168K, reserved 1114112K
  class space    used 9961K, committed 10304K, reserved 1048576K
}
Event: 53.878 GC heap after
{Heap after GC invocations=38 (full 0):
 garbage-first heap   total 237568K, used 87074K [0x00000006e0000000, 0x0000000800000000)
  region size 4096K, 3 young (12288K), 3 survivors (12288K)
 Metaspace       used 70397K, committed 71168K, reserved 1114112K
  class space    used 9961K, committed 10304K, reserved 1048576K
}
Event: 56.916 GC heap before
{Heap before GC invocations=38 (full 0):
 garbage-first heap   total 237568K, used 177186K [0x00000006e0000000, 0x0000000800000000)
  region size 4096K, 26 young (106496K), 3 survivors (12288K)
 Metaspace       used 76821K, committed 77632K, reserved 1179648K
  class space    used 10728K, committed 11136K, reserved 1048576K
}
Event: 56.954 GC heap after
{Heap after GC invocations=39 (full 0):
 garbage-first heap   total 237568K, used 96553K [0x00000006e0000000, 0x0000000800000000)
  region size 4096K, 3 young (12288K), 3 survivors (12288K)
 Metaspace       used 76821K, committed 77632K, reserved 1179648K
  class space    used 10728K, committed 11136K, reserved 1048576K
}
Event: 58.427 GC heap before
{Heap before GC invocations=39 (full 0):
 garbage-first heap   total 237568K, used 182569K [0x00000006e0000000, 0x0000000800000000)
  region size 4096K, 24 young (98304K), 3 survivors (12288K)
 Metaspace       used 82667K, committed 83520K, reserved 1179648K
  class space    used 11490K, committed 11904K, reserved 1048576K
}
Event: 58.447 GC heap after
{Heap after GC invocations=40 (full 0):
 garbage-first heap   total 237568K, used 101232K [0x00000006e0000000, 0x0000000800000000)
  region size 4096K, 1 young (4096K), 1 survivors (4096K)
 Metaspace       used 82667K, committed 83520K, reserved 1179648K
  class space    used 11490K, committed 11904K, reserved 1048576K
}
Event: 59.442 GC heap before
{Heap before GC invocations=40 (full 0):
 garbage-first heap   total 237568K, used 187248K [0x00000006e0000000, 0x0000000800000000)
  region size 4096K, 22 young (90112K), 1 survivors (4096K)
 Metaspace       used 85821K, committed 86656K, reserved 1179648K
  class space    used 11912K, committed 12288K, reserved 1048576K
}
Event: 59.459 GC heap after
{Heap after GC invocations=41 (full 0):
 garbage-first heap   total 475136K, used 105939K [0x00000006e0000000, 0x0000000800000000)
  region size 4096K, 3 young (12288K), 3 survivors (12288K)
 Metaspace       used 85821K, committed 86656K, reserved 1179648K
  class space    used 11912K, committed 12288K, reserved 1048576K
}
Event: 64.834 GC heap before
{Heap before GC invocations=41 (full 0):
 garbage-first heap   total 475136K, used 351699K [0x00000006e0000000, 0x0000000800000000)
  region size 4096K, 63 young (258048K), 3 survivors (12288K)
 Metaspace       used 95669K, committed 96576K, reserved 1179648K
  class space    used 13416K, committed 13888K, reserved 1048576K
}
Event: 65.010 GC heap after
{Heap after GC invocations=42 (full 0):
 garbage-first heap   total 475136K, used 120898K [0x00000006e0000000, 0x0000000800000000)
  region size 4096K, 6 young (24576K), 6 survivors (24576K)
 Metaspace       used 95669K, committed 96576K, reserved 1179648K
  class space    used 13416K, committed 13888K, reserved 1048576K
}
Event: 75.554 GC heap before
{Heap before GC invocations=42 (full 0):
 garbage-first heap   total 475136K, used 366658K [0x00000006e0000000, 0x0000000800000000)
  region size 4096K, 66 young (270336K), 6 survivors (24576K)
 Metaspace       used 96864K, committed 97856K, reserved 1179648K
  class space    used 13582K, committed 14080K, reserved 1048576K
}
Event: 75.694 GC heap after
{Heap after GC invocations=43 (full 0):
 garbage-first heap   total 475136K, used 141116K [0x00000006e0000000, 0x0000000800000000)
  region size 4096K, 9 young (36864K), 9 survivors (36864K)
 Metaspace       used 96864K, committed 97856K, reserved 1179648K
  class space    used 13582K, committed 14080K, reserved 1048576K
}
Event: 81.557 GC heap before
{Heap before GC invocations=43 (full 0):
 garbage-first heap   total 475136K, used 366396K [0x00000006e0000000, 0x0000000800000000)
  region size 4096K, 64 young (262144K), 9 survivors (36864K)
 Metaspace       used 104311K, committed 105408K, reserved 1179648K
  class space    used 14626K, committed 15168K, reserved 1048576K
}
Event: 81.665 GC heap after
{Heap after GC invocations=44 (full 0):
 garbage-first heap   total 475136K, used 165203K [0x00000006e0000000, 0x0000000800000000)
  region size 4096K, 7 young (28672K), 7 survivors (28672K)
 Metaspace       used 104311K, committed 105408K, reserved 1179648K
  class space    used 14626K, committed 15168K, reserved 1048576K
}
Event: 83.697 GC heap before
{Heap before GC invocations=44 (full 0):
 garbage-first heap   total 475136K, used 357715K [0x00000006e0000000, 0x0000000800000000)
  region size 4096K, 55 young (225280K), 7 survivors (28672K)
 Metaspace       used 104742K, committed 105856K, reserved 1179648K
  class space    used 14665K, committed 15168K, reserved 1048576K
}
Event: 83.908 GC heap after
{Heap after GC invocations=45 (full 0):
 garbage-first heap   total 475136K, used 183460K [0x00000006e0000000, 0x0000000800000000)
  region size 4096K, 6 young (24576K), 6 survivors (24576K)
 Metaspace       used 104742K, committed 105856K, reserved 1179648K
  class space    used 14665K, committed 15168K, reserved 1048576K
}
Event: 84.862 GC heap before
{Heap before GC invocations=45 (full 0):
 garbage-first heap   total 475136K, used 220324K [0x00000006e0000000, 0x0000000800000000)
  region size 4096K, 16 young (65536K), 6 survivors (24576K)
 Metaspace       used 105151K, committed 106240K, reserved 1179648K
  class space    used 14705K, committed 15232K, reserved 1048576K
}

