# JRE version: Java(TM) SE Runtime Environment (17.0.12+8) (build 17.0.12+8-LTS-286)
# Java VM: Java HotSpot(TM) 64-Bit Server VM (17.0.12+8-LTS-286, mixed mode, sharing, tiered, compressed oops, compressed class ptrs, g1 gc, windows-amd64)
GC Precious Log:
 CPUs: 4 total, 4 available
 Memory: 3999M
 Large Page Support: Disabled
 NUMA Support: Disabled
 Compressed Oops: Enabled (Zero based)
 Heap Region Size: 4M
 Heap Min Capacity: 8M
 Heap Initial Capacity: 64M
 Heap Max Capacity: 4608M
 Pre-touch: Disabled
 Parallel Workers: 4
 Concurrent Workers: 1
 Concurrent Refinement Workers: 4
 Periodic GC: Disabled
Heap:
 garbage-first heap   total 1052672K, used 370725K [0x00000006e0000000, 0x0000000800000000)
  region size 4096K, 3 young (12288K), 3 survivors (12288K)
 Metaspace       used 299685K, committed 308224K, reserved 1376256K
  class space    used 39769K, committed 42880K, reserved 1048576K
GC Heap History (20 events):
Event: 36643.591 GC heap after
{Heap after GC invocations=244 (full 2):
 garbage-first heap   total 2285568K, used 773910K [0x00000006e0000000, 0x0000000800000000)
  region size 4096K, 4 young (16384K), 4 survivors (16384K)
 Metaspace       used 302029K, committed 306688K, reserved 1376256K
  class space    used 40358K, committed 42560K, reserved 1048576K
}
Event: 36646.114 GC heap before
{Heap before GC invocations=244 (full 2):
 garbage-first heap   total 2285568K, used 868118K [0x00000006e0000000, 0x0000000800000000)
  region size 4096K, 27 young (110592K), 4 survivors (16384K)
 Metaspace       used 302161K, committed 306752K, reserved 1376256K
  class space    used 40368K, committed 42560K, reserved 1048576K
}
Event: 36646.180 GC heap after
{Heap after GC invocations=245 (full 2):
 garbage-first heap   total 2285568K, used 790611K [0x00000006e0000000, 0x0000000800000000)
  region size 4096K, 4 young (16384K), 4 survivors (16384K)
 Metaspace       used 302161K, committed 306752K, reserved 1376256K
  class space    used 40368K, committed 42560K, reserved 1048576K
}
Event: 36647.945 GC heap before
{Heap before GC invocations=245 (full 2):
 garbage-first heap   total 2285568K, used 884819K [0x00000006e0000000, 0x0000000800000000)
  region size 4096K, 27 young (110592K), 4 survivors (16384K)
 Metaspace       used 302464K, committed 307136K, reserved 1376256K
  class space    used 40403K, committed 42624K, reserved 1048576K
}
Event: 36648.019 GC heap after
{Heap after GC invocations=246 (full 2):
 garbage-first heap   total 2285568K, used 810005K [0x00000006e0000000, 0x0000000800000000)
  region size 4096K, 4 young (16384K), 4 survivors (16384K)
 Metaspace       used 302464K, committed 307136K, reserved 1376256K
  class space    used 40403K, committed 42624K, reserved 1048576K
}
Event: 36649.225 GC heap before
{Heap before GC invocations=246 (full 2):
 garbage-first heap   total 2285568K, used 904213K [0x00000006e0000000, 0x0000000800000000)
  region size 4096K, 27 young (110592K), 4 survivors (16384K)
 Metaspace       used 302669K, committed 307456K, reserved 1376256K
  class space    used 40449K, committed 42752K, reserved 1048576K
}
Event: 36649.291 GC heap after
{Heap after GC invocations=247 (full 2):
 garbage-first heap   total 2285568K, used 822089K [0x00000006e0000000, 0x0000000800000000)
  region size 4096K, 3 young (12288K), 3 survivors (12288K)
 Metaspace       used 302669K, committed 307456K, reserved 1376256K
  class space    used 40449K, committed 42752K, reserved 1048576K
}
Event: 36654.432 GC heap before
{Heap before GC invocations=247 (full 2):
 garbage-first heap   total 2285568K, used 916297K [0x00000006e0000000, 0x0000000800000000)
  region size 4096K, 27 young (110592K), 3 survivors (12288K)
 Metaspace       used 303562K, committed 308352K, reserved 1376256K
  class space    used 40545K, committed 42816K, reserved 1048576K
}
Event: 36654.466 GC heap after
{Heap after GC invocations=248 (full 2):
 garbage-first heap   total 2285568K, used 828592K [0x00000006e0000000, 0x0000000800000000)
  region size 4096K, 2 young (8192K), 2 survivors (8192K)
 Metaspace       used 303562K, committed 308352K, reserved 1376256K
  class space    used 40545K, committed 42816K, reserved 1048576K
}
Event: 36656.355 GC heap before
{Heap before GC invocations=248 (full 2):
 garbage-first heap   total 2285568K, used 832688K [0x00000006e0000000, 0x0000000800000000)
  region size 4096K, 5 young (20480K), 2 survivors (8192K)
 Metaspace       used 304301K, committed 309120K, reserved 1376256K
  class space    used 40658K, committed 42944K, reserved 1048576K
}
Event: 36667.240 GC heap after
{Heap after GC invocations=249 (full 3):
 garbage-first heap   total 1052672K, used 308026K [0x00000006e0000000, 0x0000000800000000)
  region size 4096K, 0 young (0K), 0 survivors (0K)
 Metaspace       used 299248K, committed 308224K, reserved 1376256K
  class space    used 39709K, committed 42880K, reserved 1048576K
}
Event: 36953.109 GC heap before
{Heap before GC invocations=249 (full 3):
 garbage-first heap   total 1052672K, used 451386K [0x00000006e0000000, 0x0000000800000000)
  region size 4096K, 35 young (143360K), 0 survivors (0K)
 Metaspace       used 299346K, committed 308224K, reserved 1376256K
  class space    used 39735K, committed 42880K, reserved 1048576K
}
Event: 36953.307 GC heap after
{Heap after GC invocations=250 (full 3):
 garbage-first heap   total 1052672K, used 322438K [0x00000006e0000000, 0x0000000800000000)
  region size 4096K, 4 young (16384K), 4 survivors (16384K)
 Metaspace       used 299346K, committed 308224K, reserved 1376256K
  class space    used 39735K, committed 42880K, reserved 1048576K
}
Event: 36956.843 GC heap before
{Heap before GC invocations=250 (full 3):
 garbage-first heap   total 1052672K, used 486278K [0x00000006e0000000, 0x0000000800000000)
  region size 4096K, 44 young (180224K), 4 survivors (16384K)
 Metaspace       used 299386K, committed 308224K, reserved 1376256K
  class space    used 39742K, committed 42880K, reserved 1048576K
}
Event: 36957.001 GC heap after
{Heap after GC invocations=251 (full 3):
 garbage-first heap   total 1052672K, used 350212K [0x00000006e0000000, 0x0000000800000000)
  region size 4096K, 6 young (24576K), 6 survivors (24576K)
 Metaspace       used 299386K, committed 308224K, reserved 1376256K
  class space    used 39742K, committed 42880K, reserved 1048576K
}
Event: 36957.757 GC heap before
{Heap before GC invocations=251 (full 3):
 garbage-first heap   total 1052672K, used 423940K [0x00000006e0000000, 0x0000000800000000)
  region size 4096K, 24 young (98304K), 6 survivors (24576K)
 Metaspace       used 299392K, committed 308224K, reserved 1376256K
  class space    used 39743K, committed 42880K, reserved 1048576K
}
Event: 36958.628 GC heap after
{Heap after GC invocations=252 (full 3):
 garbage-first heap   total 1052672K, used 362407K [0x00000006e0000000, 0x0000000800000000)
  region size 4096K, 3 young (12288K), 3 survivors (12288K)
 Metaspace       used 299392K, committed 308224K, reserved 1376256K
  class space    used 39743K, committed 42880K, reserved 1048576K
}
Event: 36959.875 GC heap before
{Heap before GC invocations=252 (full 3):
 garbage-first heap   total 1052672K, used 399271K [0x00000006e0000000, 0x0000000800000000)
  region size 4096K, 12 young (49152K), 3 survivors (12288K)
 Metaspace       used 299403K, committed 308224K, reserved 1376256K
  class space    used 39745K, committed 42880K, reserved 1048576K
}
Event: 36959.958 GC heap after
{Heap after GC invocations=253 (full 3):
 garbage-first heap   total 1052672K, used 364777K [0x00000006e0000000, 0x0000000800000000)
  region size 4096K, 1 young (4096K), 1 survivors (4096K)
 Metaspace       used 299403K, committed 308224K, reserved 1376256K
  class space    used 39745K, committed 42880K, reserved 1048576K
}
Event: 36964.886 GC heap before
{Heap before GC invocations=253 (full 3):
 garbage-first heap   total 1052672K, used 426217K [0x00000006e0000000, 0x0000000800000000)
  region size 4096K, 17 young (69632K), 1 survivors (4096K)
 Metaspace       used 299685K, committed 308224K, reserved 1376256K
  class space    used 39769K, committed 42880K, reserved 1048576K
}

