# JRE version: Java(TM) SE Runtime Environment (17.0.12+8) (build 17.0.12+8-LTS-286)
# Java VM: Java HotSpot(TM) 64-Bit Server VM (17.0.12+8-LTS-286, mixed mode, sharing, tiered, compressed oops, compressed class ptrs, g1 gc, windows-amd64)
GC Precious Log:
 CPUs: 4 total, 4 available
 Memory: 3999M
 Large Page Support: Disabled
 NUMA Support: Disabled
 Compressed Oops: Enabled (Zero based)
 Heap Region Size: 4M
 Heap Min Capacity: 8M
 Heap Initial Capacity: 64M
 Heap Max Capacity: 4608M
 Pre-touch: Disabled
 Parallel Workers: 4
 Concurrent Workers: 1
 Concurrent Refinement Workers: 4
 Periodic GC: Disabled
Heap:
 garbage-first heap   total 1167360K, used 389668K [0x00000006e0000000, 0x0000000800000000)
  region size 4096K, 3 young (12288K), 3 survivors (12288K)
 Metaspace       used 170437K, committed 172992K, reserved 1245184K
  class space    used 22590K, committed 23808K, reserved 1048576K
GC Heap History (20 events):
Event: 13106.709 GC heap after
{Heap after GC invocations=103 (full 2):
 garbage-first heap   total 897024K, used 292283K [0x00000006e0000000, 0x0000000800000000)
  region size 4096K, 3 young (12288K), 3 survivors (12288K)
 Metaspace       used 169122K, committed 171456K, reserved 1245184K
  class space    used 22470K, committed 23552K, reserved 1048576K
}
Event: 13109.044 GC heap before
{Heap before GC invocations=103 (full 2):
 garbage-first heap   total 897024K, used 337339K [0x00000006e0000000, 0x0000000800000000)
  region size 4096K, 14 young (57344K), 3 survivors (12288K)
 Metaspace       used 169214K, committed 171584K, reserved 1245184K
  class space    used 22479K, committed 23616K, reserved 1048576K
}
Event: 13109.126 GC heap after
{Heap after GC invocations=104 (full 2):
 garbage-first heap   total 897024K, used 300708K [0x00000006e0000000, 0x0000000800000000)
  region size 4096K, 2 young (8192K), 2 survivors (8192K)
 Metaspace       used 169214K, committed 171584K, reserved 1245184K
  class space    used 22479K, committed 23616K, reserved 1048576K
}
Event: 13111.418 GC heap before
{Heap before GC invocations=104 (full 2):
 garbage-first heap   total 897024K, used 399012K [0x00000006e0000000, 0x0000000800000000)
  region size 4096K, 26 young (106496K), 2 survivors (8192K)
 Metaspace       used 169398K, committed 171776K, reserved 1245184K
  class space    used 22492K, committed 23616K, reserved 1048576K
}
Event: 13111.529 GC heap after
{Heap after GC invocations=105 (full 2):
 garbage-first heap   total 897024K, used 319259K [0x00000006e0000000, 0x0000000800000000)
  region size 4096K, 4 young (16384K), 4 survivors (16384K)
 Metaspace       used 169398K, committed 171776K, reserved 1245184K
  class space    used 22492K, committed 23616K, reserved 1048576K
}
Event: 13113.095 GC heap before
{Heap before GC invocations=105 (full 2):
 garbage-first heap   total 897024K, used 343835K [0x00000006e0000000, 0x0000000800000000)
  region size 4096K, 10 young (40960K), 4 survivors (16384K)
 Metaspace       used 169447K, committed 171840K, reserved 1245184K
  class space    used 22495K, committed 23616K, reserved 1048576K
}
Event: 13113.208 GC heap after
{Heap after GC invocations=106 (full 2):
 garbage-first heap   total 1167360K, used 327475K [0x00000006e0000000, 0x0000000800000000)
  region size 4096K, 2 young (8192K), 2 survivors (8192K)
 Metaspace       used 169447K, committed 171840K, reserved 1245184K
  class space    used 22495K, committed 23616K, reserved 1048576K
}
Event: 13116.441 GC heap before
{Heap before GC invocations=106 (full 2):
 garbage-first heap   total 1167360K, used 380723K [0x00000006e0000000, 0x0000000800000000)
  region size 4096K, 16 young (65536K), 2 survivors (8192K)
 Metaspace       used 169499K, committed 171904K, reserved 1245184K
  class space    used 22500K, committed 23616K, reserved 1048576K
}
Event: 13116.493 GC heap after
{Heap after GC invocations=107 (full 2):
 garbage-first heap   total 1167360K, used 333614K [0x00000006e0000000, 0x0000000800000000)
  region size 4096K, 2 young (8192K), 2 survivors (8192K)
 Metaspace       used 169499K, committed 171904K, reserved 1245184K
  class space    used 22500K, committed 23616K, reserved 1048576K
}
Event: 13198.268 GC heap before
{Heap before GC invocations=107 (full 2):
 garbage-first heap   total 1167360K, used 423726K [0x00000006e0000000, 0x0000000800000000)
  region size 4096K, 24 young (98304K), 2 survivors (8192K)
 Metaspace       used 169559K, committed 171904K, reserved 1245184K
  class space    used 22504K, committed 23616K, reserved 1048576K
}
Event: 13198.292 GC heap after
{Heap after GC invocations=108 (full 2):
 garbage-first heap   total 1167360K, used 334562K [0x00000006e0000000, 0x0000000800000000)
  region size 4096K, 2 young (8192K), 2 survivors (8192K)
 Metaspace       used 169559K, committed 171904K, reserved 1245184K
  class space    used 22504K, committed 23616K, reserved 1048576K
}
Event: 15384.724 GC heap before
{Heap before GC invocations=108 (full 2):
 garbage-first heap   total 1167360K, used 473826K [0x00000006e0000000, 0x0000000800000000)
  region size 4096K, 36 young (147456K), 2 survivors (8192K)
 Metaspace       used 169708K, committed 172096K, reserved 1245184K
  class space    used 22514K, committed 23616K, reserved 1048576K
}
Event: 15384.851 GC heap after
{Heap after GC invocations=109 (full 2):
 garbage-first heap   total 1167360K, used 344125K [0x00000006e0000000, 0x0000000800000000)
  region size 4096K, 5 young (20480K), 5 survivors (20480K)
 Metaspace       used 169708K, committed 172096K, reserved 1245184K
  class space    used 22514K, committed 23616K, reserved 1048576K
}
Event: 15388.812 GC heap before
{Heap before GC invocations=109 (full 2):
 garbage-first heap   total 1167360K, used 467005K [0x00000006e0000000, 0x0000000800000000)
  region size 4096K, 35 young (143360K), 5 survivors (20480K)
 Metaspace       used 169969K, committed 172352K, reserved 1245184K
  class space    used 22514K, committed 23616K, reserved 1048576K
}
Event: 15389.015 GC heap after
{Heap after GC invocations=110 (full 2):
 garbage-first heap   total 1167360K, used 367677K [0x00000006e0000000, 0x0000000800000000)
  region size 4096K, 5 young (20480K), 5 survivors (20480K)
 Metaspace       used 169969K, committed 172352K, reserved 1245184K
  class space    used 22514K, committed 23616K, reserved 1048576K
}
Event: 15389.490 GC heap before
{Heap before GC invocations=110 (full 2):
 garbage-first heap   total 1167360K, used 412733K [0x00000006e0000000, 0x0000000800000000)
  region size 4096K, 16 young (65536K), 5 survivors (20480K)
 Metaspace       used 170002K, committed 172416K, reserved 1245184K
  class space    used 22514K, committed 23616K, reserved 1048576K
}
Event: 15389.633 GC heap after
{Heap after GC invocations=111 (full 2):
 garbage-first heap   total 1167360K, used 378478K [0x00000006e0000000, 0x0000000800000000)
  region size 4096K, 2 young (8192K), 2 survivors (8192K)
 Metaspace       used 170002K, committed 172416K, reserved 1245184K
  class space    used 22514K, committed 23616K, reserved 1048576K
}
Event: 15391.215 GC heap before
{Heap before GC invocations=111 (full 2):
 garbage-first heap   total 1167360K, used 468590K [0x00000006e0000000, 0x0000000800000000)
  region size 4096K, 24 young (98304K), 2 survivors (8192K)
 Metaspace       used 170033K, committed 172416K, reserved 1245184K
  class space    used 22515K, committed 23616K, reserved 1048576K
}
Event: 15391.311 GC heap after
{Heap after GC invocations=112 (full 2):
 garbage-first heap   total 1167360K, used 386443K [0x00000006e0000000, 0x0000000800000000)
  region size 4096K, 2 young (8192K), 2 survivors (8192K)
 Metaspace       used 170033K, committed 172416K, reserved 1245184K
  class space    used 22515K, committed 23616K, reserved 1048576K
}
Event: 16721.891 GC heap before
{Heap before GC invocations=112 (full 2):
 garbage-first heap   total 1167360K, used 497035K [0x00000006e0000000, 0x0000000800000000)
  region size 4096K, 29 young (118784K), 2 survivors (8192K)
 Metaspace       used 170437K, committed 172992K, reserved 1245184K
  class space    used 22590K, committed 23808K, reserved 1048576K
}

