# JRE version: Java(TM) SE Runtime Environment (17.0.12+8) (build 17.0.12+8-LTS-286)
# Java VM: Java HotSpot(TM) 64-Bit Server VM (17.0.12+8-LTS-286, mixed mode, sharing, tiered, compressed oops, compressed class ptrs, g1 gc, windows-amd64)
GC Precious Log:
 CPUs: 4 total, 4 available
 Memory: 3999M
 Large Page Support: Disabled
 NUMA Support: Disabled
 Compressed Oops: Enabled (Zero based)
 Heap Region Size: 4M
 Heap Min Capacity: 8M
 Heap Initial Capacity: 64M
 Heap Max Capacity: 4608M
 Pre-touch: Disabled
 Parallel Workers: 4
 Concurrent Workers: 1
 Concurrent Refinement Workers: 4
 Periodic GC: Disabled
Heap:
 garbage-first heap   total 536576K, used 223030K [0x00000006e0000000, 0x0000000800000000)
  region size 4096K, 2 young (8192K), 2 survivors (8192K)
 Metaspace       used 110678K, committed 111936K, reserved 1179648K
  class space    used 15464K, committed 16064K, reserved 1048576K
GC Heap History (20 events):
Event: 141.397 GC heap after
{Heap after GC invocations=71 (full 0):
 garbage-first heap   total 294912K, used 160196K [0x00000006e0000000, 0x0000000800000000)
  region size 4096K, 2 young (8192K), 2 survivors (8192K)
 Metaspace       used 100770K, committed 101824K, reserved 1179648K
  class space    used 14166K, committed 14656K, reserved 1048576K
}
Event: 153.481 GC heap before
{Heap before GC invocations=71 (full 0):
 garbage-first heap   total 294912K, used 229828K [0x00000006e0000000, 0x0000000800000000)
  region size 4096K, 20 young (81920K), 2 survivors (8192K)
 Metaspace       used 104169K, committed 105344K, reserved 1179648K
  class space    used 14614K, committed 15168K, reserved 1048576K
}
Event: 153.804 GC heap after
{Heap after GC invocations=72 (full 0):
 garbage-first heap   total 294912K, used 165383K [0x00000006e0000000, 0x0000000800000000)
  region size 4096K, 3 young (12288K), 3 survivors (12288K)
 Metaspace       used 104169K, committed 105344K, reserved 1179648K
  class space    used 14614K, committed 15168K, reserved 1048576K
}
Event: 154.778 GC heap before
{Heap before GC invocations=72 (full 0):
 garbage-first heap   total 294912K, used 194055K [0x00000006e0000000, 0x0000000800000000)
  region size 4096K, 10 young (40960K), 3 survivors (12288K)
 Metaspace       used 104234K, committed 105344K, reserved 1179648K
  class space    used 14618K, committed 15168K, reserved 1048576K
}
Event: 155.073 GC heap after
{Heap after GC invocations=73 (full 0):
 garbage-first heap   total 294912K, used 170568K [0x00000006e0000000, 0x0000000800000000)
  region size 4096K, 2 young (8192K), 2 survivors (8192K)
 Metaspace       used 104234K, committed 105344K, reserved 1179648K
  class space    used 14618K, committed 15168K, reserved 1048576K
}
Event: 157.002 GC heap before
{Heap before GC invocations=73 (full 0):
 garbage-first heap   total 294912K, used 215624K [0x00000006e0000000, 0x0000000800000000)
  region size 4096K, 13 young (53248K), 2 survivors (8192K)
 Metaspace       used 104317K, committed 105408K, reserved 1179648K
  class space    used 14624K, committed 15168K, reserved 1048576K
}
Event: 157.066 GC heap after
{Heap after GC invocations=74 (full 0):
 garbage-first heap   total 536576K, used 179001K [0x00000006e0000000, 0x0000000800000000)
  region size 4096K, 2 young (8192K), 2 survivors (8192K)
 Metaspace       used 104317K, committed 105408K, reserved 1179648K
  class space    used 14624K, committed 15168K, reserved 1048576K
}
Event: 171.186 GC heap before
{Heap before GC invocations=74 (full 0):
 garbage-first heap   total 536576K, used 219961K [0x00000006e0000000, 0x0000000800000000)
  region size 4096K, 13 young (53248K), 2 survivors (8192K)
 Metaspace       used 104550K, committed 105664K, reserved 1179648K
  class space    used 14644K, committed 15168K, reserved 1048576K
}
Event: 171.251 GC heap after
{Heap after GC invocations=75 (full 0):
 garbage-first heap   total 536576K, used 187834K [0x00000006e0000000, 0x0000000800000000)
  region size 4096K, 2 young (8192K), 2 survivors (8192K)
 Metaspace       used 104550K, committed 105664K, reserved 1179648K
  class space    used 14644K, committed 15168K, reserved 1048576K
}
Event: 173.282 GC heap before
{Heap before GC invocations=75 (full 0):
 garbage-first heap   total 536576K, used 241082K [0x00000006e0000000, 0x0000000800000000)
  region size 4096K, 15 young (61440K), 2 survivors (8192K)
 Metaspace       used 104551K, committed 105664K, reserved 1179648K
  class space    used 14644K, committed 15168K, reserved 1048576K
}
Event: 173.418 GC heap after
{Heap after GC invocations=76 (full 0):
 garbage-first heap   total 536576K, used 189281K [0x00000006e0000000, 0x0000000800000000)
  region size 4096K, 1 young (4096K), 1 survivors (4096K)
 Metaspace       used 104551K, committed 105664K, reserved 1179648K
  class space    used 14644K, committed 15168K, reserved 1048576K
}
Event: 182.608 GC heap before
{Heap before GC invocations=76 (full 0):
 garbage-first heap   total 536576K, used 267105K [0x00000006e0000000, 0x0000000800000000)
  region size 4096K, 21 young (86016K), 1 survivors (4096K)
 Metaspace       used 104985K, committed 106112K, reserved 1179648K
  class space    used 14694K, committed 15232K, reserved 1048576K
}
Event: 182.689 GC heap after
{Heap after GC invocations=77 (full 0):
 garbage-first heap   total 536576K, used 196673K [0x00000006e0000000, 0x0000000800000000)
  region size 4096K, 3 young (12288K), 3 survivors (12288K)
 Metaspace       used 104985K, committed 106112K, reserved 1179648K
  class space    used 14694K, committed 15232K, reserved 1048576K
}
Event: 184.582 GC heap before
{Heap before GC invocations=77 (full 0):
 garbage-first heap   total 536576K, used 233537K [0x00000006e0000000, 0x0000000800000000)
  region size 4096K, 13 young (53248K), 3 survivors (12288K)
 Metaspace       used 105107K, committed 106240K, reserved 1179648K
  class space    used 14703K, committed 15232K, reserved 1048576K
}
Event: 184.647 GC heap after
{Heap after GC invocations=78 (full 0):
 garbage-first heap   total 536576K, used 202981K [0x00000006e0000000, 0x0000000800000000)
  region size 4096K, 2 young (8192K), 2 survivors (8192K)
 Metaspace       used 105107K, committed 106240K, reserved 1179648K
  class space    used 14703K, committed 15232K, reserved 1048576K
}
Event: 193.803 GC heap before
{Heap before GC invocations=78 (full 0):
 garbage-first heap   total 536576K, used 284901K [0x00000006e0000000, 0x0000000800000000)
  region size 4096K, 23 young (94208K), 2 survivors (8192K)
 Metaspace       used 105321K, committed 106496K, reserved 1179648K
  class space    used 14734K, committed 15296K, reserved 1048576K
}
Event: 193.831 GC heap after
{Heap after GC invocations=79 (full 0):
 garbage-first heap   total 536576K, used 209796K [0x00000006e0000000, 0x0000000800000000)
  region size 4096K, 3 young (12288K), 3 survivors (12288K)
 Metaspace       used 105321K, committed 106496K, reserved 1179648K
  class space    used 14734K, committed 15296K, reserved 1048576K
}
Event: 202.578 GC heap before
{Heap before GC invocations=79 (full 0):
 garbage-first heap   total 536576K, used 308100K [0x00000006e0000000, 0x0000000800000000)
  region size 4096K, 27 young (110592K), 3 survivors (12288K)
 Metaspace       used 110095K, committed 111360K, reserved 1179648K
  class space    used 15402K, committed 16000K, reserved 1048576K
}
Event: 203.066 GC heap after
{Heap after GC invocations=80 (full 0):
 garbage-first heap   total 536576K, used 217450K [0x00000006e0000000, 0x0000000800000000)
  region size 4096K, 3 young (12288K), 3 survivors (12288K)
 Metaspace       used 110095K, committed 111360K, reserved 1179648K
  class space    used 15402K, committed 16000K, reserved 1048576K
}
Event: 208.354 GC heap before
{Heap before GC invocations=80 (full 0):
 garbage-first heap   total 536576K, used 246122K [0x00000006e0000000, 0x0000000800000000)
  region size 4096K, 10 young (40960K), 3 survivors (12288K)
 Metaspace       used 110678K, committed 111936K, reserved 1179648K
  class space    used 15464K, committed 16064K, reserved 1048576K
}

