# JRE version: Java(TM) SE Runtime Environment (17.0.12+8) (build 17.0.12+8-LTS-286)
# Java VM: Java HotSpot(TM) 64-Bit Server VM (17.0.12+8-LTS-286, mixed mode, sharing, tiered, compressed oops, compressed class ptrs, g1 gc, windows-amd64)
GC Precious Log:
 CPUs: 4 total, 4 available
 Memory: 3999M
 Large Page Support: Disabled
 NUMA Support: Disabled
 Compressed Oops: Enabled (Zero based)
 Heap Region Size: 4M
 Heap Min Capacity: 8M
 Heap Initial Capacity: 64M
 Heap Max Capacity: 4608M
 Pre-touch: Disabled
 Parallel Workers: 4
 Concurrent Workers: 1
 Concurrent Refinement Workers: 4
 Periodic GC: Disabled
Heap:
 garbage-first heap   total 450560K, used 399973K [0x00000006e0000000, 0x0000000800000000)
  region size 4096K, 1 young (4096K), 1 survivors (4096K)
 Metaspace       used 153511K, committed 155200K, reserved 1245184K
  class space    used 20896K, committed 21696K, reserved 1048576K
GC Heap History (20 events):
Event: 179.021 GC heap after
{Heap after GC invocations=84 (full 0):
 garbage-first heap   total 450560K, used 322816K [0x00000006e0000000, 0x0000000800000000)
  region size 4096K, 3 young (12288K), 3 survivors (12288K)
 Metaspace       used 151908K, committed 153536K, reserved 1245184K
  class space    used 20720K, committed 21504K, reserved 1048576K
}
Event: 182.855 GC heap before
{Heap before GC invocations=84 (full 0):
 garbage-first heap   total 450560K, used 388352K [0x00000006e0000000, 0x0000000800000000)
  region size 4096K, 19 young (77824K), 3 survivors (12288K)
 Metaspace       used 152287K, committed 153920K, reserved 1245184K
  class space    used 20749K, committed 21504K, reserved 1048576K
}
Event: 182.920 GC heap after
{Heap after GC invocations=85 (full 0):
 garbage-first heap   total 450560K, used 324197K [0x00000006e0000000, 0x0000000800000000)
  region size 4096K, 1 young (4096K), 1 survivors (4096K)
 Metaspace       used 152287K, committed 153920K, reserved 1245184K
  class space    used 20749K, committed 21504K, reserved 1048576K
}
Event: 184.744 GC heap before
{Heap before GC invocations=85 (full 0):
 garbage-first heap   total 450560K, used 385637K [0x00000006e0000000, 0x0000000800000000)
  region size 4096K, 16 young (65536K), 1 survivors (4096K)
 Metaspace       used 152369K, committed 153984K, reserved 1245184K
  class space    used 20751K, committed 21504K, reserved 1048576K
}
Event: 184.753 GC heap after
{Heap after GC invocations=86 (full 0):
 garbage-first heap   total 450560K, used 324068K [0x00000006e0000000, 0x0000000800000000)
  region size 4096K, 1 young (4096K), 1 survivors (4096K)
 Metaspace       used 152369K, committed 153984K, reserved 1245184K
  class space    used 20751K, committed 21504K, reserved 1048576K
}
Event: 188.031 GC heap before
{Heap before GC invocations=86 (full 0):
 garbage-first heap   total 450560K, used 389604K [0x00000006e0000000, 0x0000000800000000)
  region size 4096K, 17 young (69632K), 1 survivors (4096K)
 Metaspace       used 152535K, committed 154176K, reserved 1245184K
  class space    used 20780K, committed 21568K, reserved 1048576K
}
Event: 188.044 GC heap after
{Heap after GC invocations=87 (full 0):
 garbage-first heap   total 450560K, used 326126K [0x00000006e0000000, 0x0000000800000000)
  region size 4096K, 2 young (8192K), 2 survivors (8192K)
 Metaspace       used 152535K, committed 154176K, reserved 1245184K
  class space    used 20780K, committed 21568K, reserved 1048576K
}
Event: 192.671 GC heap before
{Heap before GC invocations=87 (full 0):
 garbage-first heap   total 450560K, used 383470K [0x00000006e0000000, 0x0000000800000000)
  region size 4096K, 17 young (69632K), 2 survivors (8192K)
 Metaspace       used 152578K, committed 154176K, reserved 1245184K
  class space    used 20784K, committed 21568K, reserved 1048576K
}
Event: 192.685 GC heap after
{Heap after GC invocations=88 (full 0):
 garbage-first heap   total 450560K, used 327274K [0x00000006e0000000, 0x0000000800000000)
  region size 4096K, 2 young (8192K), 2 survivors (8192K)
 Metaspace       used 152578K, committed 154176K, reserved 1245184K
  class space    used 20784K, committed 21568K, reserved 1048576K
}
Event: 201.792 GC heap before
{Heap before GC invocations=88 (full 0):
 garbage-first heap   total 450560K, used 388714K [0x00000006e0000000, 0x0000000800000000)
  region size 4096K, 17 young (69632K), 2 survivors (8192K)
 Metaspace       used 152737K, committed 154368K, reserved 1245184K
  class space    used 20792K, committed 21568K, reserved 1048576K
}
Event: 201.807 GC heap after
{Heap after GC invocations=89 (full 0):
 garbage-first heap   total 450560K, used 327770K [0x00000006e0000000, 0x0000000800000000)
  region size 4096K, 2 young (8192K), 2 survivors (8192K)
 Metaspace       used 152737K, committed 154368K, reserved 1245184K
  class space    used 20792K, committed 21568K, reserved 1048576K
}
Event: 212.229 GC heap before
{Heap before GC invocations=89 (full 0):
 garbage-first heap   total 450560K, used 393306K [0x00000006e0000000, 0x0000000800000000)
  region size 4096K, 17 young (69632K), 2 survivors (8192K)
 Metaspace       used 153423K, committed 155072K, reserved 1245184K
  class space    used 20890K, committed 21632K, reserved 1048576K
}
Event: 212.332 GC heap after
{Heap after GC invocations=90 (full 0):
 garbage-first heap   total 450560K, used 361946K [0x00000006e0000000, 0x0000000800000000)
  region size 4096K, 3 young (12288K), 3 survivors (12288K)
 Metaspace       used 153423K, committed 155072K, reserved 1245184K
  class space    used 20890K, committed 21632K, reserved 1048576K
}
Event: 212.420 GC heap before
{Heap before GC invocations=90 (full 0):
 garbage-first heap   total 450560K, used 378330K [0x00000006e0000000, 0x0000000800000000)
  region size 4096K, 8 young (32768K), 3 survivors (12288K)
 Metaspace       used 153429K, committed 155072K, reserved 1245184K
  class space    used 20890K, committed 21632K, reserved 1048576K
}
Event: 212.489 GC heap after
{Heap after GC invocations=91 (full 0):
 garbage-first heap   total 450560K, used 372292K [0x00000006e0000000, 0x0000000800000000)
  region size 4096K, 1 young (4096K), 1 survivors (4096K)
 Metaspace       used 153429K, committed 155072K, reserved 1245184K
  class space    used 20890K, committed 21632K, reserved 1048576K
}
Event: 212.773 GC heap before
{Heap before GC invocations=91 (full 0):
 garbage-first heap   total 450560K, used 400964K [0x00000006e0000000, 0x0000000800000000)
  region size 4096K, 5 young (20480K), 1 survivors (4096K)
 Metaspace       used 153456K, committed 155072K, reserved 1245184K
  class space    used 20892K, committed 21632K, reserved 1048576K
}
Event: 212.777 GC heap after
{Heap after GC invocations=92 (full 0):
 garbage-first heap   total 450560K, used 385715K [0x00000006e0000000, 0x0000000800000000)
  region size 4096K, 1 young (4096K), 1 survivors (4096K)
 Metaspace       used 153456K, committed 155072K, reserved 1245184K
  class space    used 20892K, committed 21632K, reserved 1048576K
}
Event: 214.122 GC heap before
{Heap before GC invocations=92 (full 0):
 garbage-first heap   total 450560K, used 402099K [0x00000006e0000000, 0x0000000800000000)
  region size 4096K, 5 young (20480K), 1 survivors (4096K)
 Metaspace       used 153511K, committed 155200K, reserved 1245184K
  class space    used 20896K, committed 21696K, reserved 1048576K
}
Event: 214.205 GC heap after
{Heap after GC invocations=93 (full 0):
 garbage-first heap   total 450560K, used 392952K [0x00000006e0000000, 0x0000000800000000)
  region size 4096K, 1 young (4096K), 1 survivors (4096K)
 Metaspace       used 153511K, committed 155200K, reserved 1245184K
  class space    used 20896K, committed 21696K, reserved 1048576K
}
Event: 215.830 GC heap before
{Heap before GC invocations=93 (full 0):
 garbage-first heap   total 450560K, used 405240K [0x00000006e0000000, 0x0000000800000000)
  region size 4096K, 5 young (20480K), 1 survivors (4096K)
 Metaspace       used 153511K, committed 155200K, reserved 1245184K
  class space    used 20896K, committed 21696K, reserved 1048576K
}

