# JRE version: Java(TM) SE Runtime Environment (17.0.12+8) (build 17.0.12+8-LTS-286)
# Java VM: Java HotSpot(TM) 64-Bit Server VM (17.0.12+8-LTS-286, mixed mode, sharing, tiered, compressed oops, compressed class ptrs, g1 gc, windows-amd64)
GC Precious Log:
 CPUs: 4 total, 4 available
 Memory: 3999M
 Large Page Support: Disabled
 NUMA Support: Disabled
 Compressed Oops: Enabled (Zero based)
 Heap Region Size: 4M
 Heap Min Capacity: 8M
 Heap Initial Capacity: 64M
 Heap Max Capacity: 4608M
 Pre-touch: Disabled
 Parallel Workers: 4
 Concurrent Workers: 1
 Concurrent Refinement Workers: 4
 Periodic GC: Disabled
Heap:
 garbage-first heap   total 286720K, used 196970K [0x00000006e0000000, 0x0000000800000000)
  region size 4096K, 14 young (57344K), 2 survivors (8192K)
 Metaspace       used 103628K, committed 104704K, reserved 1179648K
  class space    used 14515K, committed 15040K, reserved 1048576K
GC Heap History (20 events):
Event: 64.756 GC heap before
{Heap before GC invocations=45 (full 0):
 garbage-first heap   total 163840K, used 121934K [0x00000006e0000000, 0x0000000800000000)
  region size 4096K, 9 young (36864K), 1 survivors (4096K)
 Metaspace       used 73259K, committed 74048K, reserved 1114112K
  class space    used 10269K, committed 10624K, reserved 1048576K
}
Event: 64.759 GC heap after
{Heap after GC invocations=46 (full 0):
 garbage-first heap   total 163840K, used 89645K [0x00000006e0000000, 0x0000000800000000)
  region size 4096K, 1 young (4096K), 1 survivors (4096K)
 Metaspace       used 73259K, committed 74048K, reserved 1114112K
  class space    used 10269K, committed 10624K, reserved 1048576K
}
Event: 65.485 GC heap before
{Heap before GC invocations=46 (full 0):
 garbage-first heap   total 163840K, used 122413K [0x00000006e0000000, 0x0000000800000000)
  region size 4096K, 10 young (40960K), 1 survivors (4096K)
 Metaspace       used 75668K, committed 76480K, reserved 1114112K
  class space    used 10556K, committed 10944K, reserved 1048576K
}
Event: 65.501 GC heap after
{Heap after GC invocations=47 (full 0):
 garbage-first heap   total 163840K, used 94467K [0x00000006e0000000, 0x0000000800000000)
  region size 4096K, 2 young (8192K), 2 survivors (8192K)
 Metaspace       used 75668K, committed 76480K, reserved 1114112K
  class space    used 10556K, committed 10944K, reserved 1048576K
}
Event: 66.448 GC heap before
{Heap before GC invocations=47 (full 0):
 garbage-first heap   total 163840K, used 127235K [0x00000006e0000000, 0x0000000800000000)
  region size 4096K, 10 young (40960K), 2 survivors (8192K)
 Metaspace       used 77791K, committed 78592K, reserved 1179648K
  class space    used 10839K, committed 11200K, reserved 1048576K
}
Event: 66.470 GC heap after
{Heap after GC invocations=48 (full 0):
 garbage-first heap   total 233472K, used 96501K [0x00000006e0000000, 0x0000000800000000)
  region size 4096K, 1 young (4096K), 1 survivors (4096K)
 Metaspace       used 77791K, committed 78592K, reserved 1179648K
  class space    used 10839K, committed 11200K, reserved 1048576K
}
Event: 69.929 GC heap before
{Heap before GC invocations=48 (full 0):
 garbage-first heap   total 233472K, used 182517K [0x00000006e0000000, 0x0000000800000000)
  region size 4096K, 22 young (90112K), 1 survivors (4096K)
 Metaspace       used 83444K, committed 84288K, reserved 1179648K
  class space    used 11593K, committed 12032K, reserved 1048576K
}
Event: 69.952 GC heap after
{Heap after GC invocations=49 (full 0):
 garbage-first heap   total 233472K, used 99909K [0x00000006e0000000, 0x0000000800000000)
  region size 4096K, 2 young (8192K), 2 survivors (8192K)
 Metaspace       used 83444K, committed 84288K, reserved 1179648K
  class space    used 11593K, committed 12032K, reserved 1048576K
}
Event: 71.517 GC heap before
{Heap before GC invocations=49 (full 0):
 garbage-first heap   total 233472K, used 181829K [0x00000006e0000000, 0x0000000800000000)
  region size 4096K, 22 young (90112K), 2 survivors (8192K)
 Metaspace       used 85971K, committed 86848K, reserved 1179648K
  class space    used 11945K, committed 12352K, reserved 1048576K
}
Event: 71.602 GC heap after
{Heap after GC invocations=50 (full 0):
 garbage-first heap   total 233472K, used 105144K [0x00000006e0000000, 0x0000000800000000)
  region size 4096K, 3 young (12288K), 3 survivors (12288K)
 Metaspace       used 85971K, committed 86848K, reserved 1179648K
  class space    used 11945K, committed 12352K, reserved 1048576K
}
Event: 81.362 GC heap before
{Heap before GC invocations=50 (full 0):
 garbage-first heap   total 233472K, used 182968K [0x00000006e0000000, 0x0000000800000000)
  region size 4096K, 22 young (90112K), 3 survivors (12288K)
 Metaspace       used 90825K, committed 91648K, reserved 1179648K
  class space    used 12786K, committed 13184K, reserved 1048576K
}
Event: 81.504 GC heap after
{Heap after GC invocations=51 (full 0):
 garbage-first heap   total 233472K, used 107084K [0x00000006e0000000, 0x0000000800000000)
  region size 4096K, 2 young (8192K), 2 survivors (8192K)
 Metaspace       used 90825K, committed 91648K, reserved 1179648K
  class space    used 12786K, committed 13184K, reserved 1048576K
}
Event: 90.298 GC heap before
{Heap before GC invocations=51 (full 0):
 garbage-first heap   total 233472K, used 189004K [0x00000006e0000000, 0x0000000800000000)
  region size 4096K, 22 young (90112K), 2 survivors (8192K)
 Metaspace       used 94847K, committed 95808K, reserved 1179648K
  class space    used 13312K, committed 13760K, reserved 1048576K
}
Event: 90.497 GC heap after
{Heap after GC invocations=52 (full 0):
 garbage-first heap   total 233472K, used 116825K [0x00000006e0000000, 0x0000000800000000)
  region size 4096K, 3 young (12288K), 3 survivors (12288K)
 Metaspace       used 94847K, committed 95808K, reserved 1179648K
  class space    used 13312K, committed 13760K, reserved 1048576K
}
Event: 96.444 GC heap before
{Heap before GC invocations=52 (full 0):
 garbage-first heap   total 233472K, used 182361K [0x00000006e0000000, 0x0000000800000000)
  region size 4096K, 20 young (81920K), 3 survivors (12288K)
 Metaspace       used 96046K, committed 97088K, reserved 1179648K
  class space    used 13473K, committed 13952K, reserved 1048576K
}
Event: 96.580 GC heap after
{Heap after GC invocations=53 (full 0):
 garbage-first heap   total 286720K, used 129297K [0x00000006e0000000, 0x0000000800000000)
  region size 4096K, 3 young (12288K), 3 survivors (12288K)
 Metaspace       used 96046K, committed 97088K, reserved 1179648K
  class space    used 13473K, committed 13952K, reserved 1048576K
}
Event: 105.210 GC heap before
{Heap before GC invocations=53 (full 0):
 garbage-first heap   total 286720K, used 219409K [0x00000006e0000000, 0x0000000800000000)
  region size 4096K, 26 young (106496K), 3 survivors (12288K)
 Metaspace       used 98204K, committed 99264K, reserved 1179648K
  class space    used 13759K, committed 14272K, reserved 1048576K
}
Event: 105.344 GC heap after
{Heap after GC invocations=54 (full 0):
 garbage-first heap   total 286720K, used 146444K [0x00000006e0000000, 0x0000000800000000)
  region size 4096K, 4 young (16384K), 4 survivors (16384K)
 Metaspace       used 98204K, committed 99264K, reserved 1179648K
  class space    used 13759K, committed 14272K, reserved 1048576K
}
Event: 112.862 GC heap before
{Heap before GC invocations=54 (full 0):
 garbage-first heap   total 286720K, used 224268K [0x00000006e0000000, 0x0000000800000000)
  region size 4096K, 23 young (94208K), 4 survivors (16384K)
 Metaspace       used 102228K, committed 103296K, reserved 1179648K
  class space    used 14333K, committed 14848K, reserved 1048576K
}
Event: 113.147 GC heap after
{Heap after GC invocations=55 (full 0):
 garbage-first heap   total 286720K, used 151914K [0x00000006e0000000, 0x0000000800000000)
  region size 4096K, 2 young (8192K), 2 survivors (8192K)
 Metaspace       used 102228K, committed 103296K, reserved 1179648K
  class space    used 14333K, committed 14848K, reserved 1048576K
}

