# JRE version: Java(TM) SE Runtime Environment (17.0.12+8) (build 17.0.12+8-LTS-286)
# Java VM: Java HotSpot(TM) 64-Bit Server VM (17.0.12+8-LTS-286, mixed mode, sharing, tiered, compressed oops, compressed class ptrs, g1 gc, windows-amd64)
GC Precious Log:
 CPUs: 4 total, 4 available
 Memory: 3999M
 Large Page Support: Disabled
 NUMA Support: Disabled
 Compressed Oops: Enabled (Zero based)
 Heap Region Size: 4M
 Heap Min Capacity: 8M
 Heap Initial Capacity: 64M
 Heap Max Capacity: 4608M
 Pre-touch: Disabled
 Parallel Workers: 4
 Concurrent Workers: 1
 Concurrent Refinement Workers: 4
 Periodic GC: Disabled
Heap:
 garbage-first heap   total 532480K, used 179981K [0x00000006e0000000, 0x0000000800000000)
  region size 4096K, 1 young (4096K), 1 survivors (4096K)
 Metaspace       used 104353K, committed 105408K, reserved 1179648K
  class space    used 14627K, committed 15104K, reserved 1048576K
GC Heap History (20 events):
Event: 107.193 GC heap after
{Heap after GC invocations=53 (full 0):
 garbage-first heap   total 262144K, used 118222K [0x00000006e0000000, 0x0000000800000000)
  region size 4096K, 2 young (8192K), 2 survivors (8192K)
 Metaspace       used 92926K, committed 93824K, reserved 1179648K
  class space    used 13064K, committed 13504K, reserved 1048576K
}
Event: 111.589 GC heap before
{Heap before GC invocations=53 (full 0):
 garbage-first heap   total 262144K, used 208334K [0x00000006e0000000, 0x0000000800000000)
  region size 4096K, 24 young (98304K), 2 survivors (8192K)
 Metaspace       used 95730K, committed 96640K, reserved 1179648K
  class space    used 13412K, committed 13888K, reserved 1048576K
}
Event: 111.616 GC heap after
{Heap after GC invocations=54 (full 0):
 garbage-first heap   total 262144K, used 127447K [0x00000006e0000000, 0x0000000800000000)
  region size 4096K, 3 young (12288K), 3 survivors (12288K)
 Metaspace       used 95730K, committed 96640K, reserved 1179648K
  class space    used 13412K, committed 13888K, reserved 1048576K
}
Event: 114.145 GC heap before
{Heap before GC invocations=54 (full 0):
 garbage-first heap   total 262144K, used 201175K [0x00000006e0000000, 0x0000000800000000)
  region size 4096K, 22 young (90112K), 3 survivors (12288K)
 Metaspace       used 95733K, committed 96640K, reserved 1179648K
  class space    used 13413K, committed 13888K, reserved 1048576K
}
Event: 114.188 GC heap after
{Heap after GC invocations=55 (full 0):
 garbage-first heap   total 262144K, used 130776K [0x00000006e0000000, 0x0000000800000000)
  region size 4096K, 2 young (8192K), 2 survivors (8192K)
 Metaspace       used 95733K, committed 96640K, reserved 1179648K
  class space    used 13413K, committed 13888K, reserved 1048576K
}
Event: 116.324 GC heap before
{Heap before GC invocations=56 (full 0):
 garbage-first heap   total 266240K, used 200408K [0x00000006e0000000, 0x0000000800000000)
  region size 4096K, 20 young (81920K), 2 survivors (8192K)
 Metaspace       used 96287K, committed 97280K, reserved 1179648K
  class space    used 13510K, committed 14016K, reserved 1048576K
}
Event: 116.345 GC heap after
{Heap after GC invocations=57 (full 0):
 garbage-first heap   total 266240K, used 142669K [0x00000006e0000000, 0x0000000800000000)
  region size 4096K, 3 young (12288K), 3 survivors (12288K)
 Metaspace       used 96287K, committed 97280K, reserved 1179648K
  class space    used 13510K, committed 14016K, reserved 1048576K
}
Event: 116.425 GC heap before
{Heap before GC invocations=57 (full 0):
 garbage-first heap   total 266240K, used 146765K [0x00000006e0000000, 0x0000000800000000)
  region size 4096K, 4 young (16384K), 3 survivors (12288K)
 Metaspace       used 96442K, committed 97408K, reserved 1179648K
  class space    used 13529K, committed 14016K, reserved 1048576K
}
Event: 116.481 GC heap after
{Heap after GC invocations=58 (full 0):
 garbage-first heap   total 266240K, used 141000K [0x00000006e0000000, 0x0000000800000000)
  region size 4096K, 1 young (4096K), 1 survivors (4096K)
 Metaspace       used 96442K, committed 97408K, reserved 1179648K
  class space    used 13529K, committed 14016K, reserved 1048576K
}
Event: 119.763 GC heap before
{Heap before GC invocations=58 (full 0):
 garbage-first heap   total 266240K, used 202440K [0x00000006e0000000, 0x0000000800000000)
  region size 4096K, 16 young (65536K), 1 survivors (4096K)
 Metaspace       used 96793K, committed 97792K, reserved 1179648K
  class space    used 13577K, committed 14080K, reserved 1048576K
}
Event: 119.779 GC heap after
{Heap after GC invocations=59 (full 0):
 garbage-first heap   total 532480K, used 147010K [0x00000006e0000000, 0x0000000800000000)
  region size 4096K, 2 young (8192K), 2 survivors (8192K)
 Metaspace       used 96793K, committed 97792K, reserved 1179648K
  class space    used 13577K, committed 14080K, reserved 1048576K
}
Event: 136.966 GC heap before
{Heap before GC invocations=60 (full 0):
 garbage-first heap   total 532480K, used 417346K [0x00000006e0000000, 0x0000000800000000)
  region size 4096K, 69 young (282624K), 2 survivors (8192K)
 Metaspace       used 104247K, committed 105280K, reserved 1179648K
  class space    used 14619K, committed 15104K, reserved 1048576K
}
Event: 138.678 GC heap after
{Heap after GC invocations=61 (full 0):
 garbage-first heap   total 532480K, used 169396K [0x00000006e0000000, 0x0000000800000000)
  region size 4096K, 8 young (32768K), 8 survivors (32768K)
 Metaspace       used 104247K, committed 105280K, reserved 1179648K
  class space    used 14619K, committed 15104K, reserved 1048576K
}
Event: 140.161 GC heap before
{Heap before GC invocations=61 (full 0):
 garbage-first heap   total 532480K, used 173492K [0x00000006e0000000, 0x0000000800000000)
  region size 4096K, 9 young (36864K), 8 survivors (32768K)
 Metaspace       used 104259K, committed 105280K, reserved 1179648K
  class space    used 14620K, committed 15104K, reserved 1048576K
}
Event: 142.398 GC heap after
{Heap after GC invocations=62 (full 0):
 garbage-first heap   total 532480K, used 170615K [0x00000006e0000000, 0x0000000800000000)
  region size 4096K, 1 young (4096K), 1 survivors (4096K)
 Metaspace       used 104259K, committed 105280K, reserved 1179648K
  class space    used 14620K, committed 15104K, reserved 1048576K
}
Event: 143.926 GC heap before
{Heap before GC invocations=62 (full 0):
 garbage-first heap   total 532480K, used 191095K [0x00000006e0000000, 0x0000000800000000)
  region size 4096K, 6 young (24576K), 1 survivors (4096K)
 Metaspace       used 104280K, committed 105344K, reserved 1179648K
  class space    used 14621K, committed 15104K, reserved 1048576K
}
Event: 144.273 GC heap after
{Heap after GC invocations=63 (full 0):
 garbage-first heap   total 532480K, used 171597K [0x00000006e0000000, 0x0000000800000000)
  region size 4096K, 1 young (4096K), 1 survivors (4096K)
 Metaspace       used 104280K, committed 105344K, reserved 1179648K
  class space    used 14621K, committed 15104K, reserved 1048576K
}
Event: 144.835 GC heap before
{Heap before GC invocations=63 (full 0):
 garbage-first heap   total 532480K, used 192077K [0x00000006e0000000, 0x0000000800000000)
  region size 4096K, 6 young (24576K), 1 survivors (4096K)
 Metaspace       used 104306K, committed 105344K, reserved 1179648K
  class space    used 14624K, committed 15104K, reserved 1048576K
}
Event: 144.850 GC heap after
{Heap after GC invocations=64 (full 0):
 garbage-first heap   total 532480K, used 175699K [0x00000006e0000000, 0x0000000800000000)
  region size 4096K, 1 young (4096K), 1 survivors (4096K)
 Metaspace       used 104306K, committed 105344K, reserved 1179648K
  class space    used 14624K, committed 15104K, reserved 1048576K
}
Event: 145.088 GC heap before
{Heap before GC invocations=64 (full 0):
 garbage-first heap   total 532480K, used 196179K [0x00000006e0000000, 0x0000000800000000)
  region size 4096K, 6 young (24576K), 1 survivors (4096K)
 Metaspace       used 104353K, committed 105408K, reserved 1179648K
  class space    used 14627K, committed 15104K, reserved 1048576K
}

