# JRE version: Java(TM) SE Runtime Environment (17.0.12+8) (build 17.0.12+8-LTS-286)
# Java VM: Java HotSpot(TM) 64-Bit Server VM (17.0.12+8-LTS-286, mixed mode, sharing, tiered, compressed oops, compressed class ptrs, g1 gc, windows-amd64)
GC Precious Log:
 CPUs: 4 total, 4 available
 Memory: 3999M
 Large Page Support: Disabled
 NUMA Support: Disabled
 Compressed Oops: Enabled (Zero based)
 Heap Region Size: 4M
 Heap Min Capacity: 8M
 Heap Initial Capacity: 64M
 Heap Max Capacity: 4608M
 Pre-touch: Disabled
 Parallel Workers: 4
 Concurrent Workers: 1
 Concurrent Refinement Workers: 4
 Periodic GC: Disabled
Heap:
 garbage-first heap   total 430080K, used 231080K [0x00000006e0000000, 0x0000000800000000)
  region size 4096K, 1 young (4096K), 1 survivors (4096K)
 Metaspace       used 111396K, committed 112768K, reserved 1179648K
  class space    used 15545K, committed 16192K, reserved 1048576K
GC Heap History (20 events):
Event: 57.929 GC heap after
{Heap after GC invocations=52 (full 0):
 garbage-first heap   total 315392K, used 141636K [0x00000006e0000000, 0x0000000800000000)
  region size 4096K, 5 young (20480K), 5 survivors (20480K)
 Metaspace       used 96732K, committed 97728K, reserved 1179648K
  class space    used 13582K, committed 14080K, reserved 1048576K
}
Event: 59.271 GC heap before
{Heap before GC invocations=52 (full 0):
 garbage-first heap   total 315392K, used 248132K [0x00000006e0000000, 0x0000000800000000)
  region size 4096K, 32 young (131072K), 5 survivors (20480K)
 Metaspace       used 98569K, committed 99584K, reserved 1179648K
  class space    used 13857K, committed 14336K, reserved 1048576K
}
Event: 59.310 GC heap after
{Heap after GC invocations=53 (full 0):
 garbage-first heap   total 315392K, used 155824K [0x00000006e0000000, 0x0000000800000000)
  region size 4096K, 4 young (16384K), 4 survivors (16384K)
 Metaspace       used 98569K, committed 99584K, reserved 1179648K
  class space    used 13857K, committed 14336K, reserved 1048576K
}
Event: 61.389 GC heap before
{Heap before GC invocations=53 (full 0):
 garbage-first heap   total 315392K, used 250032K [0x00000006e0000000, 0x0000000800000000)
  region size 4096K, 27 young (110592K), 4 survivors (16384K)
 Metaspace       used 103630K, committed 104704K, reserved 1179648K
  class space    used 14557K, committed 15040K, reserved 1048576K
}
Event: 61.418 GC heap after
{Heap after GC invocations=54 (full 0):
 garbage-first heap   total 397312K, used 160926K [0x00000006e0000000, 0x0000000800000000)
  region size 4096K, 2 young (8192K), 2 survivors (8192K)
 Metaspace       used 103630K, committed 104704K, reserved 1179648K
  class space    used 14557K, committed 15040K, reserved 1048576K
}
Event: 66.412 GC heap before
{Heap before GC invocations=55 (full 0):
 garbage-first heap   total 397312K, used 304286K [0x00000006e0000000, 0x0000000800000000)
  region size 4096K, 37 young (151552K), 2 survivors (8192K)
 Metaspace       used 104457K, committed 105536K, reserved 1179648K
  class space    used 14653K, committed 15168K, reserved 1048576K
}
Event: 66.468 GC heap after
{Heap after GC invocations=56 (full 0):
 garbage-first heap   total 397312K, used 182942K [0x00000006e0000000, 0x0000000800000000)
  region size 4096K, 5 young (20480K), 5 survivors (20480K)
 Metaspace       used 104457K, committed 105536K, reserved 1179648K
  class space    used 14653K, committed 15168K, reserved 1048576K
}
Event: 66.582 GC heap before
{Heap before GC invocations=56 (full 0):
 garbage-first heap   total 397312K, used 187038K [0x00000006e0000000, 0x0000000800000000)
  region size 4096K, 6 young (24576K), 5 survivors (20480K)
 Metaspace       used 104457K, committed 105536K, reserved 1179648K
  class space    used 14653K, committed 15168K, reserved 1048576K
}
Event: 66.632 GC heap after
{Heap after GC invocations=57 (full 0):
 garbage-first heap   total 397312K, used 184313K [0x00000006e0000000, 0x0000000800000000)
  region size 4096K, 1 young (4096K), 1 survivors (4096K)
 Metaspace       used 104457K, committed 105536K, reserved 1179648K
  class space    used 14653K, committed 15168K, reserved 1048576K
}
Event: 69.701 GC heap before
{Heap before GC invocations=57 (full 0):
 garbage-first heap   total 397312K, used 311289K [0x00000006e0000000, 0x0000000800000000)
  region size 4096K, 32 young (131072K), 1 survivors (4096K)
 Metaspace       used 104946K, committed 106112K, reserved 1179648K
  class space    used 14707K, committed 15232K, reserved 1048576K
}
Event: 69.724 GC heap after
{Heap after GC invocations=58 (full 0):
 garbage-first heap   total 397312K, used 195762K [0x00000006e0000000, 0x0000000800000000)
  region size 4096K, 4 young (16384K), 4 survivors (16384K)
 Metaspace       used 104946K, committed 106112K, reserved 1179648K
  class space    used 14707K, committed 15232K, reserved 1048576K
}
Event: 70.942 GC heap before
{Heap before GC invocations=59 (full 0):
 garbage-first heap   total 430080K, used 310450K [0x00000006e0000000, 0x0000000800000000)
  region size 4096K, 32 young (131072K), 4 survivors (16384K)
 Metaspace       used 105182K, committed 106368K, reserved 1179648K
  class space    used 14739K, committed 15296K, reserved 1048576K
}
Event: 70.980 GC heap after
{Heap after GC invocations=60 (full 0):
 garbage-first heap   total 430080K, used 205533K [0x00000006e0000000, 0x0000000800000000)
  region size 4096K, 3 young (12288K), 3 survivors (12288K)
 Metaspace       used 105182K, committed 106368K, reserved 1179648K
  class space    used 14739K, committed 15296K, reserved 1048576K
}
Event: 71.131 GC heap before
{Heap before GC invocations=60 (full 0):
 garbage-first heap   total 430080K, used 213725K [0x00000006e0000000, 0x0000000800000000)
  region size 4096K, 5 young (20480K), 3 survivors (12288K)
 Metaspace       used 105257K, committed 106432K, reserved 1179648K
  class space    used 14752K, committed 15296K, reserved 1048576K
}
Event: 71.155 GC heap after
{Heap after GC invocations=61 (full 0):
 garbage-first heap   total 430080K, used 205245K [0x00000006e0000000, 0x0000000800000000)
  region size 4096K, 1 young (4096K), 1 survivors (4096K)
 Metaspace       used 105257K, committed 106432K, reserved 1179648K
  class space    used 14752K, committed 15296K, reserved 1048576K
}
Event: 73.953 GC heap before
{Heap before GC invocations=61 (full 0):
 garbage-first heap   total 430080K, used 332221K [0x00000006e0000000, 0x0000000800000000)
  region size 4096K, 32 young (131072K), 1 survivors (4096K)
 Metaspace       used 110594K, committed 111872K, reserved 1179648K
  class space    used 15468K, committed 16064K, reserved 1048576K
}
Event: 74.001 GC heap after
{Heap after GC invocations=62 (full 0):
 garbage-first heap   total 430080K, used 220472K [0x00000006e0000000, 0x0000000800000000)
  region size 4096K, 4 young (16384K), 4 survivors (16384K)
 Metaspace       used 110594K, committed 111872K, reserved 1179648K
  class space    used 15468K, committed 16064K, reserved 1048576K
}
Event: 76.073 GC heap before
{Heap before GC invocations=63 (full 0):
 garbage-first heap   total 430080K, used 339256K [0x00000006e0000000, 0x0000000800000000)
  region size 4096K, 33 young (135168K), 4 survivors (16384K)
 Metaspace       used 111396K, committed 112768K, reserved 1179648K
  class space    used 15545K, committed 16192K, reserved 1048576K
}
Event: 76.266 GC heap after
{Heap after GC invocations=64 (full 0):
 garbage-first heap   total 430080K, used 232125K [0x00000006e0000000, 0x0000000800000000)
  region size 4096K, 3 young (12288K), 3 survivors (12288K)
 Metaspace       used 111396K, committed 112768K, reserved 1179648K
  class space    used 15545K, committed 16192K, reserved 1048576K
}
Event: 76.305 GC heap before
{Heap before GC invocations=64 (full 0):
 garbage-first heap   total 430080K, used 240317K [0x00000006e0000000, 0x0000000800000000)
  region size 4096K, 5 young (20480K), 3 survivors (12288K)
 Metaspace       used 111396K, committed 112768K, reserved 1179648K
  class space    used 15545K, committed 16192K, reserved 1048576K
}

