# JRE version: Java(TM) SE Runtime Environment (17.0.12+8) (build 17.0.12+8-LTS-286)
# Java VM: Java HotSpot(TM) 64-Bit Server VM (17.0.12+8-LTS-286, mixed mode, sharing, tiered, compressed oops, compressed class ptrs, g1 gc, windows-amd64)
GC Precious Log:
 CPUs: 4 total, 4 available
 Memory: 3999M
 Large Page Support: Disabled
 NUMA Support: Disabled
 Compressed Oops: Enabled (Zero based)
 Heap Region Size: 4M
 Heap Min Capacity: 8M
 Heap Initial Capacity: 64M
 Heap Max Capacity: 4608M
 Pre-touch: Disabled
 Parallel Workers: 4
 Concurrent Workers: 1
 Concurrent Refinement Workers: 4
 Periodic GC: Disabled
Heap:
 garbage-first heap   total 741376K, used 201349K [0x00000006e0000000, 0x0000000800000000)
  region size 4096K, 2 young (8192K), 2 survivors (8192K)
 Metaspace       used 110089K, committed 111360K, reserved 1179648K
  class space    used 15384K, committed 16000K, reserved 1048576K
GC Heap History (20 events):
Event: 130.544 GC heap after
{Heap after GC invocations=69 (full 0):
 garbage-first heap   total 225280K, used 135943K [0x00000006e0000000, 0x0000000800000000)
  region size 4096K, 1 young (4096K), 1 survivors (4096K)
 Metaspace       used 96977K, committed 97984K, reserved 1179648K
  class space    used 13601K, committed 14080K, reserved 1048576K
}
Event: 140.347 GC heap before
{Heap before GC invocations=69 (full 0):
 garbage-first heap   total 225280K, used 172807K [0x00000006e0000000, 0x0000000800000000)
  region size 4096K, 11 young (45056K), 1 survivors (4096K)
 Metaspace       used 97618K, committed 98688K, reserved 1179648K
  class space    used 13712K, committed 14208K, reserved 1048576K
}
Event: 140.480 GC heap after
{Heap after GC invocations=70 (full 0):
 garbage-first heap   total 225280K, used 145289K [0x00000006e0000000, 0x0000000800000000)
  region size 4096K, 2 young (8192K), 2 survivors (8192K)
 Metaspace       used 97618K, committed 98688K, reserved 1179648K
  class space    used 13712K, committed 14208K, reserved 1048576K
}
Event: 145.251 GC heap before
{Heap before GC invocations=70 (full 0):
 garbage-first heap   total 286720K, used 178057K [0x00000006e0000000, 0x0000000800000000)
  region size 4096K, 10 young (40960K), 2 survivors (8192K)
 Metaspace       used 98939K, committed 100032K, reserved 1179648K
  class space    used 13879K, committed 14400K, reserved 1048576K
}
Event: 145.297 GC heap after
{Heap after GC invocations=71 (full 0):
 garbage-first heap   total 286720K, used 149433K [0x00000006e0000000, 0x0000000800000000)
  region size 4096K, 1 young (4096K), 1 survivors (4096K)
 Metaspace       used 98939K, committed 100032K, reserved 1179648K
  class space    used 13879K, committed 14400K, reserved 1048576K
}
Event: 149.709 GC heap before
{Heap before GC invocations=72 (full 0):
 garbage-first heap   total 286720K, used 219065K [0x00000006e0000000, 0x0000000800000000)
  region size 4096K, 18 young (73728K), 1 survivors (4096K)
 Metaspace       used 102509K, committed 103616K, reserved 1179648K
  class space    used 14405K, committed 14912K, reserved 1048576K
}
Event: 149.740 GC heap after
{Heap after GC invocations=73 (full 0):
 garbage-first heap   total 286720K, used 152721K [0x00000006e0000000, 0x0000000800000000)
  region size 4096K, 2 young (8192K), 2 survivors (8192K)
 Metaspace       used 102509K, committed 103616K, reserved 1179648K
  class space    used 14405K, committed 14912K, reserved 1048576K
}
Event: 149.813 GC heap before
{Heap before GC invocations=73 (full 0):
 garbage-first heap   total 286720K, used 156817K [0x00000006e0000000, 0x0000000800000000)
  region size 4096K, 3 young (12288K), 2 survivors (8192K)
 Metaspace       used 102722K, committed 103744K, reserved 1179648K
  class space    used 14432K, committed 14912K, reserved 1048576K
}
Event: 149.864 GC heap after
{Heap after GC invocations=74 (full 0):
 garbage-first heap   total 286720K, used 151489K [0x00000006e0000000, 0x0000000800000000)
  region size 4096K, 1 young (4096K), 1 survivors (4096K)
 Metaspace       used 102722K, committed 103744K, reserved 1179648K
  class space    used 14432K, committed 14912K, reserved 1048576K
}
Event: 151.439 GC heap before
{Heap before GC invocations=74 (full 0):
 garbage-first heap   total 286720K, used 225217K [0x00000006e0000000, 0x0000000800000000)
  region size 4096K, 19 young (77824K), 1 survivors (4096K)
 Metaspace       used 104428K, committed 105536K, reserved 1179648K
  class space    used 14640K, committed 15168K, reserved 1048576K
}
Event: 151.571 GC heap after
{Heap after GC invocations=75 (full 0):
 garbage-first heap   total 741376K, used 160416K [0x00000006e0000000, 0x0000000800000000)
  region size 4096K, 3 young (12288K), 3 survivors (12288K)
 Metaspace       used 104428K, committed 105536K, reserved 1179648K
  class space    used 14640K, committed 15168K, reserved 1048576K
}
Event: 158.484 GC heap before
{Heap before GC invocations=76 (full 0):
 garbage-first heap   total 712704K, used 258720K [0x00000006e0000000, 0x0000000800000000)
  region size 4096K, 27 young (110592K), 3 survivors (12288K)
 Metaspace       used 105050K, committed 106176K, reserved 1179648K
  class space    used 14703K, committed 15232K, reserved 1048576K
}
Event: 158.715 GC heap after
{Heap after GC invocations=77 (full 0):
 garbage-first heap   total 712704K, used 181142K [0x00000006e0000000, 0x0000000800000000)
  region size 4096K, 4 young (16384K), 4 survivors (16384K)
 Metaspace       used 105050K, committed 106176K, reserved 1179648K
  class space    used 14703K, committed 15232K, reserved 1048576K
}
Event: 159.706 GC heap before
{Heap before GC invocations=77 (full 0):
 garbage-first heap   total 712704K, used 197526K [0x00000006e0000000, 0x0000000800000000)
  region size 4096K, 8 young (32768K), 4 survivors (16384K)
 Metaspace       used 105123K, committed 106240K, reserved 1179648K
  class space    used 14709K, committed 15232K, reserved 1048576K
}
Event: 160.451 GC heap after
{Heap after GC invocations=78 (full 0):
 garbage-first heap   total 712704K, used 184793K [0x00000006e0000000, 0x0000000800000000)
  region size 4096K, 1 young (4096K), 1 survivors (4096K)
 Metaspace       used 105123K, committed 106240K, reserved 1179648K
  class space    used 14709K, committed 15232K, reserved 1048576K
}
Event: 161.511 GC heap before
{Heap before GC invocations=78 (full 0):
 garbage-first heap   total 712704K, used 213465K [0x00000006e0000000, 0x0000000800000000)
  region size 4096K, 8 young (32768K), 1 survivors (4096K)
 Metaspace       used 105467K, committed 106624K, reserved 1179648K
  class space    used 14746K, committed 15296K, reserved 1048576K
}
Event: 161.542 GC heap after
{Heap after GC invocations=79 (full 0):
 garbage-first heap   total 712704K, used 190836K [0x00000006e0000000, 0x0000000800000000)
  region size 4096K, 1 young (4096K), 1 survivors (4096K)
 Metaspace       used 105467K, committed 106624K, reserved 1179648K
  class space    used 14746K, committed 15296K, reserved 1048576K
}
Event: 162.232 GC heap before
{Heap before GC invocations=79 (full 0):
 garbage-first heap   total 712704K, used 219508K [0x00000006e0000000, 0x0000000800000000)
  region size 4096K, 8 young (32768K), 1 survivors (4096K)
 Metaspace       used 107440K, committed 108672K, reserved 1179648K
  class space    used 15064K, committed 15616K, reserved 1048576K
}
Event: 162.261 GC heap after
{Heap after GC invocations=80 (full 0):
 garbage-first heap   total 712704K, used 193377K [0x00000006e0000000, 0x0000000800000000)
  region size 4096K, 1 young (4096K), 1 survivors (4096K)
 Metaspace       used 107440K, committed 108672K, reserved 1179648K
  class space    used 15064K, committed 15616K, reserved 1048576K
}
Event: 163.933 GC heap before
{Heap before GC invocations=80 (full 0):
 garbage-first heap   total 712704K, used 254817K [0x00000006e0000000, 0x0000000800000000)
  region size 4096K, 16 young (65536K), 1 survivors (4096K)
 Metaspace       used 110089K, committed 111360K, reserved 1179648K
  class space    used 15384K, committed 16000K, reserved 1048576K
}

