# JRE version: Java(TM) SE Runtime Environment (17.0.12+8) (build 17.0.12+8-LTS-286)
# Java VM: Java HotSpot(TM) 64-Bit Server VM (17.0.12+8-LTS-286, mixed mode, sharing, tiered, compressed oops, compressed class ptrs, g1 gc, windows-amd64)
GC Precious Log:
 CPUs: 4 total, 4 available
 Memory: 3999M
 Large Page Support: Disabled
 NUMA Support: Disabled
 Compressed Oops: Enabled (Zero based)
 Heap Region Size: 4M
 Heap Min Capacity: 8M
 Heap Initial Capacity: 64M
 Heap Max Capacity: 4608M
 Pre-touch: Disabled
 Parallel Workers: 4
 Concurrent Workers: 1
 Concurrent Refinement Workers: 4
 Periodic GC: Disabled
Heap:
 garbage-first heap   total 901120K, used 163150K [0x00000006e0000000, 0x0000000800000000)
  region size 4096K, 6 young (24576K), 1 survivors (4096K)
 Metaspace       used 102724K, committed 103744K, reserved 1179648K
  class space    used 14334K, committed 14848K, reserved 1048576K
GC Heap History (20 events):
Event: 162.130 GC heap before
{Heap before GC invocations=69 (full 0):
 garbage-first heap   total 315392K, used 160647K [0x00000006e0000000, 0x0000000800000000)
  region size 4096K, 14 young (57344K), 1 survivors (4096K)
 Metaspace       used 89818K, committed 90688K, reserved 1179648K
  class space    used 12395K, committed 12864K, reserved 1048576K
}
Event: 162.164 GC heap after
{Heap after GC invocations=70 (full 0):
 garbage-first heap   total 315392K, used 110072K [0x00000006e0000000, 0x0000000800000000)
  region size 4096K, 1 young (4096K), 1 survivors (4096K)
 Metaspace       used 89818K, committed 90688K, reserved 1179648K
  class space    used 12395K, committed 12864K, reserved 1048576K
}
Event: 169.202 GC heap before
{Heap before GC invocations=70 (full 0):
 garbage-first heap   total 315392K, used 167416K [0x00000006e0000000, 0x0000000800000000)
  region size 4096K, 16 young (65536K), 1 survivors (4096K)
 Metaspace       used 92122K, committed 93056K, reserved 1179648K
  class space    used 12714K, committed 13184K, reserved 1048576K
}
Event: 169.541 GC heap after
{Heap after GC invocations=71 (full 0):
 garbage-first heap   total 315392K, used 113557K [0x00000006e0000000, 0x0000000800000000)
  region size 4096K, 2 young (8192K), 2 survivors (8192K)
 Metaspace       used 92122K, committed 93056K, reserved 1179648K
  class space    used 12714K, committed 13184K, reserved 1048576K
}
Event: 171.694 GC heap before
{Heap before GC invocations=71 (full 0):
 garbage-first heap   total 315392K, used 146325K [0x00000006e0000000, 0x0000000800000000)
  region size 4096K, 10 young (40960K), 2 survivors (8192K)
 Metaspace       used 94050K, committed 94912K, reserved 1179648K
  class space    used 13070K, committed 13504K, reserved 1048576K
}
Event: 171.729 GC heap after
{Heap after GC invocations=72 (full 0):
 garbage-first heap   total 315392K, used 114516K [0x00000006e0000000, 0x0000000800000000)
  region size 4096K, 2 young (8192K), 2 survivors (8192K)
 Metaspace       used 94050K, committed 94912K, reserved 1179648K
  class space    used 13070K, committed 13504K, reserved 1048576K
}
Event: 174.977 GC heap before
{Heap before GC invocations=72 (full 0):
 garbage-first heap   total 315392K, used 184148K [0x00000006e0000000, 0x0000000800000000)
  region size 4096K, 19 young (77824K), 2 survivors (8192K)
 Metaspace       used 98251K, committed 99200K, reserved 1179648K
  class space    used 13729K, committed 14208K, reserved 1048576K
}
Event: 175.066 GC heap after
{Heap after GC invocations=73 (full 0):
 garbage-first heap   total 561152K, used 117463K [0x00000006e0000000, 0x0000000800000000)
  region size 4096K, 2 young (8192K), 2 survivors (8192K)
 Metaspace       used 98251K, committed 99200K, reserved 1179648K
  class space    used 13729K, committed 14208K, reserved 1048576K
}
Event: 184.632 GC heap before
{Heap before GC invocations=73 (full 0):
 garbage-first heap   total 561152K, used 187095K [0x00000006e0000000, 0x0000000800000000)
  region size 4096K, 19 young (77824K), 2 survivors (8192K)
 Metaspace       used 101021K, committed 101952K, reserved 1179648K
  class space    used 14074K, committed 14528K, reserved 1048576K
}
Event: 184.722 GC heap after
{Heap after GC invocations=74 (full 0):
 garbage-first heap   total 561152K, used 126184K [0x00000006e0000000, 0x0000000800000000)
  region size 4096K, 3 young (12288K), 3 survivors (12288K)
 Metaspace       used 101021K, committed 101952K, reserved 1179648K
  class space    used 14074K, committed 14528K, reserved 1048576K
}
Event: 185.032 GC heap before
{Heap before GC invocations=74 (full 0):
 garbage-first heap   total 561152K, used 146664K [0x00000006e0000000, 0x0000000800000000)
  region size 4096K, 8 young (32768K), 3 survivors (12288K)
 Metaspace       used 101029K, committed 101952K, reserved 1179648K
  class space    used 14074K, committed 14528K, reserved 1048576K
}
Event: 185.091 GC heap after
{Heap after GC invocations=75 (full 0):
 garbage-first heap   total 561152K, used 127897K [0x00000006e0000000, 0x0000000800000000)
  region size 4096K, 1 young (4096K), 1 survivors (4096K)
 Metaspace       used 101029K, committed 101952K, reserved 1179648K
  class space    used 14074K, committed 14528K, reserved 1048576K
}
Event: 195.874 GC heap before
{Heap before GC invocations=75 (full 0):
 garbage-first heap   total 561152K, used 271257K [0x00000006e0000000, 0x0000000800000000)
  region size 4096K, 37 young (151552K), 1 survivors (4096K)
 Metaspace       used 101577K, committed 102464K, reserved 1179648K
  class space    used 14166K, committed 14592K, reserved 1048576K
}
Event: 196.030 GC heap after
{Heap after GC invocations=76 (full 0):
 garbage-first heap   total 561152K, used 140228K [0x00000006e0000000, 0x0000000800000000)
  region size 4096K, 4 young (16384K), 4 survivors (16384K)
 Metaspace       used 101577K, committed 102464K, reserved 1179648K
  class space    used 14166K, committed 14592K, reserved 1048576K
}
Event: 200.045 GC heap before
{Heap before GC invocations=76 (full 0):
 garbage-first heap   total 561152K, used 152516K [0x00000006e0000000, 0x0000000800000000)
  region size 4096K, 7 young (28672K), 4 survivors (16384K)
 Metaspace       used 101894K, committed 102912K, reserved 1179648K
  class space    used 14213K, committed 14656K, reserved 1048576K
}
Event: 200.158 GC heap after
{Heap after GC invocations=77 (full 0):
 garbage-first heap   total 561152K, used 142150K [0x00000006e0000000, 0x0000000800000000)
  region size 4096K, 1 young (4096K), 1 survivors (4096K)
 Metaspace       used 101894K, committed 102912K, reserved 1179648K
  class space    used 14213K, committed 14656K, reserved 1048576K
}
Event: 207.136 GC heap before
{Heap before GC invocations=77 (full 0):
 garbage-first heap   total 561152K, used 273222K [0x00000006e0000000, 0x0000000800000000)
  region size 4096K, 34 young (139264K), 1 survivors (4096K)
 Metaspace       used 102228K, committed 103232K, reserved 1179648K
  class space    used 14241K, committed 14720K, reserved 1048576K
}
Event: 207.492 GC heap after
{Heap after GC invocations=78 (full 0):
 garbage-first heap   total 561152K, used 149122K [0x00000006e0000000, 0x0000000800000000)
  region size 4096K, 3 young (12288K), 3 survivors (12288K)
 Metaspace       used 102228K, committed 103232K, reserved 1179648K
  class space    used 14241K, committed 14720K, reserved 1048576K
}
Event: 207.995 GC heap before
{Heap before GC invocations=78 (full 0):
 garbage-first heap   total 561152K, used 157314K [0x00000006e0000000, 0x0000000800000000)
  region size 4096K, 6 young (24576K), 3 survivors (12288K)
 Metaspace       used 102266K, committed 103296K, reserved 1179648K
  class space    used 14245K, committed 14720K, reserved 1048576K
}
Event: 208.042 GC heap after
{Heap after GC invocations=79 (full 0):
 garbage-first heap   total 901120K, used 150862K [0x00000006e0000000, 0x0000000800000000)
  region size 4096K, 1 young (4096K), 1 survivors (4096K)
 Metaspace       used 102266K, committed 103296K, reserved 1179648K
  class space    used 14245K, committed 14720K, reserved 1048576K
}

