# JRE version: Java(TM) SE Runtime Environment (17.0.12+8) (build 17.0.12+8-LTS-286)
# Java VM: Java HotSpot(TM) 64-Bit Server VM (17.0.12+8-LTS-286, mixed mode, sharing, tiered, compressed oops, compressed class ptrs, g1 gc, windows-amd64)
GC Precious Log:
 CPUs: 4 total, 4 available
 Memory: 3999M
 Large Page Support: Disabled
 NUMA Support: Disabled
 Compressed Oops: Enabled (32-bit)
 Heap Region Size: 1M
 Heap Min Capacity: 8M
 Heap Initial Capacity: 64M
 Heap Max Capacity: 2G
 Pre-touch: Disabled
 Parallel Workers: 4
 Concurrent Workers: 1
 Concurrent Refinement Workers: 4
 Periodic GC: Disabled
Heap:
 garbage-first heap   total 138240K, used 73214K [0x0000000080000000, 0x0000000100000000)
  region size 1024K, 41 young (41984K), 5 survivors (5120K)
 Metaspace       used 37352K, committed 37760K, reserved 491520K
  class space    used 5105K, committed 5312K, reserved 425984K
GC Heap History (20 events):
Event: 19.780 GC heap before
{Heap before GC invocations=31 (full 0):
 garbage-first heap   total 114688K, used 98817K [0x0000000080000000, 0x0000000100000000)
  region size 1024K, 66 young (67584K), 3 survivors (3072K)
 Metaspace       used 37333K, committed 37760K, reserved 491520K
  class space    used 5103K, committed 5312K, reserved 425984K
}
Event: 19.784 GC heap after
{Heap after GC invocations=32 (full 0):
 garbage-first heap   total 114688K, used 34892K [0x0000000080000000, 0x0000000100000000)
  region size 1024K, 3 young (3072K), 3 survivors (3072K)
 Metaspace       used 37333K, committed 37760K, reserved 491520K
  class space    used 5103K, committed 5312K, reserved 425984K
}
Event: 20.231 GC heap before
{Heap before GC invocations=32 (full 0):
 garbage-first heap   total 114688K, used 98380K [0x0000000080000000, 0x0000000100000000)
  region size 1024K, 65 young (66560K), 3 survivors (3072K)
 Metaspace       used 37337K, committed 37760K, reserved 491520K
  class space    used 5103K, committed 5312K, reserved 425984K
}
Event: 20.235 GC heap after
{Heap after GC invocations=33 (full 0):
 garbage-first heap   total 114688K, used 34581K [0x0000000080000000, 0x0000000100000000)
  region size 1024K, 3 young (3072K), 3 survivors (3072K)
 Metaspace       used 37337K, committed 37760K, reserved 491520K
  class space    used 5103K, committed 5312K, reserved 425984K
}
Event: 20.462 GC heap before
{Heap before GC invocations=33 (full 0):
 garbage-first heap   total 114688K, used 98069K [0x0000000080000000, 0x0000000100000000)
  region size 1024K, 65 young (66560K), 3 survivors (3072K)
 Metaspace       used 37337K, committed 37760K, reserved 491520K
  class space    used 5104K, committed 5312K, reserved 425984K
}
Event: 20.466 GC heap after
{Heap after GC invocations=34 (full 0):
 garbage-first heap   total 114688K, used 34798K [0x0000000080000000, 0x0000000100000000)
  region size 1024K, 3 young (3072K), 3 survivors (3072K)
 Metaspace       used 37337K, committed 37760K, reserved 491520K
  class space    used 5104K, committed 5312K, reserved 425984K
}
Event: 20.698 GC heap before
{Heap before GC invocations=34 (full 0):
 garbage-first heap   total 114688K, used 98286K [0x0000000080000000, 0x0000000100000000)
  region size 1024K, 65 young (66560K), 3 survivors (3072K)
 Metaspace       used 37338K, committed 37760K, reserved 491520K
  class space    used 5104K, committed 5312K, reserved 425984K
}
Event: 20.702 GC heap after
{Heap after GC invocations=35 (full 0):
 garbage-first heap   total 114688K, used 35046K [0x0000000080000000, 0x0000000100000000)
  region size 1024K, 3 young (3072K), 3 survivors (3072K)
 Metaspace       used 37338K, committed 37760K, reserved 491520K
  class space    used 5104K, committed 5312K, reserved 425984K
}
Event: 21.116 GC heap before
{Heap before GC invocations=35 (full 0):
 garbage-first heap   total 114688K, used 107750K [0x0000000080000000, 0x0000000100000000)
  region size 1024K, 65 young (66560K), 3 survivors (3072K)
 Metaspace       used 37348K, committed 37760K, reserved 491520K
  class space    used 5105K, committed 5312K, reserved 425984K
}
Event: 21.119 GC heap after
{Heap after GC invocations=36 (full 0):
 garbage-first heap   total 114688K, used 35301K [0x0000000080000000, 0x0000000100000000)
  region size 1024K, 3 young (3072K), 3 survivors (3072K)
 Metaspace       used 37348K, committed 37760K, reserved 491520K
  class space    used 5105K, committed 5312K, reserved 425984K
}
Event: 21.444 GC heap before
{Heap before GC invocations=36 (full 0):
 garbage-first heap   total 114688K, used 98789K [0x0000000080000000, 0x0000000100000000)
  region size 1024K, 65 young (66560K), 3 survivors (3072K)
 Metaspace       used 37348K, committed 37760K, reserved 491520K
  class space    used 5105K, committed 5312K, reserved 425984K
}
Event: 21.448 GC heap after
{Heap after GC invocations=37 (full 0):
 garbage-first heap   total 114688K, used 36131K [0x0000000080000000, 0x0000000100000000)
  region size 1024K, 4 young (4096K), 4 survivors (4096K)
 Metaspace       used 37348K, committed 37760K, reserved 491520K
  class space    used 5105K, committed 5312K, reserved 425984K
}
Event: 21.625 GC heap before
{Heap before GC invocations=37 (full 0):
 garbage-first heap   total 114688K, used 97571K [0x0000000080000000, 0x0000000100000000)
  region size 1024K, 64 young (65536K), 4 survivors (4096K)
 Metaspace       used 37348K, committed 37760K, reserved 491520K
  class space    used 5105K, committed 5312K, reserved 425984K
}
Event: 21.630 GC heap after
{Heap after GC invocations=38 (full 0):
 garbage-first heap   total 138240K, used 36346K [0x0000000080000000, 0x0000000100000000)
  region size 1024K, 4 young (4096K), 4 survivors (4096K)
 Metaspace       used 37348K, committed 37760K, reserved 491520K
  class space    used 5105K, committed 5312K, reserved 425984K
}
Event: 22.005 GC heap before
{Heap before GC invocations=38 (full 0):
 garbage-first heap   total 138240K, used 115194K [0x0000000080000000, 0x0000000100000000)
  region size 1024K, 81 young (82944K), 4 survivors (4096K)
 Metaspace       used 37348K, committed 37760K, reserved 491520K
  class space    used 5105K, committed 5312K, reserved 425984K
}
Event: 22.009 GC heap after
{Heap after GC invocations=39 (full 0):
 garbage-first heap   total 138240K, used 36512K [0x0000000080000000, 0x0000000100000000)
  region size 1024K, 4 young (4096K), 4 survivors (4096K)
 Metaspace       used 37348K, committed 37760K, reserved 491520K
  class space    used 5105K, committed 5312K, reserved 425984K
}
Event: 22.411 GC heap before
{Heap before GC invocations=39 (full 0):
 garbage-first heap   total 138240K, used 115360K [0x0000000080000000, 0x0000000100000000)
  region size 1024K, 81 young (82944K), 4 survivors (4096K)
 Metaspace       used 37348K, committed 37760K, reserved 491520K
  class space    used 5105K, committed 5312K, reserved 425984K
}
Event: 22.416 GC heap after
{Heap after GC invocations=40 (full 0):
 garbage-first heap   total 138240K, used 37060K [0x0000000080000000, 0x0000000100000000)
  region size 1024K, 4 young (4096K), 4 survivors (4096K)
 Metaspace       used 37348K, committed 37760K, reserved 491520K
  class space    used 5105K, committed 5312K, reserved 425984K
}
Event: 22.867 GC heap before
{Heap before GC invocations=40 (full 0):
 garbage-first heap   total 138240K, used 115908K [0x0000000080000000, 0x0000000100000000)
  region size 1024K, 81 young (82944K), 4 survivors (4096K)
 Metaspace       used 37351K, committed 37760K, reserved 491520K
  class space    used 5105K, committed 5312K, reserved 425984K
}
Event: 22.872 GC heap after
{Heap after GC invocations=41 (full 0):
 garbage-first heap   total 138240K, used 37374K [0x0000000080000000, 0x0000000100000000)
  region size 1024K, 5 young (5120K), 5 survivors (5120K)
 Metaspace       used 37351K, committed 37760K, reserved 491520K
  class space    used 5105K, committed 5312K, reserved 425984K
}

