# JRE version: Java(TM) SE Runtime Environment (17.0.12+8) (build 17.0.12+8-LTS-286)
# Java VM: Java HotSpot(TM) 64-Bit Server VM (17.0.12+8-LTS-286, mixed mode, sharing, tiered, compressed oops, compressed class ptrs, g1 gc, windows-amd64)
GC Precious Log:
 CPUs: 4 total, 4 available
 Memory: 3999M
 Large Page Support: Disabled
 NUMA Support: Disabled
 Compressed Oops: Enabled (Zero based)
 Heap Region Size: 4M
 Heap Min Capacity: 8M
 Heap Initial Capacity: 64M
 Heap Max Capacity: 4608M
 Pre-touch: Disabled
 Parallel Workers: 4
 Concurrent Workers: 1
 Concurrent Refinement Workers: 4
 Periodic GC: Disabled
Heap:
 garbage-first heap   total 442368K, used 180585K [0x00000006e0000000, 0x0000000800000000)
  region size 4096K, 11 young (45056K), 1 survivors (4096K)
 Metaspace       used 97017K, committed 98048K, reserved 1179648K
  class space    used 13589K, committed 14080K, reserved 1048576K
GC Heap History (20 events):
Event: 155.796 GC heap before
{Heap before GC invocations=58 (full 0):
 garbage-first heap   total 188416K, used 155234K [0x00000006e0000000, 0x0000000800000000)
  region size 4096K, 12 young (49152K), 2 survivors (8192K)
 Metaspace       used 93683K, committed 94656K, reserved 1179648K
  class space    used 13141K, committed 13632K, reserved 1048576K
}
Event: 155.824 GC heap after
{Heap after GC invocations=59 (full 0):
 garbage-first heap   total 188416K, used 119045K [0x00000006e0000000, 0x0000000800000000)
  region size 4096K, 2 young (8192K), 2 survivors (8192K)
 Metaspace       used 93683K, committed 94656K, reserved 1179648K
  class space    used 13141K, committed 13632K, reserved 1048576K
}
Event: 156.946 GC heap before
{Heap before GC invocations=59 (full 0):
 garbage-first heap   total 188416K, used 131333K [0x00000006e0000000, 0x0000000800000000)
  region size 4096K, 6 young (24576K), 2 survivors (8192K)
 Metaspace       used 95094K, committed 96000K, reserved 1179648K
  class space    used 13286K, committed 13760K, reserved 1048576K
}
Event: 156.975 GC heap after
{Heap after GC invocations=60 (full 0):
 garbage-first heap   total 188416K, used 120672K [0x00000006e0000000, 0x0000000800000000)
  region size 4096K, 1 young (4096K), 1 survivors (4096K)
 Metaspace       used 95094K, committed 96000K, reserved 1179648K
  class space    used 13286K, committed 13760K, reserved 1048576K
}
Event: 161.358 GC heap before
{Heap before GC invocations=61 (full 0):
 garbage-first heap   total 221184K, used 149344K [0x00000006e0000000, 0x0000000800000000)
  region size 4096K, 8 young (32768K), 1 survivors (4096K)
 Metaspace       used 95873K, committed 96832K, reserved 1179648K
  class space    used 13424K, committed 13888K, reserved 1048576K
}
Event: 161.389 GC heap after
{Heap after GC invocations=62 (full 0):
 garbage-first heap   total 221184K, used 124350K [0x00000006e0000000, 0x0000000800000000)
  region size 4096K, 1 young (4096K), 1 survivors (4096K)
 Metaspace       used 95873K, committed 96832K, reserved 1179648K
  class space    used 13424K, committed 13888K, reserved 1048576K
}
Event: 161.497 GC heap before
{Heap before GC invocations=62 (full 0):
 garbage-first heap   total 221184K, used 128446K [0x00000006e0000000, 0x0000000800000000)
  region size 4096K, 2 young (8192K), 1 survivors (4096K)
 Metaspace       used 95873K, committed 96832K, reserved 1179648K
  class space    used 13424K, committed 13888K, reserved 1048576K
}
Event: 161.555 GC heap after
{Heap after GC invocations=63 (full 0):
 garbage-first heap   total 221184K, used 121510K [0x00000006e0000000, 0x0000000800000000)
  region size 4096K, 1 young (4096K), 1 survivors (4096K)
 Metaspace       used 95873K, committed 96832K, reserved 1179648K
  class space    used 13424K, committed 13888K, reserved 1048576K
}
Event: 163.540 GC heap before
{Heap before GC invocations=63 (full 0):
 garbage-first heap   total 221184K, used 166566K [0x00000006e0000000, 0x0000000800000000)
  region size 4096K, 13 young (53248K), 1 survivors (4096K)
 Metaspace       used 95884K, committed 96832K, reserved 1179648K
  class space    used 13425K, committed 13888K, reserved 1048576K
}
Event: 163.620 GC heap after
{Heap after GC invocations=64 (full 0):
 garbage-first heap   total 442368K, used 123517K [0x00000006e0000000, 0x0000000800000000)
  region size 4096K, 1 young (4096K), 1 survivors (4096K)
 Metaspace       used 95884K, committed 96832K, reserved 1179648K
  class space    used 13425K, committed 13888K, reserved 1048576K
}
Event: 196.223 GC heap before
{Heap before GC invocations=65 (full 0):
 garbage-first heap   total 442368K, used 336509K [0x00000006e0000000, 0x0000000800000000)
  region size 4096K, 54 young (221184K), 1 survivors (4096K)
 Metaspace       used 97004K, committed 98048K, reserved 1179648K
  class space    used 13589K, committed 14080K, reserved 1048576K
}
Event: 198.376 GC heap after
{Heap after GC invocations=66 (full 0):
 garbage-first heap   total 442368K, used 142996K [0x00000006e0000000, 0x0000000800000000)
  region size 4096K, 6 young (24576K), 6 survivors (24576K)
 Metaspace       used 97004K, committed 98048K, reserved 1179648K
  class space    used 13589K, committed 14080K, reserved 1048576K
}
Event: 198.697 GC heap before
{Heap before GC invocations=66 (full 0):
 garbage-first heap   total 442368K, used 147092K [0x00000006e0000000, 0x0000000800000000)
  region size 4096K, 7 young (28672K), 6 survivors (24576K)
 Metaspace       used 97004K, committed 98048K, reserved 1179648K
  class space    used 13589K, committed 14080K, reserved 1048576K
}
Event: 200.985 GC heap after
{Heap after GC invocations=67 (full 0):
 garbage-first heap   total 442368K, used 142707K [0x00000006e0000000, 0x0000000800000000)
  region size 4096K, 1 young (4096K), 1 survivors (4096K)
 Metaspace       used 97004K, committed 98048K, reserved 1179648K
  class space    used 13589K, committed 14080K, reserved 1048576K
}
Event: 205.665 GC heap before
{Heap before GC invocations=67 (full 0):
 garbage-first heap   total 442368K, used 154995K [0x00000006e0000000, 0x0000000800000000)
  region size 4096K, 5 young (20480K), 1 survivors (4096K)
 Metaspace       used 97009K, committed 98048K, reserved 1179648K
  class space    used 13589K, committed 14080K, reserved 1048576K
}
Event: 205.674 GC heap after
{Heap after GC invocations=68 (full 0):
 garbage-first heap   total 442368K, used 142991K [0x00000006e0000000, 0x0000000800000000)
  region size 4096K, 1 young (4096K), 1 survivors (4096K)
 Metaspace       used 97009K, committed 98048K, reserved 1179648K
  class space    used 13589K, committed 14080K, reserved 1048576K
}
Event: 205.792 GC heap before
{Heap before GC invocations=68 (full 0):
 garbage-first heap   total 442368K, used 155279K [0x00000006e0000000, 0x0000000800000000)
  region size 4096K, 5 young (20480K), 1 survivors (4096K)
 Metaspace       used 97009K, committed 98048K, reserved 1179648K
  class space    used 13589K, committed 14080K, reserved 1048576K
}
Event: 205.798 GC heap after
{Heap after GC invocations=69 (full 0):
 garbage-first heap   total 442368K, used 143392K [0x00000006e0000000, 0x0000000800000000)
  region size 4096K, 1 young (4096K), 1 survivors (4096K)
 Metaspace       used 97009K, committed 98048K, reserved 1179648K
  class space    used 13589K, committed 14080K, reserved 1048576K
}
Event: 205.913 GC heap before
{Heap before GC invocations=69 (full 0):
 garbage-first heap   total 442368K, used 159776K [0x00000006e0000000, 0x0000000800000000)
  region size 4096K, 5 young (20480K), 1 survivors (4096K)
 Metaspace       used 97009K, committed 98048K, reserved 1179648K
  class space    used 13589K, committed 14080K, reserved 1048576K
}
Event: 205.918 GC heap after
{Heap after GC invocations=70 (full 0):
 garbage-first heap   total 442368K, used 143721K [0x00000006e0000000, 0x0000000800000000)
  region size 4096K, 1 young (4096K), 1 survivors (4096K)
 Metaspace       used 97009K, committed 98048K, reserved 1179648K
  class space    used 13589K, committed 14080K, reserved 1048576K
}

