# JRE version: Java(TM) SE Runtime Environment (17.0.12+8) (build 17.0.12+8-LTS-286)
# Java VM: Java HotSpot(TM) 64-Bit Server VM (17.0.12+8-LTS-286, mixed mode, sharing, tiered, compressed oops, compressed class ptrs, g1 gc, windows-amd64)
GC Precious Log:
 CPUs: 4 total, 4 available
 Memory: 3999M
 Large Page Support: Disabled
 NUMA Support: Disabled
 Compressed Oops: Enabled (32-bit)
 Heap Region Size: 1M
 Heap Min Capacity: 8M
 Heap Initial Capacity: 64M
 Heap Max Capacity: 2G
 Pre-touch: Disabled
 Parallel Workers: 4
 Concurrent Workers: 1
 Concurrent Refinement Workers: 4
 Periodic GC: Disabled
Heap:
 garbage-first heap   total 370688K, used 271139K [0x0000000080000000, 0x0000000100000000)
  region size 1024K, 80 young (81920K), 3 survivors (3072K)
 Metaspace       used 105044K, committed 106240K, reserved 557056K
  class space    used 14697K, committed 15232K, reserved 425984K
GC Heap History (20 events):
Event: 178.002 GC heap before
{Heap before GC invocations=104 (full 0):
 garbage-first heap   total 211968K, used 181888K [0x0000000080000000, 0x0000000100000000)
  region size 1024K, 15 young (15360K), 2 survivors (2048K)
 Metaspace       used 97018K, committed 98048K, reserved 557056K
  class space    used 13586K, committed 14080K, reserved 425984K
}
Event: 178.011 GC heap after
{Heap after GC invocations=105 (full 0):
 garbage-first heap   total 282624K, used 170304K [0x0000000080000000, 0x0000000100000000)
  region size 1024K, 2 young (2048K), 2 survivors (2048K)
 Metaspace       used 97018K, committed 98048K, reserved 557056K
  class space    used 13586K, committed 14080K, reserved 425984K
}
Event: 186.222 GC heap before
{Heap before GC invocations=105 (full 0):
 garbage-first heap   total 282624K, used 234816K [0x0000000080000000, 0x0000000100000000)
  region size 1024K, 63 young (64512K), 2 survivors (2048K)
 Metaspace       used 97641K, committed 98752K, reserved 557056K
  class space    used 13700K, committed 14208K, reserved 425984K
}
Event: 186.286 GC heap after
{Heap after GC invocations=106 (full 0):
 garbage-first heap   total 282624K, used 181782K [0x0000000080000000, 0x0000000100000000)
  region size 1024K, 8 young (8192K), 8 survivors (8192K)
 Metaspace       used 97641K, committed 98752K, reserved 557056K
  class space    used 13700K, committed 14208K, reserved 425984K
}
Event: 194.213 GC heap before
{Heap before GC invocations=106 (full 0):
 garbage-first heap   total 282624K, used 230934K [0x0000000080000000, 0x0000000100000000)
  region size 1024K, 57 young (58368K), 8 survivors (8192K)
 Metaspace       used 99916K, committed 101056K, reserved 557056K
  class space    used 13992K, committed 14528K, reserved 425984K
}
Event: 194.239 GC heap after
{Heap after GC invocations=107 (full 0):
 garbage-first heap   total 282624K, used 186069K [0x0000000080000000, 0x0000000100000000)
  region size 1024K, 5 young (5120K), 5 survivors (5120K)
 Metaspace       used 99916K, committed 101056K, reserved 557056K
  class space    used 13992K, committed 14528K, reserved 425984K
}
Event: 197.594 GC heap before
{Heap before GC invocations=107 (full 0):
 garbage-first heap   total 282624K, used 233173K [0x0000000080000000, 0x0000000100000000)
  region size 1024K, 51 young (52224K), 5 survivors (5120K)
 Metaspace       used 102286K, committed 103424K, reserved 557056K
  class space    used 14355K, committed 14848K, reserved 425984K
}
Event: 197.617 GC heap after
{Heap after GC invocations=108 (full 0):
 garbage-first heap   total 282624K, used 188566K [0x0000000080000000, 0x0000000100000000)
  region size 1024K, 3 young (3072K), 3 survivors (3072K)
 Metaspace       used 102286K, committed 103424K, reserved 557056K
  class space    used 14355K, committed 14848K, reserved 425984K
}
Event: 198.434 GC heap before
{Heap before GC invocations=108 (full 0):
 garbage-first heap   total 282624K, used 198806K [0x0000000080000000, 0x0000000100000000)
  region size 1024K, 14 young (14336K), 3 survivors (3072K)
 Metaspace       used 102873K, committed 104000K, reserved 557056K
  class space    used 14429K, committed 14912K, reserved 425984K
}
Event: 198.447 GC heap after
{Heap after GC invocations=109 (full 0):
 garbage-first heap   total 282624K, used 189020K [0x0000000080000000, 0x0000000100000000)
  region size 1024K, 3 young (3072K), 3 survivors (3072K)
 Metaspace       used 102873K, committed 104000K, reserved 557056K
  class space    used 14429K, committed 14912K, reserved 425984K
}
Event: 202.691 GC heap before
{Heap before GC invocations=110 (full 0):
 garbage-first heap   total 326656K, used 233052K [0x0000000080000000, 0x0000000100000000)
  region size 1024K, 49 young (50176K), 3 survivors (3072K)
 Metaspace       used 104320K, committed 105408K, reserved 557056K
  class space    used 14627K, committed 15168K, reserved 425984K
}
Event: 202.718 GC heap after
{Heap after GC invocations=111 (full 0):
 garbage-first heap   total 326656K, used 191142K [0x0000000080000000, 0x0000000100000000)
  region size 1024K, 7 young (7168K), 7 survivors (7168K)
 Metaspace       used 104320K, committed 105408K, reserved 557056K
  class space    used 14627K, committed 15168K, reserved 425984K
}
Event: 203.004 GC heap before
{Heap before GC invocations=111 (full 0):
 garbage-first heap   total 326656K, used 199334K [0x0000000080000000, 0x0000000100000000)
  region size 1024K, 15 young (15360K), 7 survivors (7168K)
 Metaspace       used 104335K, committed 105472K, reserved 557056K
  class space    used 14629K, committed 15168K, reserved 425984K
}
Event: 203.063 GC heap after
{Heap after GC invocations=112 (full 0):
 garbage-first heap   total 326656K, used 175288K [0x0000000080000000, 0x0000000100000000)
  region size 1024K, 2 young (2048K), 2 survivors (2048K)
 Metaspace       used 104335K, committed 105472K, reserved 557056K
  class space    used 14629K, committed 15168K, reserved 425984K
}
Event: 208.815 GC heap before
{Heap before GC invocations=112 (full 0):
 garbage-first heap   total 326656K, used 273592K [0x0000000080000000, 0x0000000100000000)
  region size 1024K, 99 young (101376K), 2 survivors (2048K)
 Metaspace       used 104619K, committed 105728K, reserved 557056K
  class space    used 14654K, committed 15168K, reserved 425984K
}
Event: 208.900 GC heap after
{Heap after GC invocations=113 (full 0):
 garbage-first heap   total 326656K, used 192000K [0x0000000080000000, 0x0000000100000000)
  region size 1024K, 13 young (13312K), 13 survivors (13312K)
 Metaspace       used 104619K, committed 105728K, reserved 557056K
  class space    used 14654K, committed 15168K, reserved 425984K
}
Event: 213.055 GC heap before
{Heap before GC invocations=114 (full 0):
 garbage-first heap   total 370688K, used 260608K [0x0000000080000000, 0x0000000100000000)
  region size 1024K, 81 young (82944K), 13 survivors (13312K)
 Metaspace       used 104623K, committed 105728K, reserved 557056K
  class space    used 14654K, committed 15168K, reserved 425984K
}
Event: 213.151 GC heap after
{Heap after GC invocations=115 (full 0):
 garbage-first heap   total 370688K, used 195527K [0x0000000080000000, 0x0000000100000000)
  region size 1024K, 5 young (5120K), 5 survivors (5120K)
 Metaspace       used 104623K, committed 105728K, reserved 557056K
  class space    used 14654K, committed 15168K, reserved 425984K
}
Event: 215.334 GC heap before
{Heap before GC invocations=115 (full 0):
 garbage-first heap   total 370688K, used 207815K [0x0000000080000000, 0x0000000100000000)
  region size 1024K, 18 young (18432K), 5 survivors (5120K)
 Metaspace       used 104758K, committed 105920K, reserved 557056K
  class space    used 14668K, committed 15232K, reserved 425984K
}
Event: 215.374 GC heap after
{Heap after GC invocations=116 (full 0):
 garbage-first heap   total 370688K, used 193315K [0x0000000080000000, 0x0000000100000000)
  region size 1024K, 3 young (3072K), 3 survivors (3072K)
 Metaspace       used 104758K, committed 105920K, reserved 557056K
  class space    used 14668K, committed 15232K, reserved 425984K
}

