# JRE version: Java(TM) SE Runtime Environment (17.0.12+8) (build 17.0.12+8-LTS-286)
# Java VM: Java HotSpot(TM) 64-Bit Server VM (17.0.12+8-LTS-286, mixed mode, sharing, tiered, compressed oops, compressed class ptrs, g1 gc, windows-amd64)
GC Precious Log:
 CPUs: 4 total, 4 available
 Memory: 3999M
 Large Page Support: Disabled
 NUMA Support: Disabled
 Compressed Oops: Enabled (Zero based)
 Heap Region Size: 4M
 Heap Min Capacity: 8M
 Heap Initial Capacity: 64M
 Heap Max Capacity: 4608M
 Pre-touch: Disabled
 Parallel Workers: 4
 Concurrent Workers: 1
 Concurrent Refinement Workers: 4
 Periodic GC: Disabled
Heap:
 garbage-first heap   total 2265088K, used 1559237K [0x00000006e0000000, 0x0000000800000000)
  region size 4096K, 5 young (20480K), 3 survivors (12288K)
 Metaspace       used 170198K, committed 177536K, reserved 1245184K
  class space    used 22194K, committed 24832K, reserved 1048576K
GC Heap History (20 events):
Event: 21619.772 GC heap before
{Heap before GC invocations=217 (full 0):
 garbage-first heap   total 2265088K, used 2032343K [0x00000006e0000000, 0x0000000800000000)
  region size 4096K, 27 young (110592K), 3 survivors (12288K)
 Metaspace       used 168090K, committed 172224K, reserved 1245184K
  class space    used 22289K, committed 24256K, reserved 1048576K
}
Event: 21620.146 GC heap after
{Heap after GC invocations=218 (full 0):
 garbage-first heap   total 2265088K, used 1940027K [0x00000006e0000000, 0x0000000800000000)
  region size 4096K, 3 young (12288K), 3 survivors (12288K)
 Metaspace       used 168090K, committed 172224K, reserved 1245184K
  class space    used 22289K, committed 24256K, reserved 1048576K
}
Event: 21637.164 GC heap before
{Heap before GC invocations=218 (full 0):
 garbage-first heap   total 2265088K, used 2038331K [0x00000006e0000000, 0x0000000800000000)
  region size 4096K, 27 young (110592K), 3 survivors (12288K)
 Metaspace       used 168134K, committed 172288K, reserved 1245184K
  class space    used 22289K, committed 24256K, reserved 1048576K
}
Event: 21637.234 GC heap after
{Heap after GC invocations=219 (full 0):
 garbage-first heap   total 2265088K, used 1955509K [0x00000006e0000000, 0x0000000800000000)
  region size 4096K, 4 young (16384K), 4 survivors (16384K)
 Metaspace       used 168134K, committed 172288K, reserved 1245184K
  class space    used 22289K, committed 24256K, reserved 1048576K
}
Event: 21638.765 GC heap before
{Heap before GC invocations=219 (full 0):
 garbage-first heap   total 2265088K, used 2049717K [0x00000006e0000000, 0x0000000800000000)
  region size 4096K, 27 young (110592K), 4 survivors (16384K)
 Metaspace       used 168288K, committed 172416K, reserved 1245184K
  class space    used 22289K, committed 24256K, reserved 1048576K
}
Event: 21638.913 GC heap after
{Heap after GC invocations=220 (full 0):
 garbage-first heap   total 2265088K, used 1976869K [0x00000006e0000000, 0x0000000800000000)
  region size 4096K, 4 young (16384K), 4 survivors (16384K)
 Metaspace       used 168288K, committed 172416K, reserved 1245184K
  class space    used 22289K, committed 24256K, reserved 1048576K
}
Event: 21640.733 GC heap before
{Heap before GC invocations=220 (full 0):
 garbage-first heap   total 2265088K, used 2071077K [0x00000006e0000000, 0x0000000800000000)
  region size 4096K, 27 young (110592K), 4 survivors (16384K)
 Metaspace       used 168304K, committed 172416K, reserved 1245184K
  class space    used 22289K, committed 24256K, reserved 1048576K
}
Event: 21640.806 GC heap after
{Heap after GC invocations=221 (full 0):
 garbage-first heap   total 2265088K, used 1985945K [0x00000006e0000000, 0x0000000800000000)
  region size 4096K, 2 young (8192K), 2 survivors (8192K)
 Metaspace       used 168304K, committed 172416K, reserved 1245184K
  class space    used 22289K, committed 24256K, reserved 1048576K
}
Event: 23156.280 GC heap before
{Heap before GC invocations=221 (full 0):
 garbage-first heap   total 2265088K, used 2084249K [0x00000006e0000000, 0x0000000800000000)
  region size 4096K, 27 young (110592K), 2 survivors (8192K)
 Metaspace       used 168357K, committed 172480K, reserved 1245184K
  class space    used 22289K, committed 24256K, reserved 1048576K
}
Event: 23156.802 GC heap after
{Heap after GC invocations=222 (full 0):
 garbage-first heap   total 2265088K, used 1985945K [0x00000006e0000000, 0x0000000800000000)
  region size 4096K, 2 young (8192K), 2 survivors (8192K)
 Metaspace       used 168357K, committed 172480K, reserved 1245184K
  class space    used 22289K, committed 24256K, reserved 1048576K
}
Event: 23989.526 GC heap before
{Heap before GC invocations=222 (full 0):
 garbage-first heap   total 2265088K, used 2088345K [0x00000006e0000000, 0x0000000800000000)
  region size 4096K, 27 young (110592K), 2 survivors (8192K)
 Metaspace       used 173614K, committed 177792K, reserved 1245184K
  class space    used 22943K, committed 24960K, reserved 1048576K
}
Event: 23989.741 GC heap after
{Heap after GC invocations=223 (full 0):
 garbage-first heap   total 2265088K, used 1995159K [0x00000006e0000000, 0x0000000800000000)
  region size 4096K, 4 young (16384K), 4 survivors (16384K)
 Metaspace       used 173614K, committed 177792K, reserved 1245184K
  class space    used 22943K, committed 24960K, reserved 1048576K
}
Event: 23994.490 GC heap before
{Heap before GC invocations=223 (full 0):
 garbage-first heap   total 2265088K, used 2089367K [0x00000006e0000000, 0x0000000800000000)
  region size 4096K, 27 young (110592K), 4 survivors (16384K)
 Metaspace       used 173703K, committed 177856K, reserved 1245184K
  class space    used 22946K, committed 24960K, reserved 1048576K
}
Event: 23994.578 GC heap after
{Heap after GC invocations=224 (full 0):
 garbage-first heap   total 2265088K, used 2013621K [0x00000006e0000000, 0x0000000800000000)
  region size 4096K, 4 young (16384K), 4 survivors (16384K)
 Metaspace       used 173703K, committed 177856K, reserved 1245184K
  class space    used 22946K, committed 24960K, reserved 1048576K
}
Event: 23996.104 GC heap before
{Heap before GC invocations=224 (full 0):
 garbage-first heap   total 2265088K, used 2107829K [0x00000006e0000000, 0x0000000800000000)
  region size 4096K, 27 young (110592K), 4 survivors (16384K)
 Metaspace       used 173734K, committed 177920K, reserved 1245184K
  class space    used 22948K, committed 24960K, reserved 1048576K
}
Event: 23996.177 GC heap after
{Heap after GC invocations=225 (full 0):
 garbage-first heap   total 2265088K, used 2031616K [0x00000006e0000000, 0x0000000800000000)
  region size 4096K, 4 young (16384K), 4 survivors (16384K)
 Metaspace       used 173734K, committed 177920K, reserved 1245184K
  class space    used 22948K, committed 24960K, reserved 1048576K
}
Event: 23998.838 GC heap before
{Heap before GC invocations=225 (full 0):
 garbage-first heap   total 2265088K, used 2125824K [0x00000006e0000000, 0x0000000800000000)
  region size 4096K, 27 young (110592K), 4 survivors (16384K)
 Metaspace       used 173745K, committed 177920K, reserved 1245184K
  class space    used 22948K, committed 24960K, reserved 1048576K
}
Event: 23998.941 GC heap after
{Heap after GC invocations=226 (full 0):
 garbage-first heap   total 2265088K, used 2038960K [0x00000006e0000000, 0x0000000800000000)
  region size 4096K, 2 young (8192K), 2 survivors (8192K)
 Metaspace       used 173745K, committed 177920K, reserved 1245184K
  class space    used 22948K, committed 24960K, reserved 1048576K
}
Event: 24980.150 GC heap before
{Heap before GC invocations=226 (full 0):
 garbage-first heap   total 2265088K, used 2141360K [0x00000006e0000000, 0x0000000800000000)
  region size 4096K, 27 young (110592K), 2 survivors (8192K)
 Metaspace       used 173775K, committed 177984K, reserved 1245184K
  class space    used 22948K, committed 24960K, reserved 1048576K
}
Event: 24980.504 GC heap after
{Heap after GC invocations=227 (full 0):
 garbage-first heap   total 2265088K, used 2042565K [0x00000006e0000000, 0x0000000800000000)
  region size 4096K, 3 young (12288K), 3 survivors (12288K)
 Metaspace       used 173775K, committed 177984K, reserved 1245184K
  class space    used 22948K, committed 24960K, reserved 1048576K
}

